[2025-05-19T03:46:45.208+0000] {processor.py:186} INFO - Started process (PID=170) to work on /opt/airflow/dags/task.py
[2025-05-19T03:46:45.211+0000] {processor.py:914} INFO - Processing file /opt/airflow/dags/task.py for tasks to queue
[2025-05-19T03:46:45.218+0000] {logging_mixin.py:190} INFO - [2025-05-19T03:46:45.218+0000] {dagbag.py:588} INFO - Filling up the DagBag from /opt/airflow/dags/task.py
[2025-05-19T03:46:52.574+0000] {processor.py:925} INFO - DAG(s) 'update_crypto_latest' retrieved from /opt/airflow/dags/task.py
[2025-05-19T03:46:52.701+0000] {logging_mixin.py:190} INFO - [2025-05-19T03:46:52.699+0000] {dag.py:3239} INFO - Sync 1 DAGs
[2025-05-19T03:46:52.832+0000] {logging_mixin.py:190} INFO - [2025-05-19T03:46:52.831+0000] {dag.py:4180} INFO - Setting next_dagrun for update_crypto_latest to 2025-05-19 00:00:00+00:00, run_after=2025-05-20 00:00:00+00:00
[2025-05-19T03:46:52.913+0000] {processor.py:208} INFO - Processing /opt/airflow/dags/task.py took 7.726 seconds
[2025-05-19T03:47:23.535+0000] {processor.py:186} INFO - Started process (PID=278) to work on /opt/airflow/dags/task.py
[2025-05-19T03:47:23.544+0000] {processor.py:914} INFO - Processing file /opt/airflow/dags/task.py for tasks to queue
[2025-05-19T03:47:23.551+0000] {logging_mixin.py:190} INFO - [2025-05-19T03:47:23.551+0000] {dagbag.py:588} INFO - Filling up the DagBag from /opt/airflow/dags/task.py
[2025-05-19T03:47:31.682+0000] {processor.py:925} INFO - DAG(s) 'update_crypto_latest' retrieved from /opt/airflow/dags/task.py
[2025-05-19T03:47:31.740+0000] {logging_mixin.py:190} INFO - [2025-05-19T03:47:31.739+0000] {dag.py:3239} INFO - Sync 1 DAGs
[2025-05-19T03:47:31.788+0000] {logging_mixin.py:190} INFO - [2025-05-19T03:47:31.788+0000] {dag.py:4180} INFO - Setting next_dagrun for update_crypto_latest to 2025-05-19 00:00:00+00:00, run_after=2025-05-20 00:00:00+00:00
[2025-05-19T03:47:31.822+0000] {processor.py:208} INFO - Processing /opt/airflow/dags/task.py took 8.319 seconds
[2025-05-19T03:48:02.235+0000] {processor.py:186} INFO - Started process (PID=338) to work on /opt/airflow/dags/task.py
[2025-05-19T03:48:02.237+0000] {processor.py:914} INFO - Processing file /opt/airflow/dags/task.py for tasks to queue
[2025-05-19T03:48:02.240+0000] {logging_mixin.py:190} INFO - [2025-05-19T03:48:02.240+0000] {dagbag.py:588} INFO - Filling up the DagBag from /opt/airflow/dags/task.py
[2025-05-19T03:48:04.415+0000] {processor.py:925} INFO - DAG(s) 'update_crypto_latest' retrieved from /opt/airflow/dags/task.py
[2025-05-19T03:48:04.448+0000] {logging_mixin.py:190} INFO - [2025-05-19T03:48:04.448+0000] {dag.py:3239} INFO - Sync 1 DAGs
[2025-05-19T03:48:04.484+0000] {logging_mixin.py:190} INFO - [2025-05-19T03:48:04.483+0000] {dag.py:4180} INFO - Setting next_dagrun for update_crypto_latest to 2025-05-19 00:00:00+00:00, run_after=2025-05-20 00:00:00+00:00
[2025-05-19T03:48:04.534+0000] {processor.py:208} INFO - Processing /opt/airflow/dags/task.py took 2.307 seconds
[2025-05-19T03:48:34.784+0000] {processor.py:186} INFO - Started process (PID=364) to work on /opt/airflow/dags/task.py
[2025-05-19T03:48:34.786+0000] {processor.py:914} INFO - Processing file /opt/airflow/dags/task.py for tasks to queue
[2025-05-19T03:48:34.788+0000] {logging_mixin.py:190} INFO - [2025-05-19T03:48:34.788+0000] {dagbag.py:588} INFO - Filling up the DagBag from /opt/airflow/dags/task.py
[2025-05-19T03:48:37.211+0000] {processor.py:925} INFO - DAG(s) 'update_crypto_latest' retrieved from /opt/airflow/dags/task.py
[2025-05-19T03:48:37.241+0000] {logging_mixin.py:190} INFO - [2025-05-19T03:48:37.240+0000] {dag.py:3239} INFO - Sync 1 DAGs
[2025-05-19T03:48:37.272+0000] {logging_mixin.py:190} INFO - [2025-05-19T03:48:37.272+0000] {dag.py:4180} INFO - Setting next_dagrun for update_crypto_latest to 2025-05-19 00:00:00+00:00, run_after=2025-05-20 00:00:00+00:00
[2025-05-19T03:48:37.317+0000] {processor.py:208} INFO - Processing /opt/airflow/dags/task.py took 2.540 seconds
[2025-05-19T03:49:07.708+0000] {processor.py:186} INFO - Started process (PID=390) to work on /opt/airflow/dags/task.py
[2025-05-19T03:49:07.710+0000] {processor.py:914} INFO - Processing file /opt/airflow/dags/task.py for tasks to queue
[2025-05-19T03:49:07.712+0000] {logging_mixin.py:190} INFO - [2025-05-19T03:49:07.712+0000] {dagbag.py:588} INFO - Filling up the DagBag from /opt/airflow/dags/task.py
[2025-05-19T03:49:09.994+0000] {processor.py:925} INFO - DAG(s) 'update_crypto_latest' retrieved from /opt/airflow/dags/task.py
[2025-05-19T03:49:10.021+0000] {logging_mixin.py:190} INFO - [2025-05-19T03:49:10.021+0000] {dag.py:3239} INFO - Sync 1 DAGs
[2025-05-19T03:49:10.056+0000] {logging_mixin.py:190} INFO - [2025-05-19T03:49:10.055+0000] {dag.py:4180} INFO - Setting next_dagrun for update_crypto_latest to 2025-05-19 00:00:00+00:00, run_after=2025-05-20 00:00:00+00:00
[2025-05-19T03:49:10.083+0000] {processor.py:208} INFO - Processing /opt/airflow/dags/task.py took 2.382 seconds
[2025-05-19T03:49:40.436+0000] {processor.py:186} INFO - Started process (PID=416) to work on /opt/airflow/dags/task.py
[2025-05-19T03:49:40.437+0000] {processor.py:914} INFO - Processing file /opt/airflow/dags/task.py for tasks to queue
[2025-05-19T03:49:40.440+0000] {logging_mixin.py:190} INFO - [2025-05-19T03:49:40.440+0000] {dagbag.py:588} INFO - Filling up the DagBag from /opt/airflow/dags/task.py
[2025-05-19T03:49:42.751+0000] {processor.py:925} INFO - DAG(s) 'update_crypto_latest' retrieved from /opt/airflow/dags/task.py
[2025-05-19T03:49:42.793+0000] {logging_mixin.py:190} INFO - [2025-05-19T03:49:42.792+0000] {dag.py:3239} INFO - Sync 1 DAGs
[2025-05-19T03:49:42.841+0000] {logging_mixin.py:190} INFO - [2025-05-19T03:49:42.841+0000] {dag.py:4180} INFO - Setting next_dagrun for update_crypto_latest to 2025-05-19 00:00:00+00:00, run_after=2025-05-20 00:00:00+00:00
[2025-05-19T03:49:42.885+0000] {processor.py:208} INFO - Processing /opt/airflow/dags/task.py took 2.458 seconds
[2025-05-19T03:50:13.276+0000] {processor.py:186} INFO - Started process (PID=442) to work on /opt/airflow/dags/task.py
[2025-05-19T03:50:13.278+0000] {processor.py:914} INFO - Processing file /opt/airflow/dags/task.py for tasks to queue
[2025-05-19T03:50:13.283+0000] {logging_mixin.py:190} INFO - [2025-05-19T03:50:13.282+0000] {dagbag.py:588} INFO - Filling up the DagBag from /opt/airflow/dags/task.py
[2025-05-19T03:50:17.029+0000] {processor.py:925} INFO - DAG(s) 'update_crypto_latest' retrieved from /opt/airflow/dags/task.py
[2025-05-19T03:50:17.080+0000] {logging_mixin.py:190} INFO - [2025-05-19T03:50:17.079+0000] {dag.py:3239} INFO - Sync 1 DAGs
[2025-05-19T03:50:17.140+0000] {logging_mixin.py:190} INFO - [2025-05-19T03:50:17.140+0000] {dag.py:4180} INFO - Setting next_dagrun for update_crypto_latest to 2025-05-19 00:00:00+00:00, run_after=2025-05-20 00:00:00+00:00
[2025-05-19T03:50:17.183+0000] {processor.py:208} INFO - Processing /opt/airflow/dags/task.py took 3.920 seconds
[2025-05-19T03:50:47.613+0000] {processor.py:186} INFO - Started process (PID=468) to work on /opt/airflow/dags/task.py
[2025-05-19T03:50:47.615+0000] {processor.py:914} INFO - Processing file /opt/airflow/dags/task.py for tasks to queue
[2025-05-19T03:50:47.617+0000] {logging_mixin.py:190} INFO - [2025-05-19T03:50:47.617+0000] {dagbag.py:588} INFO - Filling up the DagBag from /opt/airflow/dags/task.py
[2025-05-19T03:50:50.765+0000] {processor.py:925} INFO - DAG(s) 'update_crypto_latest' retrieved from /opt/airflow/dags/task.py
[2025-05-19T03:50:50.801+0000] {logging_mixin.py:190} INFO - [2025-05-19T03:50:50.800+0000] {dag.py:3239} INFO - Sync 1 DAGs
[2025-05-19T03:50:50.842+0000] {logging_mixin.py:190} INFO - [2025-05-19T03:50:50.841+0000] {dag.py:4180} INFO - Setting next_dagrun for update_crypto_latest to 2025-05-19 00:00:00+00:00, run_after=2025-05-20 00:00:00+00:00
[2025-05-19T03:50:50.873+0000] {processor.py:208} INFO - Processing /opt/airflow/dags/task.py took 3.267 seconds
[2025-05-19T03:51:21.235+0000] {processor.py:186} INFO - Started process (PID=494) to work on /opt/airflow/dags/task.py
[2025-05-19T03:51:21.236+0000] {processor.py:914} INFO - Processing file /opt/airflow/dags/task.py for tasks to queue
[2025-05-19T03:51:21.240+0000] {logging_mixin.py:190} INFO - [2025-05-19T03:51:21.239+0000] {dagbag.py:588} INFO - Filling up the DagBag from /opt/airflow/dags/task.py
[2025-05-19T03:51:24.072+0000] {processor.py:925} INFO - DAG(s) 'update_crypto_latest' retrieved from /opt/airflow/dags/task.py
[2025-05-19T03:51:24.101+0000] {logging_mixin.py:190} INFO - [2025-05-19T03:51:24.100+0000] {dag.py:3239} INFO - Sync 1 DAGs
[2025-05-19T03:51:24.136+0000] {logging_mixin.py:190} INFO - [2025-05-19T03:51:24.135+0000] {dag.py:4180} INFO - Setting next_dagrun for update_crypto_latest to 2025-05-19 00:00:00+00:00, run_after=2025-05-20 00:00:00+00:00
[2025-05-19T03:51:24.166+0000] {processor.py:208} INFO - Processing /opt/airflow/dags/task.py took 2.940 seconds
[2025-05-19T03:51:54.594+0000] {processor.py:186} INFO - Started process (PID=520) to work on /opt/airflow/dags/task.py
[2025-05-19T03:51:54.595+0000] {processor.py:914} INFO - Processing file /opt/airflow/dags/task.py for tasks to queue
[2025-05-19T03:51:54.598+0000] {logging_mixin.py:190} INFO - [2025-05-19T03:51:54.598+0000] {dagbag.py:588} INFO - Filling up the DagBag from /opt/airflow/dags/task.py
[2025-05-19T03:51:57.050+0000] {processor.py:925} INFO - DAG(s) 'update_crypto_latest' retrieved from /opt/airflow/dags/task.py
[2025-05-19T03:51:57.082+0000] {logging_mixin.py:190} INFO - [2025-05-19T03:51:57.081+0000] {dag.py:3239} INFO - Sync 1 DAGs
[2025-05-19T03:51:57.118+0000] {logging_mixin.py:190} INFO - [2025-05-19T03:51:57.118+0000] {dag.py:4180} INFO - Setting next_dagrun for update_crypto_latest to 2025-05-19 00:00:00+00:00, run_after=2025-05-20 00:00:00+00:00
[2025-05-19T03:51:57.164+0000] {processor.py:208} INFO - Processing /opt/airflow/dags/task.py took 2.578 seconds
[2025-05-19T03:52:27.550+0000] {processor.py:186} INFO - Started process (PID=546) to work on /opt/airflow/dags/task.py
[2025-05-19T03:52:27.551+0000] {processor.py:914} INFO - Processing file /opt/airflow/dags/task.py for tasks to queue
[2025-05-19T03:52:27.553+0000] {logging_mixin.py:190} INFO - [2025-05-19T03:52:27.553+0000] {dagbag.py:588} INFO - Filling up the DagBag from /opt/airflow/dags/task.py
[2025-05-19T03:52:29.930+0000] {processor.py:925} INFO - DAG(s) 'update_crypto_latest' retrieved from /opt/airflow/dags/task.py
[2025-05-19T03:52:29.969+0000] {logging_mixin.py:190} INFO - [2025-05-19T03:52:29.965+0000] {dag.py:3239} INFO - Sync 1 DAGs
[2025-05-19T03:52:30.020+0000] {logging_mixin.py:190} INFO - [2025-05-19T03:52:30.019+0000] {dag.py:4180} INFO - Setting next_dagrun for update_crypto_latest to 2025-05-19 00:00:00+00:00, run_after=2025-05-20 00:00:00+00:00
[2025-05-19T03:52:30.076+0000] {processor.py:208} INFO - Processing /opt/airflow/dags/task.py took 2.533 seconds
[2025-05-19T03:53:00.487+0000] {processor.py:186} INFO - Started process (PID=572) to work on /opt/airflow/dags/task.py
[2025-05-19T03:53:00.488+0000] {processor.py:914} INFO - Processing file /opt/airflow/dags/task.py for tasks to queue
[2025-05-19T03:53:00.490+0000] {logging_mixin.py:190} INFO - [2025-05-19T03:53:00.490+0000] {dagbag.py:588} INFO - Filling up the DagBag from /opt/airflow/dags/task.py
[2025-05-19T03:53:03.012+0000] {processor.py:925} INFO - DAG(s) 'update_crypto_latest' retrieved from /opt/airflow/dags/task.py
[2025-05-19T03:53:03.046+0000] {logging_mixin.py:190} INFO - [2025-05-19T03:53:03.045+0000] {dag.py:3239} INFO - Sync 1 DAGs
[2025-05-19T03:53:03.113+0000] {logging_mixin.py:190} INFO - [2025-05-19T03:53:03.112+0000] {dag.py:4180} INFO - Setting next_dagrun for update_crypto_latest to 2025-05-19 00:00:00+00:00, run_after=2025-05-20 00:00:00+00:00
[2025-05-19T03:53:03.171+0000] {processor.py:208} INFO - Processing /opt/airflow/dags/task.py took 2.693 seconds
[2025-05-19T03:53:33.520+0000] {processor.py:186} INFO - Started process (PID=598) to work on /opt/airflow/dags/task.py
[2025-05-19T03:53:33.521+0000] {processor.py:914} INFO - Processing file /opt/airflow/dags/task.py for tasks to queue
[2025-05-19T03:53:33.524+0000] {logging_mixin.py:190} INFO - [2025-05-19T03:53:33.523+0000] {dagbag.py:588} INFO - Filling up the DagBag from /opt/airflow/dags/task.py
[2025-05-19T03:53:35.991+0000] {processor.py:925} INFO - DAG(s) 'update_crypto_latest' retrieved from /opt/airflow/dags/task.py
[2025-05-19T03:53:36.026+0000] {logging_mixin.py:190} INFO - [2025-05-19T03:53:36.026+0000] {dag.py:3239} INFO - Sync 1 DAGs
[2025-05-19T03:53:36.060+0000] {logging_mixin.py:190} INFO - [2025-05-19T03:53:36.059+0000] {dag.py:4180} INFO - Setting next_dagrun for update_crypto_latest to 2025-05-19 00:00:00+00:00, run_after=2025-05-20 00:00:00+00:00
[2025-05-19T03:53:36.107+0000] {processor.py:208} INFO - Processing /opt/airflow/dags/task.py took 2.593 seconds
[2025-05-19T03:54:06.477+0000] {processor.py:186} INFO - Started process (PID=624) to work on /opt/airflow/dags/task.py
[2025-05-19T03:54:06.478+0000] {processor.py:914} INFO - Processing file /opt/airflow/dags/task.py for tasks to queue
[2025-05-19T03:54:06.480+0000] {logging_mixin.py:190} INFO - [2025-05-19T03:54:06.480+0000] {dagbag.py:588} INFO - Filling up the DagBag from /opt/airflow/dags/task.py
[2025-05-19T03:54:08.805+0000] {processor.py:925} INFO - DAG(s) 'update_crypto_latest' retrieved from /opt/airflow/dags/task.py
[2025-05-19T03:54:08.841+0000] {logging_mixin.py:190} INFO - [2025-05-19T03:54:08.839+0000] {dag.py:3239} INFO - Sync 1 DAGs
[2025-05-19T03:54:08.879+0000] {logging_mixin.py:190} INFO - [2025-05-19T03:54:08.879+0000] {dag.py:4180} INFO - Setting next_dagrun for update_crypto_latest to 2025-05-19 00:00:00+00:00, run_after=2025-05-20 00:00:00+00:00
[2025-05-19T03:54:08.945+0000] {processor.py:208} INFO - Processing /opt/airflow/dags/task.py took 2.477 seconds
[2025-05-19T03:54:39.300+0000] {processor.py:186} INFO - Started process (PID=650) to work on /opt/airflow/dags/task.py
[2025-05-19T03:54:39.302+0000] {processor.py:914} INFO - Processing file /opt/airflow/dags/task.py for tasks to queue
[2025-05-19T03:54:39.305+0000] {logging_mixin.py:190} INFO - [2025-05-19T03:54:39.305+0000] {dagbag.py:588} INFO - Filling up the DagBag from /opt/airflow/dags/task.py
[2025-05-19T03:54:43.100+0000] {processor.py:925} INFO - DAG(s) 'update_crypto_latest' retrieved from /opt/airflow/dags/task.py
[2025-05-19T03:54:43.140+0000] {logging_mixin.py:190} INFO - [2025-05-19T03:54:43.139+0000] {dag.py:3239} INFO - Sync 1 DAGs
[2025-05-19T03:54:43.182+0000] {logging_mixin.py:190} INFO - [2025-05-19T03:54:43.182+0000] {dag.py:4180} INFO - Setting next_dagrun for update_crypto_latest to 2025-05-19 00:00:00+00:00, run_after=2025-05-20 00:00:00+00:00
[2025-05-19T03:54:43.220+0000] {processor.py:208} INFO - Processing /opt/airflow/dags/task.py took 3.931 seconds
[2025-05-19T03:55:13.597+0000] {processor.py:186} INFO - Started process (PID=676) to work on /opt/airflow/dags/task.py
[2025-05-19T03:55:13.599+0000] {processor.py:914} INFO - Processing file /opt/airflow/dags/task.py for tasks to queue
[2025-05-19T03:55:13.602+0000] {logging_mixin.py:190} INFO - [2025-05-19T03:55:13.601+0000] {dagbag.py:588} INFO - Filling up the DagBag from /opt/airflow/dags/task.py
[2025-05-19T03:55:16.482+0000] {processor.py:925} INFO - DAG(s) 'update_crypto_latest' retrieved from /opt/airflow/dags/task.py
[2025-05-19T03:55:16.521+0000] {logging_mixin.py:190} INFO - [2025-05-19T03:55:16.520+0000] {dag.py:3239} INFO - Sync 1 DAGs
[2025-05-19T03:55:16.557+0000] {logging_mixin.py:190} INFO - [2025-05-19T03:55:16.556+0000] {dag.py:4180} INFO - Setting next_dagrun for update_crypto_latest to 2025-05-19 00:00:00+00:00, run_after=2025-05-20 00:00:00+00:00
[2025-05-19T03:55:16.582+0000] {processor.py:208} INFO - Processing /opt/airflow/dags/task.py took 2.995 seconds
[2025-05-19T03:55:46.940+0000] {processor.py:186} INFO - Started process (PID=702) to work on /opt/airflow/dags/task.py
[2025-05-19T03:55:46.941+0000] {processor.py:914} INFO - Processing file /opt/airflow/dags/task.py for tasks to queue
[2025-05-19T03:55:46.945+0000] {logging_mixin.py:190} INFO - [2025-05-19T03:55:46.944+0000] {dagbag.py:588} INFO - Filling up the DagBag from /opt/airflow/dags/task.py
[2025-05-19T03:55:50.085+0000] {processor.py:925} INFO - DAG(s) 'update_crypto_latest' retrieved from /opt/airflow/dags/task.py
[2025-05-19T03:55:50.133+0000] {logging_mixin.py:190} INFO - [2025-05-19T03:55:50.131+0000] {dag.py:3239} INFO - Sync 1 DAGs
[2025-05-19T03:55:50.183+0000] {logging_mixin.py:190} INFO - [2025-05-19T03:55:50.182+0000] {dag.py:4180} INFO - Setting next_dagrun for update_crypto_latest to 2025-05-19 00:00:00+00:00, run_after=2025-05-20 00:00:00+00:00
[2025-05-19T03:55:50.219+0000] {processor.py:208} INFO - Processing /opt/airflow/dags/task.py took 3.290 seconds
[2025-05-19T03:56:20.375+0000] {processor.py:186} INFO - Started process (PID=728) to work on /opt/airflow/dags/task.py
[2025-05-19T03:56:20.392+0000] {processor.py:914} INFO - Processing file /opt/airflow/dags/task.py for tasks to queue
[2025-05-19T03:56:20.403+0000] {logging_mixin.py:190} INFO - [2025-05-19T03:56:20.403+0000] {dagbag.py:588} INFO - Filling up the DagBag from /opt/airflow/dags/task.py
[2025-05-19T03:56:23.561+0000] {processor.py:925} INFO - DAG(s) 'update_crypto_latest' retrieved from /opt/airflow/dags/task.py
[2025-05-19T03:56:23.595+0000] {logging_mixin.py:190} INFO - [2025-05-19T03:56:23.595+0000] {dag.py:3239} INFO - Sync 1 DAGs
[2025-05-19T03:56:23.629+0000] {logging_mixin.py:190} INFO - [2025-05-19T03:56:23.629+0000] {dag.py:4180} INFO - Setting next_dagrun for update_crypto_latest to 2025-05-19 00:00:00+00:00, run_after=2025-05-20 00:00:00+00:00
[2025-05-19T03:56:23.673+0000] {processor.py:208} INFO - Processing /opt/airflow/dags/task.py took 3.307 seconds
[2025-05-19T03:56:54.193+0000] {processor.py:186} INFO - Started process (PID=754) to work on /opt/airflow/dags/task.py
[2025-05-19T03:56:54.195+0000] {processor.py:914} INFO - Processing file /opt/airflow/dags/task.py for tasks to queue
[2025-05-19T03:56:54.217+0000] {logging_mixin.py:190} INFO - [2025-05-19T03:56:54.217+0000] {dagbag.py:588} INFO - Filling up the DagBag from /opt/airflow/dags/task.py
[2025-05-19T03:56:56.212+0000] {processor.py:925} INFO - DAG(s) 'update_crypto_latest' retrieved from /opt/airflow/dags/task.py
[2025-05-19T03:56:56.237+0000] {logging_mixin.py:190} INFO - [2025-05-19T03:56:56.237+0000] {dag.py:3239} INFO - Sync 1 DAGs
[2025-05-19T03:56:56.262+0000] {logging_mixin.py:190} INFO - [2025-05-19T03:56:56.262+0000] {dag.py:4180} INFO - Setting next_dagrun for update_crypto_latest to 2025-05-19 00:00:00+00:00, run_after=2025-05-20 00:00:00+00:00
[2025-05-19T03:56:56.301+0000] {processor.py:208} INFO - Processing /opt/airflow/dags/task.py took 2.117 seconds
[2025-05-19T03:57:26.666+0000] {processor.py:186} INFO - Started process (PID=780) to work on /opt/airflow/dags/task.py
[2025-05-19T03:57:26.667+0000] {processor.py:914} INFO - Processing file /opt/airflow/dags/task.py for tasks to queue
[2025-05-19T03:57:26.670+0000] {logging_mixin.py:190} INFO - [2025-05-19T03:57:26.670+0000] {dagbag.py:588} INFO - Filling up the DagBag from /opt/airflow/dags/task.py
[2025-05-19T03:57:28.704+0000] {processor.py:925} INFO - DAG(s) 'update_crypto_latest' retrieved from /opt/airflow/dags/task.py
[2025-05-19T03:57:28.731+0000] {logging_mixin.py:190} INFO - [2025-05-19T03:57:28.731+0000] {dag.py:3239} INFO - Sync 1 DAGs
[2025-05-19T03:57:28.762+0000] {logging_mixin.py:190} INFO - [2025-05-19T03:57:28.761+0000] {dag.py:4180} INFO - Setting next_dagrun for update_crypto_latest to 2025-05-19 00:00:00+00:00, run_after=2025-05-20 00:00:00+00:00
[2025-05-19T03:57:28.783+0000] {processor.py:208} INFO - Processing /opt/airflow/dags/task.py took 2.126 seconds
[2025-05-19T03:57:59.074+0000] {processor.py:186} INFO - Started process (PID=806) to work on /opt/airflow/dags/task.py
[2025-05-19T03:57:59.075+0000] {processor.py:914} INFO - Processing file /opt/airflow/dags/task.py for tasks to queue
[2025-05-19T03:57:59.078+0000] {logging_mixin.py:190} INFO - [2025-05-19T03:57:59.078+0000] {dagbag.py:588} INFO - Filling up the DagBag from /opt/airflow/dags/task.py
[2025-05-19T03:58:03.464+0000] {logging_mixin.py:190} INFO - [2025-05-19T03:58:03.411+0000] {dagbag.py:387} ERROR - Failed to import: /opt/airflow/dags/task.py
Traceback (most recent call last):
  File "/home/airflow/.local/lib/python3.10/site-packages/airflow/models/dagbag.py", line 383, in parse
    loader.exec_module(new_module)
  File "<frozen importlib._bootstrap_external>", line 883, in exec_module
  File "<frozen importlib._bootstrap>", line 241, in _call_with_frames_removed
  File "/opt/airflow/dags/task.py", line 10, in <module>
    from sklearn.preprocessing import MinMaxScaler
  File "/home/airflow/.local/lib/python3.10/site-packages/sklearn/__init__.py", line 73, in <module>
    from .base import clone  # noqa: E402
  File "/home/airflow/.local/lib/python3.10/site-packages/sklearn/base.py", line 19, in <module>
    from .utils._estimator_html_repr import _HTMLDocumentationLinkMixin, estimator_html_repr
  File "/home/airflow/.local/lib/python3.10/site-packages/sklearn/utils/__init__.py", line 15, in <module>
    from ._chunking import gen_batches, gen_even_slices
  File "/home/airflow/.local/lib/python3.10/site-packages/sklearn/utils/_chunking.py", line 11, in <module>
    from ._param_validation import Interval, validate_params
  File "/home/airflow/.local/lib/python3.10/site-packages/sklearn/utils/_param_validation.py", line 17, in <module>
    from .validation import _is_arraylike_not_scalar
  File "/home/airflow/.local/lib/python3.10/site-packages/sklearn/utils/validation.py", line 21, in <module>
    from ..utils._array_api import _asarray_with_order, _is_numpy_namespace, get_namespace
  File "/home/airflow/.local/lib/python3.10/site-packages/sklearn/utils/_array_api.py", line 17, in <module>
    from .fixes import parse_version
  File "/home/airflow/.local/lib/python3.10/site-packages/sklearn/utils/fixes.py", line 17, in <module>
    import scipy.stats
  File "/home/airflow/.local/lib/python3.10/site-packages/scipy/stats/__init__.py", line 624, in <module>
    from ._stats_py import *
  File "/home/airflow/.local/lib/python3.10/site-packages/scipy/stats/_stats_py.py", line 248, in <module>
    def hmean(a, axis=0, dtype=None, *, weights=None):
  File "/home/airflow/.local/lib/python3.10/site-packages/scipy/stats/_axis_nan_policy.py", line 665, in axis_nan_policy_decorator
    doc = FunctionDoc(axis_nan_policy_wrapper)
  File "/home/airflow/.local/lib/python3.10/site-packages/scipy/_lib/_docscrape.py", line 586, in __init__
    doc = inspect.getdoc(func) or ""
  File "/usr/local/lib/python3.10/inspect.py", line 742, in getdoc
    return cleandoc(doc)
  File "/usr/local/lib/python3.10/inspect.py", line -1, in cleandoc
  File "/home/airflow/.local/lib/python3.10/site-packages/airflow/dag_processing/manager.py", line 466, in _exit_gracefully
    self.log.debug("Current Stacktrace is: %s", "\n".join(map(str, inspect.stack())))
  File "/usr/local/lib/python3.10/inspect.py", line 1673, in stack
    return getouterframes(sys._getframe(1), context)
  File "/usr/local/lib/python3.10/inspect.py", line 1650, in getouterframes
    frameinfo = (frame,) + getframeinfo(frame, context)
  File "/usr/local/lib/python3.10/inspect.py", line 1622, in getframeinfo
    start = lineno - 1 - context//2
TypeError: unsupported operand type(s) for -: 'NoneType' and 'int'
[2025-05-19T03:58:03.473+0000] {processor.py:927} WARNING - No viable dags retrieved from /opt/airflow/dags/task.py
[2025-05-19T05:57:31.795+0000] {processor.py:186} INFO - Started process (PID=168) to work on /opt/airflow/dags/task.py
[2025-05-19T05:57:31.798+0000] {processor.py:914} INFO - Processing file /opt/airflow/dags/task.py for tasks to queue
[2025-05-19T05:57:31.803+0000] {logging_mixin.py:190} INFO - [2025-05-19T05:57:31.802+0000] {dagbag.py:588} INFO - Filling up the DagBag from /opt/airflow/dags/task.py
[2025-05-19T05:57:36.520+0000] {processor.py:925} INFO - DAG(s) 'update_crypto_latest' retrieved from /opt/airflow/dags/task.py
[2025-05-19T05:57:36.559+0000] {logging_mixin.py:190} INFO - [2025-05-19T05:57:36.558+0000] {dag.py:3239} INFO - Sync 1 DAGs
[2025-05-19T05:57:36.599+0000] {logging_mixin.py:190} INFO - [2025-05-19T05:57:36.599+0000] {dag.py:4180} INFO - Setting next_dagrun for update_crypto_latest to 2025-05-19 00:00:00+00:00, run_after=2025-05-20 00:00:00+00:00
[2025-05-19T05:57:36.623+0000] {processor.py:208} INFO - Processing /opt/airflow/dags/task.py took 4.843 seconds
[2025-05-19T05:58:06.985+0000] {processor.py:186} INFO - Started process (PID=194) to work on /opt/airflow/dags/task.py
[2025-05-19T05:58:06.987+0000] {processor.py:914} INFO - Processing file /opt/airflow/dags/task.py for tasks to queue
[2025-05-19T05:58:06.994+0000] {logging_mixin.py:190} INFO - [2025-05-19T05:58:06.991+0000] {dagbag.py:588} INFO - Filling up the DagBag from /opt/airflow/dags/task.py
[2025-05-19T05:58:09.442+0000] {processor.py:925} INFO - DAG(s) 'update_crypto_latest' retrieved from /opt/airflow/dags/task.py
[2025-05-19T05:58:09.476+0000] {logging_mixin.py:190} INFO - [2025-05-19T05:58:09.475+0000] {dag.py:3239} INFO - Sync 1 DAGs
[2025-05-19T05:58:09.506+0000] {logging_mixin.py:190} INFO - [2025-05-19T05:58:09.505+0000] {dag.py:4180} INFO - Setting next_dagrun for update_crypto_latest to 2025-05-19 00:00:00+00:00, run_after=2025-05-20 00:00:00+00:00
[2025-05-19T05:58:09.545+0000] {processor.py:208} INFO - Processing /opt/airflow/dags/task.py took 2.569 seconds
[2025-05-19T05:58:35.885+0000] {processor.py:186} INFO - Started process (PID=220) to work on /opt/airflow/dags/task.py
[2025-05-19T05:58:35.887+0000] {processor.py:914} INFO - Processing file /opt/airflow/dags/task.py for tasks to queue
[2025-05-19T05:58:35.896+0000] {logging_mixin.py:190} INFO - [2025-05-19T05:58:35.896+0000] {dagbag.py:588} INFO - Filling up the DagBag from /opt/airflow/dags/task.py
[2025-05-19T05:58:38.853+0000] {processor.py:925} INFO - DAG(s) 'update_crypto_latest' retrieved from /opt/airflow/dags/task.py
[2025-05-19T05:58:38.883+0000] {logging_mixin.py:190} INFO - [2025-05-19T05:58:38.883+0000] {dag.py:3239} INFO - Sync 1 DAGs
[2025-05-19T05:58:38.918+0000] {logging_mixin.py:190} INFO - [2025-05-19T05:58:38.918+0000] {dag.py:4180} INFO - Setting next_dagrun for update_crypto_latest to 2025-05-19 00:00:00+00:00, run_after=2025-05-20 00:00:00+00:00
[2025-05-19T05:58:39.005+0000] {processor.py:208} INFO - Processing /opt/airflow/dags/task.py took 3.129 seconds
[2025-05-19T05:58:40.982+0000] {processor.py:186} INFO - Started process (PID=237) to work on /opt/airflow/dags/task.py
[2025-05-19T05:58:40.983+0000] {processor.py:914} INFO - Processing file /opt/airflow/dags/task.py for tasks to queue
[2025-05-19T05:58:40.987+0000] {logging_mixin.py:190} INFO - [2025-05-19T05:58:40.987+0000] {dagbag.py:588} INFO - Filling up the DagBag from /opt/airflow/dags/task.py
[2025-05-19T05:58:44.408+0000] {processor.py:925} INFO - DAG(s) 'update_crypto_latest' retrieved from /opt/airflow/dags/task.py
[2025-05-19T05:58:44.448+0000] {logging_mixin.py:190} INFO - [2025-05-19T05:58:44.447+0000] {dag.py:3239} INFO - Sync 1 DAGs
[2025-05-19T05:58:44.532+0000] {logging_mixin.py:190} INFO - [2025-05-19T05:58:44.531+0000] {dag.py:4180} INFO - Setting next_dagrun for update_crypto_latest to 2025-05-19 00:00:00+00:00, run_after=2025-05-20 00:00:00+00:00
[2025-05-19T05:58:44.627+0000] {processor.py:208} INFO - Processing /opt/airflow/dags/task.py took 3.658 seconds
[2025-05-19T05:59:15.125+0000] {processor.py:186} INFO - Started process (PID=263) to work on /opt/airflow/dags/task.py
[2025-05-19T05:59:15.134+0000] {processor.py:914} INFO - Processing file /opt/airflow/dags/task.py for tasks to queue
[2025-05-19T05:59:15.153+0000] {logging_mixin.py:190} INFO - [2025-05-19T05:59:15.152+0000] {dagbag.py:588} INFO - Filling up the DagBag from /opt/airflow/dags/task.py
[2025-05-19T05:59:19.971+0000] {processor.py:925} INFO - DAG(s) 'update_crypto_latest' retrieved from /opt/airflow/dags/task.py
[2025-05-19T05:59:20.023+0000] {logging_mixin.py:190} INFO - [2025-05-19T05:59:20.022+0000] {dag.py:3239} INFO - Sync 1 DAGs
[2025-05-19T05:59:20.071+0000] {logging_mixin.py:190} INFO - [2025-05-19T05:59:20.070+0000] {dag.py:4180} INFO - Setting next_dagrun for update_crypto_latest to 2025-05-19 00:00:00+00:00, run_after=2025-05-20 00:00:00+00:00
[2025-05-19T05:59:20.105+0000] {processor.py:208} INFO - Processing /opt/airflow/dags/task.py took 4.997 seconds
[2025-05-19T05:59:51.131+0000] {processor.py:186} INFO - Started process (PID=296) to work on /opt/airflow/dags/task.py
[2025-05-19T05:59:51.133+0000] {processor.py:914} INFO - Processing file /opt/airflow/dags/task.py for tasks to queue
[2025-05-19T05:59:51.139+0000] {logging_mixin.py:190} INFO - [2025-05-19T05:59:51.138+0000] {dagbag.py:588} INFO - Filling up the DagBag from /opt/airflow/dags/task.py
[2025-05-19T05:59:55.296+0000] {processor.py:925} INFO - DAG(s) 'update_crypto_latest' retrieved from /opt/airflow/dags/task.py
[2025-05-19T05:59:55.331+0000] {logging_mixin.py:190} INFO - [2025-05-19T05:59:55.331+0000] {dag.py:3239} INFO - Sync 1 DAGs
[2025-05-19T05:59:55.368+0000] {logging_mixin.py:190} INFO - [2025-05-19T05:59:55.368+0000] {dag.py:4180} INFO - Setting next_dagrun for update_crypto_latest to 2025-05-19 00:00:00+00:00, run_after=2025-05-20 00:00:00+00:00
[2025-05-19T05:59:55.416+0000] {processor.py:208} INFO - Processing /opt/airflow/dags/task.py took 4.308 seconds
[2025-05-19T06:00:25.783+0000] {processor.py:186} INFO - Started process (PID=324) to work on /opt/airflow/dags/task.py
[2025-05-19T06:00:25.784+0000] {processor.py:914} INFO - Processing file /opt/airflow/dags/task.py for tasks to queue
[2025-05-19T06:00:25.786+0000] {logging_mixin.py:190} INFO - [2025-05-19T06:00:25.786+0000] {dagbag.py:588} INFO - Filling up the DagBag from /opt/airflow/dags/task.py
[2025-05-19T06:00:27.941+0000] {processor.py:925} INFO - DAG(s) 'update_crypto_latest' retrieved from /opt/airflow/dags/task.py
[2025-05-19T06:00:27.970+0000] {logging_mixin.py:190} INFO - [2025-05-19T06:00:27.970+0000] {dag.py:3239} INFO - Sync 1 DAGs
[2025-05-19T06:00:28.001+0000] {logging_mixin.py:190} INFO - [2025-05-19T06:00:28.001+0000] {dag.py:4180} INFO - Setting next_dagrun for update_crypto_latest to 2025-05-19 00:00:00+00:00, run_after=2025-05-20 00:00:00+00:00
[2025-05-19T06:00:28.025+0000] {processor.py:208} INFO - Processing /opt/airflow/dags/task.py took 2.249 seconds
[2025-05-19T06:00:35.153+0000] {processor.py:186} INFO - Started process (PID=337) to work on /opt/airflow/dags/task.py
[2025-05-19T06:00:35.154+0000] {processor.py:914} INFO - Processing file /opt/airflow/dags/task.py for tasks to queue
[2025-05-19T06:00:35.156+0000] {logging_mixin.py:190} INFO - [2025-05-19T06:00:35.155+0000] {dagbag.py:588} INFO - Filling up the DagBag from /opt/airflow/dags/task.py
[2025-05-19T06:00:37.027+0000] {processor.py:925} INFO - DAG(s) 'update_crypto_latest' retrieved from /opt/airflow/dags/task.py
[2025-05-19T06:00:37.049+0000] {logging_mixin.py:190} INFO - [2025-05-19T06:00:37.048+0000] {dag.py:3239} INFO - Sync 1 DAGs
[2025-05-19T06:00:37.071+0000] {logging_mixin.py:190} INFO - [2025-05-19T06:00:37.071+0000] {dag.py:4180} INFO - Setting next_dagrun for update_crypto_latest to 2025-05-19 00:00:00+00:00, run_after=2025-05-20 00:00:00+00:00
[2025-05-19T06:00:37.116+0000] {processor.py:208} INFO - Processing /opt/airflow/dags/task.py took 1.970 seconds
[2025-05-19T06:00:44.261+0000] {processor.py:186} INFO - Started process (PID=350) to work on /opt/airflow/dags/task.py
[2025-05-19T06:00:44.263+0000] {processor.py:914} INFO - Processing file /opt/airflow/dags/task.py for tasks to queue
[2025-05-19T06:00:44.265+0000] {logging_mixin.py:190} INFO - [2025-05-19T06:00:44.265+0000] {dagbag.py:588} INFO - Filling up the DagBag from /opt/airflow/dags/task.py
[2025-05-19T06:00:46.575+0000] {processor.py:925} INFO - DAG(s) 'update_crypto_latest' retrieved from /opt/airflow/dags/task.py
[2025-05-19T06:00:46.604+0000] {logging_mixin.py:190} INFO - [2025-05-19T06:00:46.603+0000] {dag.py:3239} INFO - Sync 1 DAGs
[2025-05-19T06:00:46.639+0000] {logging_mixin.py:190} INFO - [2025-05-19T06:00:46.639+0000] {dag.py:4180} INFO - Setting next_dagrun for update_crypto_latest to 2025-05-19 00:00:00+00:00, run_after=2025-05-20 00:00:00+00:00
[2025-05-19T06:00:46.670+0000] {processor.py:208} INFO - Processing /opt/airflow/dags/task.py took 2.416 seconds
[2025-05-19T06:00:52.359+0000] {processor.py:186} INFO - Started process (PID=363) to work on /opt/airflow/dags/task.py
[2025-05-19T06:00:52.361+0000] {processor.py:914} INFO - Processing file /opt/airflow/dags/task.py for tasks to queue
[2025-05-19T06:00:52.366+0000] {logging_mixin.py:190} INFO - [2025-05-19T06:00:52.365+0000] {dagbag.py:588} INFO - Filling up the DagBag from /opt/airflow/dags/task.py
[2025-05-19T06:00:55.245+0000] {processor.py:925} INFO - DAG(s) 'update_crypto_latest' retrieved from /opt/airflow/dags/task.py
[2025-05-19T06:00:55.283+0000] {logging_mixin.py:190} INFO - [2025-05-19T06:00:55.283+0000] {dag.py:3239} INFO - Sync 1 DAGs
[2025-05-19T06:00:55.320+0000] {logging_mixin.py:190} INFO - [2025-05-19T06:00:55.320+0000] {dag.py:4180} INFO - Setting next_dagrun for update_crypto_latest to 2025-05-19 00:00:00+00:00, run_after=2025-05-20 00:00:00+00:00
[2025-05-19T06:00:55.354+0000] {processor.py:208} INFO - Processing /opt/airflow/dags/task.py took 3.004 seconds
[2025-05-19T06:01:06.524+0000] {processor.py:186} INFO - Started process (PID=389) to work on /opt/airflow/dags/task.py
[2025-05-19T06:01:06.526+0000] {processor.py:914} INFO - Processing file /opt/airflow/dags/task.py for tasks to queue
[2025-05-19T06:01:06.528+0000] {logging_mixin.py:190} INFO - [2025-05-19T06:01:06.528+0000] {dagbag.py:588} INFO - Filling up the DagBag from /opt/airflow/dags/task.py
[2025-05-19T06:01:09.217+0000] {processor.py:925} INFO - DAG(s) 'update_crypto_latest' retrieved from /opt/airflow/dags/task.py
[2025-05-19T06:01:09.245+0000] {logging_mixin.py:190} INFO - [2025-05-19T06:01:09.245+0000] {dag.py:3239} INFO - Sync 1 DAGs
[2025-05-19T06:01:09.282+0000] {logging_mixin.py:190} INFO - [2025-05-19T06:01:09.282+0000] {dag.py:4180} INFO - Setting next_dagrun for update_crypto_latest to 2025-05-19 00:00:00+00:00, run_after=2025-05-20 00:00:00+00:00
[2025-05-19T06:01:09.327+0000] {processor.py:208} INFO - Processing /opt/airflow/dags/task.py took 2.811 seconds
[2025-05-19T06:01:09.826+0000] {processor.py:186} INFO - Started process (PID=402) to work on /opt/airflow/dags/task.py
[2025-05-19T06:01:09.827+0000] {processor.py:914} INFO - Processing file /opt/airflow/dags/task.py for tasks to queue
[2025-05-19T06:01:09.830+0000] {logging_mixin.py:190} INFO - [2025-05-19T06:01:09.829+0000] {dagbag.py:588} INFO - Filling up the DagBag from /opt/airflow/dags/task.py
[2025-05-19T06:01:12.235+0000] {processor.py:925} INFO - DAG(s) 'update_crypto_latest' retrieved from /opt/airflow/dags/task.py
[2025-05-19T06:01:12.261+0000] {logging_mixin.py:190} INFO - [2025-05-19T06:01:12.261+0000] {dag.py:3239} INFO - Sync 1 DAGs
[2025-05-19T06:01:12.287+0000] {logging_mixin.py:190} INFO - [2025-05-19T06:01:12.287+0000] {dag.py:4180} INFO - Setting next_dagrun for update_crypto_latest to 2025-05-19 00:00:00+00:00, run_after=2025-05-20 00:00:00+00:00
[2025-05-19T06:01:12.316+0000] {processor.py:208} INFO - Processing /opt/airflow/dags/task.py took 2.499 seconds
[2025-05-19T06:01:12.869+0000] {processor.py:186} INFO - Started process (PID=415) to work on /opt/airflow/dags/task.py
[2025-05-19T06:01:12.870+0000] {processor.py:914} INFO - Processing file /opt/airflow/dags/task.py for tasks to queue
[2025-05-19T06:01:12.873+0000] {logging_mixin.py:190} INFO - [2025-05-19T06:01:12.872+0000] {dagbag.py:588} INFO - Filling up the DagBag from /opt/airflow/dags/task.py
[2025-05-19T06:01:14.992+0000] {processor.py:925} INFO - DAG(s) 'update_crypto_latest' retrieved from /opt/airflow/dags/task.py
[2025-05-19T06:01:15.015+0000] {logging_mixin.py:190} INFO - [2025-05-19T06:01:15.014+0000] {dag.py:3239} INFO - Sync 1 DAGs
[2025-05-19T06:01:15.038+0000] {logging_mixin.py:190} INFO - [2025-05-19T06:01:15.038+0000] {dag.py:4180} INFO - Setting next_dagrun for update_crypto_latest to 2025-05-19 00:00:00+00:00, run_after=2025-05-20 00:00:00+00:00
[2025-05-19T06:01:15.076+0000] {processor.py:208} INFO - Processing /opt/airflow/dags/task.py took 2.215 seconds
[2025-05-19T06:01:16.956+0000] {processor.py:186} INFO - Started process (PID=428) to work on /opt/airflow/dags/task.py
[2025-05-19T06:01:16.957+0000] {processor.py:914} INFO - Processing file /opt/airflow/dags/task.py for tasks to queue
[2025-05-19T06:01:16.960+0000] {logging_mixin.py:190} INFO - [2025-05-19T06:01:16.959+0000] {dagbag.py:588} INFO - Filling up the DagBag from /opt/airflow/dags/task.py
[2025-05-19T06:01:19.488+0000] {processor.py:925} INFO - DAG(s) 'update_crypto_latest' retrieved from /opt/airflow/dags/task.py
[2025-05-19T06:01:19.516+0000] {logging_mixin.py:190} INFO - [2025-05-19T06:01:19.515+0000] {dag.py:3239} INFO - Sync 1 DAGs
[2025-05-19T06:01:19.545+0000] {logging_mixin.py:190} INFO - [2025-05-19T06:01:19.544+0000] {dag.py:4180} INFO - Setting next_dagrun for update_crypto_latest to 2025-05-19 00:00:00+00:00, run_after=2025-05-20 00:00:00+00:00
[2025-05-19T06:01:19.584+0000] {processor.py:208} INFO - Processing /opt/airflow/dags/task.py took 2.635 seconds
[2025-05-19T06:01:31.792+0000] {processor.py:186} INFO - Started process (PID=454) to work on /opt/airflow/dags/task.py
[2025-05-19T06:01:31.793+0000] {processor.py:914} INFO - Processing file /opt/airflow/dags/task.py for tasks to queue
[2025-05-19T06:01:31.796+0000] {logging_mixin.py:190} INFO - [2025-05-19T06:01:31.796+0000] {dagbag.py:588} INFO - Filling up the DagBag from /opt/airflow/dags/task.py
[2025-05-19T06:01:33.677+0000] {processor.py:925} INFO - DAG(s) 'update_crypto_latest' retrieved from /opt/airflow/dags/task.py
[2025-05-19T06:01:33.701+0000] {logging_mixin.py:190} INFO - [2025-05-19T06:01:33.701+0000] {dag.py:3239} INFO - Sync 1 DAGs
[2025-05-19T06:01:33.725+0000] {logging_mixin.py:190} INFO - [2025-05-19T06:01:33.725+0000] {dag.py:4180} INFO - Setting next_dagrun for update_crypto_latest to 2025-05-19 00:00:00+00:00, run_after=2025-05-20 00:00:00+00:00
[2025-05-19T06:01:33.767+0000] {processor.py:208} INFO - Processing /opt/airflow/dags/task.py took 1.983 seconds
[2025-05-19T06:01:52.021+0000] {processor.py:186} INFO - Started process (PID=467) to work on /opt/airflow/dags/task.py
[2025-05-19T06:01:52.022+0000] {processor.py:914} INFO - Processing file /opt/airflow/dags/task.py for tasks to queue
[2025-05-19T06:01:52.025+0000] {logging_mixin.py:190} INFO - [2025-05-19T06:01:52.024+0000] {dagbag.py:588} INFO - Filling up the DagBag from /opt/airflow/dags/task.py
[2025-05-19T06:01:53.988+0000] {processor.py:925} INFO - DAG(s) 'update_crypto_latest' retrieved from /opt/airflow/dags/task.py
[2025-05-19T06:01:54.017+0000] {logging_mixin.py:190} INFO - [2025-05-19T06:01:54.017+0000] {dag.py:3239} INFO - Sync 1 DAGs
[2025-05-19T06:01:54.049+0000] {logging_mixin.py:190} INFO - [2025-05-19T06:01:54.049+0000] {dag.py:4180} INFO - Setting next_dagrun for update_crypto_latest to 2025-05-19 00:00:00+00:00, run_after=2025-05-20 00:00:00+00:00
[2025-05-19T06:01:54.073+0000] {processor.py:208} INFO - Processing /opt/airflow/dags/task.py took 2.058 seconds
[2025-05-19T06:02:01.136+0000] {processor.py:186} INFO - Started process (PID=484) to work on /opt/airflow/dags/task.py
[2025-05-19T06:02:01.138+0000] {processor.py:914} INFO - Processing file /opt/airflow/dags/task.py for tasks to queue
[2025-05-19T06:02:01.141+0000] {logging_mixin.py:190} INFO - [2025-05-19T06:02:01.141+0000] {dagbag.py:588} INFO - Filling up the DagBag from /opt/airflow/dags/task.py
[2025-05-19T06:02:03.385+0000] {processor.py:925} INFO - DAG(s) 'update_crypto_latest' retrieved from /opt/airflow/dags/task.py
[2025-05-19T06:02:03.411+0000] {logging_mixin.py:190} INFO - [2025-05-19T06:02:03.410+0000] {dag.py:3239} INFO - Sync 1 DAGs
[2025-05-19T06:02:03.439+0000] {logging_mixin.py:190} INFO - [2025-05-19T06:02:03.439+0000] {dag.py:4180} INFO - Setting next_dagrun for update_crypto_latest to 2025-05-19 00:00:00+00:00, run_after=2025-05-20 00:00:00+00:00
[2025-05-19T06:02:03.466+0000] {processor.py:208} INFO - Processing /opt/airflow/dags/task.py took 2.339 seconds
[2025-05-19T06:02:18.576+0000] {processor.py:186} INFO - Started process (PID=506) to work on /opt/airflow/dags/task.py
[2025-05-19T06:02:18.577+0000] {processor.py:914} INFO - Processing file /opt/airflow/dags/task.py for tasks to queue
[2025-05-19T06:02:18.580+0000] {logging_mixin.py:190} INFO - [2025-05-19T06:02:18.579+0000] {dagbag.py:588} INFO - Filling up the DagBag from /opt/airflow/dags/task.py
[2025-05-19T06:02:20.581+0000] {processor.py:925} INFO - DAG(s) 'update_crypto_latest' retrieved from /opt/airflow/dags/task.py
[2025-05-19T06:02:20.604+0000] {logging_mixin.py:190} INFO - [2025-05-19T06:02:20.604+0000] {dag.py:3239} INFO - Sync 1 DAGs
[2025-05-19T06:02:20.631+0000] {logging_mixin.py:190} INFO - [2025-05-19T06:02:20.631+0000] {dag.py:4180} INFO - Setting next_dagrun for update_crypto_latest to 2025-05-19 00:00:00+00:00, run_after=2025-05-20 00:00:00+00:00
[2025-05-19T06:02:20.657+0000] {processor.py:208} INFO - Processing /opt/airflow/dags/task.py took 2.089 seconds
[2025-05-19T06:02:23.723+0000] {processor.py:186} INFO - Started process (PID=519) to work on /opt/airflow/dags/task.py
[2025-05-19T06:02:23.724+0000] {processor.py:914} INFO - Processing file /opt/airflow/dags/task.py for tasks to queue
[2025-05-19T06:02:23.726+0000] {logging_mixin.py:190} INFO - [2025-05-19T06:02:23.726+0000] {dagbag.py:588} INFO - Filling up the DagBag from /opt/airflow/dags/task.py
[2025-05-19T06:02:26.110+0000] {processor.py:925} INFO - DAG(s) 'update_crypto_latest' retrieved from /opt/airflow/dags/task.py
[2025-05-19T06:02:26.140+0000] {logging_mixin.py:190} INFO - [2025-05-19T06:02:26.139+0000] {dag.py:3239} INFO - Sync 1 DAGs
[2025-05-19T06:02:26.172+0000] {logging_mixin.py:190} INFO - [2025-05-19T06:02:26.172+0000] {dag.py:4180} INFO - Setting next_dagrun for update_crypto_latest to 2025-05-19 00:00:00+00:00, run_after=2025-05-20 00:00:00+00:00
[2025-05-19T06:02:26.203+0000] {processor.py:208} INFO - Processing /opt/airflow/dags/task.py took 2.487 seconds
[2025-05-19T06:02:56.595+0000] {processor.py:186} INFO - Started process (PID=577) to work on /opt/airflow/dags/task.py
[2025-05-19T06:02:56.597+0000] {processor.py:914} INFO - Processing file /opt/airflow/dags/task.py for tasks to queue
[2025-05-19T06:02:56.600+0000] {logging_mixin.py:190} INFO - [2025-05-19T06:02:56.600+0000] {dagbag.py:588} INFO - Filling up the DagBag from /opt/airflow/dags/task.py
[2025-05-19T06:02:59.877+0000] {processor.py:925} INFO - DAG(s) 'update_crypto_latest' retrieved from /opt/airflow/dags/task.py
[2025-05-19T06:02:59.910+0000] {logging_mixin.py:190} INFO - [2025-05-19T06:02:59.910+0000] {dag.py:3239} INFO - Sync 1 DAGs
[2025-05-19T06:02:59.947+0000] {logging_mixin.py:190} INFO - [2025-05-19T06:02:59.946+0000] {dag.py:4180} INFO - Setting next_dagrun for update_crypto_latest to 2025-05-19 00:00:00+00:00, run_after=2025-05-20 00:00:00+00:00
[2025-05-19T06:03:00.011+0000] {processor.py:208} INFO - Processing /opt/airflow/dags/task.py took 3.426 seconds
[2025-05-19T06:03:30.454+0000] {processor.py:186} INFO - Started process (PID=646) to work on /opt/airflow/dags/task.py
[2025-05-19T06:03:30.455+0000] {processor.py:914} INFO - Processing file /opt/airflow/dags/task.py for tasks to queue
[2025-05-19T06:03:30.458+0000] {logging_mixin.py:190} INFO - [2025-05-19T06:03:30.457+0000] {dagbag.py:588} INFO - Filling up the DagBag from /opt/airflow/dags/task.py
[2025-05-19T06:03:32.702+0000] {processor.py:925} INFO - DAG(s) 'update_crypto_latest' retrieved from /opt/airflow/dags/task.py
[2025-05-19T06:03:32.752+0000] {logging_mixin.py:190} INFO - [2025-05-19T06:03:32.751+0000] {dag.py:3239} INFO - Sync 1 DAGs
[2025-05-19T06:03:32.789+0000] {logging_mixin.py:190} INFO - [2025-05-19T06:03:32.788+0000] {dag.py:4180} INFO - Setting next_dagrun for update_crypto_latest to 2025-05-19 00:00:00+00:00, run_after=2025-05-20 00:00:00+00:00
[2025-05-19T06:03:32.818+0000] {processor.py:208} INFO - Processing /opt/airflow/dags/task.py took 2.370 seconds
[2025-05-19T06:04:03.236+0000] {processor.py:186} INFO - Started process (PID=672) to work on /opt/airflow/dags/task.py
[2025-05-19T06:04:03.237+0000] {processor.py:914} INFO - Processing file /opt/airflow/dags/task.py for tasks to queue
[2025-05-19T06:04:03.240+0000] {logging_mixin.py:190} INFO - [2025-05-19T06:04:03.239+0000] {dagbag.py:588} INFO - Filling up the DagBag from /opt/airflow/dags/task.py
[2025-05-19T06:04:05.083+0000] {processor.py:925} INFO - DAG(s) 'update_crypto_latest' retrieved from /opt/airflow/dags/task.py
[2025-05-19T06:04:05.106+0000] {logging_mixin.py:190} INFO - [2025-05-19T06:04:05.106+0000] {dag.py:3239} INFO - Sync 1 DAGs
[2025-05-19T06:04:05.132+0000] {logging_mixin.py:190} INFO - [2025-05-19T06:04:05.132+0000] {dag.py:4180} INFO - Setting next_dagrun for update_crypto_latest to 2025-05-19 00:00:00+00:00, run_after=2025-05-20 00:00:00+00:00
[2025-05-19T06:04:05.154+0000] {processor.py:208} INFO - Processing /opt/airflow/dags/task.py took 1.923 seconds
[2025-05-19T06:04:07.262+0000] {processor.py:186} INFO - Started process (PID=696) to work on /opt/airflow/dags/task.py
[2025-05-19T06:04:07.264+0000] {processor.py:914} INFO - Processing file /opt/airflow/dags/task.py for tasks to queue
[2025-05-19T06:04:07.270+0000] {logging_mixin.py:190} INFO - [2025-05-19T06:04:07.269+0000] {dagbag.py:588} INFO - Filling up the DagBag from /opt/airflow/dags/task.py
[2025-05-19T06:04:09.603+0000] {processor.py:925} INFO - DAG(s) 'update_crypto_latest' retrieved from /opt/airflow/dags/task.py
[2025-05-19T06:04:09.635+0000] {logging_mixin.py:190} INFO - [2025-05-19T06:04:09.635+0000] {dag.py:3239} INFO - Sync 1 DAGs
[2025-05-19T06:04:09.658+0000] {logging_mixin.py:190} INFO - [2025-05-19T06:04:09.658+0000] {dag.py:4180} INFO - Setting next_dagrun for update_crypto_latest to 2025-05-19 00:00:00+00:00, run_after=2025-05-20 00:00:00+00:00
[2025-05-19T06:04:09.684+0000] {processor.py:208} INFO - Processing /opt/airflow/dags/task.py took 2.440 seconds
[2025-05-19T06:04:36.563+0000] {processor.py:186} INFO - Started process (PID=711) to work on /opt/airflow/dags/task.py
[2025-05-19T06:04:36.565+0000] {processor.py:914} INFO - Processing file /opt/airflow/dags/task.py for tasks to queue
[2025-05-19T06:04:36.567+0000] {logging_mixin.py:190} INFO - [2025-05-19T06:04:36.567+0000] {dagbag.py:588} INFO - Filling up the DagBag from /opt/airflow/dags/task.py
[2025-05-19T06:04:38.988+0000] {processor.py:925} INFO - DAG(s) 'update_crypto_latest' retrieved from /opt/airflow/dags/task.py
[2025-05-19T06:04:39.027+0000] {logging_mixin.py:190} INFO - [2025-05-19T06:04:39.026+0000] {dag.py:3239} INFO - Sync 1 DAGs
[2025-05-19T06:04:39.066+0000] {logging_mixin.py:190} INFO - [2025-05-19T06:04:39.066+0000] {dag.py:4180} INFO - Setting next_dagrun for update_crypto_latest to 2025-05-19 00:00:00+00:00, run_after=2025-05-20 00:00:00+00:00
[2025-05-19T06:04:39.100+0000] {processor.py:208} INFO - Processing /opt/airflow/dags/task.py took 2.546 seconds
[2025-05-19T06:04:44.775+0000] {processor.py:186} INFO - Started process (PID=737) to work on /opt/airflow/dags/task.py
[2025-05-19T06:04:44.776+0000] {processor.py:914} INFO - Processing file /opt/airflow/dags/task.py for tasks to queue
[2025-05-19T06:04:44.779+0000] {logging_mixin.py:190} INFO - [2025-05-19T06:04:44.778+0000] {dagbag.py:588} INFO - Filling up the DagBag from /opt/airflow/dags/task.py
[2025-05-19T06:04:46.880+0000] {logging_mixin.py:190} INFO - [2025-05-19T06:04:46.854+0000] {dagbag.py:387} ERROR - Failed to import: /opt/airflow/dags/task.py
Traceback (most recent call last):
  File "/home/airflow/.local/lib/python3.10/site-packages/airflow/models/dagbag.py", line 383, in parse
    loader.exec_module(new_module)
  File "<frozen importlib._bootstrap_external>", line 883, in exec_module
  File "<frozen importlib._bootstrap>", line 241, in _call_with_frames_removed
  File "/opt/airflow/dags/task.py", line 18, in <module>
    short_names = [t.replace("-USD", "") for t in tickers].s
AttributeError: 'list' object has no attribute 's'
[2025-05-19T06:04:46.883+0000] {processor.py:927} WARNING - No viable dags retrieved from /opt/airflow/dags/task.py
[2025-05-19T06:04:46.906+0000] {processor.py:208} INFO - Processing /opt/airflow/dags/task.py took 2.137 seconds
[2025-05-19T06:04:47.830+0000] {processor.py:186} INFO - Started process (PID=750) to work on /opt/airflow/dags/task.py
[2025-05-19T06:04:47.832+0000] {processor.py:914} INFO - Processing file /opt/airflow/dags/task.py for tasks to queue
[2025-05-19T06:04:47.835+0000] {logging_mixin.py:190} INFO - [2025-05-19T06:04:47.835+0000] {dagbag.py:588} INFO - Filling up the DagBag from /opt/airflow/dags/task.py
[2025-05-19T06:04:50.356+0000] {processor.py:925} INFO - DAG(s) 'update_crypto_latest' retrieved from /opt/airflow/dags/task.py
[2025-05-19T06:04:50.387+0000] {logging_mixin.py:190} INFO - [2025-05-19T06:04:50.387+0000] {dag.py:3239} INFO - Sync 1 DAGs
[2025-05-19T06:04:50.434+0000] {logging_mixin.py:190} INFO - [2025-05-19T06:04:50.434+0000] {dag.py:4180} INFO - Setting next_dagrun for update_crypto_latest to 2025-05-19 00:00:00+00:00, run_after=2025-05-20 00:00:00+00:00
[2025-05-19T06:04:50.495+0000] {processor.py:208} INFO - Processing /opt/airflow/dags/task.py took 2.676 seconds
[2025-05-19T06:04:52.036+0000] {processor.py:186} INFO - Started process (PID=763) to work on /opt/airflow/dags/task.py
[2025-05-19T06:04:52.038+0000] {processor.py:914} INFO - Processing file /opt/airflow/dags/task.py for tasks to queue
[2025-05-19T06:04:52.041+0000] {logging_mixin.py:190} INFO - [2025-05-19T06:04:52.041+0000] {dagbag.py:588} INFO - Filling up the DagBag from /opt/airflow/dags/task.py
[2025-05-19T06:04:54.518+0000] {logging_mixin.py:190} INFO - [2025-05-19T06:04:54.495+0000] {dagbag.py:387} ERROR - Failed to import: /opt/airflow/dags/task.py
Traceback (most recent call last):
  File "/home/airflow/.local/lib/python3.10/site-packages/airflow/models/dagbag.py", line 383, in parse
    loader.exec_module(new_module)
  File "<frozen importlib._bootstrap_external>", line 883, in exec_module
  File "<frozen importlib._bootstrap>", line 241, in _call_with_frames_removed
  File "/opt/airflow/dags/task.py", line 18, in <module>
    short_names = sorted([t.replace("-USD", "") for t in tickers])
NameError: name 'sot' is not defined. Did you mean: 'set'?
[2025-05-19T06:04:54.522+0000] {processor.py:927} WARNING - No viable dags retrieved from /opt/airflow/dags/task.py
[2025-05-19T06:04:54.543+0000] {processor.py:208} INFO - Processing /opt/airflow/dags/task.py took 2.516 seconds
[2025-05-19T06:05:24.891+0000] {processor.py:186} INFO - Started process (PID=789) to work on /opt/airflow/dags/task.py
[2025-05-19T06:05:24.893+0000] {processor.py:914} INFO - Processing file /opt/airflow/dags/task.py for tasks to queue
[2025-05-19T06:05:24.896+0000] {logging_mixin.py:190} INFO - [2025-05-19T06:05:24.895+0000] {dagbag.py:588} INFO - Filling up the DagBag from /opt/airflow/dags/task.py
[2025-05-19T06:05:27.761+0000] {processor.py:925} INFO - DAG(s) 'update_crypto_latest' retrieved from /opt/airflow/dags/task.py
[2025-05-19T06:05:27.801+0000] {logging_mixin.py:190} INFO - [2025-05-19T06:05:27.800+0000] {dag.py:3239} INFO - Sync 1 DAGs
[2025-05-19T06:05:27.855+0000] {logging_mixin.py:190} INFO - [2025-05-19T06:05:27.854+0000] {dag.py:4180} INFO - Setting next_dagrun for update_crypto_latest to 2025-05-19 00:00:00+00:00, run_after=2025-05-20 00:00:00+00:00
[2025-05-19T06:05:27.892+0000] {processor.py:208} INFO - Processing /opt/airflow/dags/task.py took 3.012 seconds
[2025-05-19T06:05:58.063+0000] {processor.py:186} INFO - Started process (PID=890) to work on /opt/airflow/dags/task.py
[2025-05-19T06:05:58.067+0000] {processor.py:914} INFO - Processing file /opt/airflow/dags/task.py for tasks to queue
[2025-05-19T06:05:58.071+0000] {logging_mixin.py:190} INFO - [2025-05-19T06:05:58.071+0000] {dagbag.py:588} INFO - Filling up the DagBag from /opt/airflow/dags/task.py
[2025-05-19T06:06:01.070+0000] {processor.py:925} INFO - DAG(s) 'update_crypto_latest' retrieved from /opt/airflow/dags/task.py
[2025-05-19T06:06:01.103+0000] {logging_mixin.py:190} INFO - [2025-05-19T06:06:01.102+0000] {dag.py:3239} INFO - Sync 1 DAGs
[2025-05-19T06:06:01.141+0000] {logging_mixin.py:190} INFO - [2025-05-19T06:06:01.141+0000] {dag.py:4180} INFO - Setting next_dagrun for update_crypto_latest to 2025-05-19 00:00:00+00:00, run_after=2025-05-20 00:00:00+00:00
[2025-05-19T06:06:01.174+0000] {processor.py:208} INFO - Processing /opt/airflow/dags/task.py took 3.108 seconds
[2025-05-19T06:06:16.312+0000] {processor.py:186} INFO - Started process (PID=903) to work on /opt/airflow/dags/task.py
[2025-05-19T06:06:16.313+0000] {processor.py:914} INFO - Processing file /opt/airflow/dags/task.py for tasks to queue
[2025-05-19T06:06:16.316+0000] {logging_mixin.py:190} INFO - [2025-05-19T06:06:16.316+0000] {dagbag.py:588} INFO - Filling up the DagBag from /opt/airflow/dags/task.py
[2025-05-19T06:06:19.521+0000] {processor.py:925} INFO - DAG(s) 'update_crypto_latest' retrieved from /opt/airflow/dags/task.py
[2025-05-19T06:06:19.605+0000] {logging_mixin.py:190} INFO - [2025-05-19T06:06:19.603+0000] {dag.py:3239} INFO - Sync 1 DAGs
[2025-05-19T06:06:19.667+0000] {logging_mixin.py:190} INFO - [2025-05-19T06:06:19.666+0000] {dag.py:4180} INFO - Setting next_dagrun for update_crypto_latest to 2025-05-19 00:00:00+00:00, run_after=2025-05-20 00:00:00+00:00
[2025-05-19T06:06:19.711+0000] {processor.py:208} INFO - Processing /opt/airflow/dags/task.py took 3.407 seconds
[2025-05-19T06:06:50.053+0000] {processor.py:186} INFO - Started process (PID=929) to work on /opt/airflow/dags/task.py
[2025-05-19T06:06:50.054+0000] {processor.py:914} INFO - Processing file /opt/airflow/dags/task.py for tasks to queue
[2025-05-19T06:06:50.057+0000] {logging_mixin.py:190} INFO - [2025-05-19T06:06:50.056+0000] {dagbag.py:588} INFO - Filling up the DagBag from /opt/airflow/dags/task.py
[2025-05-19T06:06:52.553+0000] {processor.py:925} INFO - DAG(s) 'update_crypto_latest' retrieved from /opt/airflow/dags/task.py
[2025-05-19T06:06:52.592+0000] {logging_mixin.py:190} INFO - [2025-05-19T06:06:52.591+0000] {dag.py:3239} INFO - Sync 1 DAGs
[2025-05-19T06:06:52.635+0000] {logging_mixin.py:190} INFO - [2025-05-19T06:06:52.635+0000] {dag.py:4180} INFO - Setting next_dagrun for update_crypto_latest to 2025-05-19 00:00:00+00:00, run_after=2025-05-20 00:00:00+00:00
[2025-05-19T06:06:52.658+0000] {processor.py:208} INFO - Processing /opt/airflow/dags/task.py took 2.612 seconds
[2025-05-19T06:06:54.226+0000] {processor.py:186} INFO - Started process (PID=953) to work on /opt/airflow/dags/task.py
[2025-05-19T06:06:54.227+0000] {processor.py:914} INFO - Processing file /opt/airflow/dags/task.py for tasks to queue
[2025-05-19T06:06:54.230+0000] {logging_mixin.py:190} INFO - [2025-05-19T06:06:54.229+0000] {dagbag.py:588} INFO - Filling up the DagBag from /opt/airflow/dags/task.py
[2025-05-19T06:06:56.342+0000] {processor.py:925} INFO - DAG(s) 'update_crypto_latest' retrieved from /opt/airflow/dags/task.py
[2025-05-19T06:06:56.371+0000] {logging_mixin.py:190} INFO - [2025-05-19T06:06:56.370+0000] {dag.py:3239} INFO - Sync 1 DAGs
[2025-05-19T06:06:56.398+0000] {logging_mixin.py:190} INFO - [2025-05-19T06:06:56.397+0000] {dag.py:4180} INFO - Setting next_dagrun for update_crypto_latest to 2025-05-19 00:00:00+00:00, run_after=2025-05-20 00:00:00+00:00
[2025-05-19T06:06:56.446+0000] {processor.py:208} INFO - Processing /opt/airflow/dags/task.py took 2.229 seconds
[2025-05-19T06:07:01.081+0000] {processor.py:186} INFO - Started process (PID=968) to work on /opt/airflow/dags/task.py
[2025-05-19T06:07:01.083+0000] {processor.py:914} INFO - Processing file /opt/airflow/dags/task.py for tasks to queue
[2025-05-19T06:07:01.088+0000] {logging_mixin.py:190} INFO - [2025-05-19T06:07:01.087+0000] {dagbag.py:588} INFO - Filling up the DagBag from /opt/airflow/dags/task.py
[2025-05-19T06:07:03.089+0000] {processor.py:925} INFO - DAG(s) 'update_crypto_latest' retrieved from /opt/airflow/dags/task.py
[2025-05-19T06:07:03.114+0000] {logging_mixin.py:190} INFO - [2025-05-19T06:07:03.114+0000] {dag.py:3239} INFO - Sync 1 DAGs
[2025-05-19T06:07:03.139+0000] {logging_mixin.py:190} INFO - [2025-05-19T06:07:03.139+0000] {dag.py:4180} INFO - Setting next_dagrun for update_crypto_latest to 2025-05-19 00:00:00+00:00, run_after=2025-05-20 00:00:00+00:00
[2025-05-19T06:07:03.179+0000] {processor.py:208} INFO - Processing /opt/airflow/dags/task.py took 2.108 seconds
[2025-05-19T06:07:08.148+0000] {processor.py:186} INFO - Started process (PID=981) to work on /opt/airflow/dags/task.py
[2025-05-19T06:07:08.150+0000] {processor.py:914} INFO - Processing file /opt/airflow/dags/task.py for tasks to queue
[2025-05-19T06:07:08.153+0000] {logging_mixin.py:190} INFO - [2025-05-19T06:07:08.152+0000] {dagbag.py:588} INFO - Filling up the DagBag from /opt/airflow/dags/task.py
[2025-05-19T06:07:10.308+0000] {processor.py:925} INFO - DAG(s) 'update_crypto_latest' retrieved from /opt/airflow/dags/task.py
[2025-05-19T06:07:10.343+0000] {logging_mixin.py:190} INFO - [2025-05-19T06:07:10.342+0000] {dag.py:3239} INFO - Sync 1 DAGs
[2025-05-19T06:07:10.402+0000] {logging_mixin.py:190} INFO - [2025-05-19T06:07:10.401+0000] {dag.py:4180} INFO - Setting next_dagrun for update_crypto_latest to 2025-05-19 00:00:00+00:00, run_after=2025-05-20 00:00:00+00:00
[2025-05-19T06:07:10.432+0000] {processor.py:208} INFO - Processing /opt/airflow/dags/task.py took 2.291 seconds
[2025-05-19T06:07:11.316+0000] {processor.py:186} INFO - Started process (PID=994) to work on /opt/airflow/dags/task.py
[2025-05-19T06:07:11.317+0000] {processor.py:914} INFO - Processing file /opt/airflow/dags/task.py for tasks to queue
[2025-05-19T06:07:11.319+0000] {logging_mixin.py:190} INFO - [2025-05-19T06:07:11.319+0000] {dagbag.py:588} INFO - Filling up the DagBag from /opt/airflow/dags/task.py
[2025-05-19T06:07:14.071+0000] {processor.py:925} INFO - DAG(s) 'update_crypto_latest' retrieved from /opt/airflow/dags/task.py
[2025-05-19T06:07:14.115+0000] {logging_mixin.py:190} INFO - [2025-05-19T06:07:14.114+0000] {dag.py:3239} INFO - Sync 1 DAGs
[2025-05-19T06:07:14.170+0000] {logging_mixin.py:190} INFO - [2025-05-19T06:07:14.170+0000] {dag.py:4180} INFO - Setting next_dagrun for update_crypto_latest to 2025-05-19 00:00:00+00:00, run_after=2025-05-20 00:00:00+00:00
[2025-05-19T06:07:14.236+0000] {processor.py:208} INFO - Processing /opt/airflow/dags/task.py took 2.927 seconds
[2025-05-19T06:07:15.331+0000] {processor.py:186} INFO - Started process (PID=1007) to work on /opt/airflow/dags/task.py
[2025-05-19T06:07:15.332+0000] {processor.py:914} INFO - Processing file /opt/airflow/dags/task.py for tasks to queue
[2025-05-19T06:07:15.335+0000] {logging_mixin.py:190} INFO - [2025-05-19T06:07:15.335+0000] {dagbag.py:588} INFO - Filling up the DagBag from /opt/airflow/dags/task.py
[2025-05-19T06:07:15.362+0000] {logging_mixin.py:190} INFO - [2025-05-19T06:07:15.361+0000] {dagbag.py:387} ERROR - Failed to import: /opt/airflow/dags/task.py
Traceback (most recent call last):
  File "/home/airflow/.local/lib/python3.10/site-packages/airflow/models/dagbag.py", line 383, in parse
    loader.exec_module(new_module)
  File "<frozen importlib._bootstrap_external>", line 879, in exec_module
  File "<frozen importlib._bootstrap_external>", line 1017, in get_code
  File "<frozen importlib._bootstrap_external>", line 947, in source_to_code
  File "<frozen importlib._bootstrap>", line 241, in _call_with_frames_removed
  File "/opt/airflow/dags/task.py", line 81
    df_feat = 
              ^
SyntaxError: invalid syntax
[2025-05-19T06:07:15.363+0000] {processor.py:927} WARNING - No viable dags retrieved from /opt/airflow/dags/task.py
[2025-05-19T06:07:15.386+0000] {processor.py:208} INFO - Processing /opt/airflow/dags/task.py took 0.064 seconds
[2025-05-19T06:07:21.435+0000] {processor.py:186} INFO - Started process (PID=1012) to work on /opt/airflow/dags/task.py
[2025-05-19T06:07:21.436+0000] {processor.py:914} INFO - Processing file /opt/airflow/dags/task.py for tasks to queue
[2025-05-19T06:07:21.438+0000] {logging_mixin.py:190} INFO - [2025-05-19T06:07:21.438+0000] {dagbag.py:588} INFO - Filling up the DagBag from /opt/airflow/dags/task.py
[2025-05-19T06:07:21.458+0000] {logging_mixin.py:190} INFO - [2025-05-19T06:07:21.458+0000] {dagbag.py:387} ERROR - Failed to import: /opt/airflow/dags/task.py
Traceback (most recent call last):
  File "/home/airflow/.local/lib/python3.10/site-packages/airflow/models/dagbag.py", line 383, in parse
    loader.exec_module(new_module)
  File "<frozen importlib._bootstrap_external>", line 879, in exec_module
  File "<frozen importlib._bootstrap_external>", line 1017, in get_code
  File "<frozen importlib._bootstrap_external>", line 947, in source_to_code
  File "<frozen importlib._bootstrap>", line 241, in _call_with_frames_removed
  File "/opt/airflow/dags/task.py", line 81
    df_feat = df_feat.
                      ^
SyntaxError: invalid syntax
[2025-05-19T06:07:21.459+0000] {processor.py:927} WARNING - No viable dags retrieved from /opt/airflow/dags/task.py
[2025-05-19T06:07:21.478+0000] {processor.py:208} INFO - Processing /opt/airflow/dags/task.py took 0.050 seconds
[2025-05-19T06:07:24.546+0000] {processor.py:186} INFO - Started process (PID=1017) to work on /opt/airflow/dags/task.py
[2025-05-19T06:07:24.548+0000] {processor.py:914} INFO - Processing file /opt/airflow/dags/task.py for tasks to queue
[2025-05-19T06:07:24.550+0000] {logging_mixin.py:190} INFO - [2025-05-19T06:07:24.550+0000] {dagbag.py:588} INFO - Filling up the DagBag from /opt/airflow/dags/task.py
[2025-05-19T06:07:27.453+0000] {processor.py:925} INFO - DAG(s) 'update_crypto_latest' retrieved from /opt/airflow/dags/task.py
[2025-05-19T06:07:27.501+0000] {logging_mixin.py:190} INFO - [2025-05-19T06:07:27.500+0000] {dag.py:3239} INFO - Sync 1 DAGs
[2025-05-19T06:07:27.601+0000] {logging_mixin.py:190} INFO - [2025-05-19T06:07:27.600+0000] {dag.py:4180} INFO - Setting next_dagrun for update_crypto_latest to 2025-05-19 00:00:00+00:00, run_after=2025-05-20 00:00:00+00:00
[2025-05-19T06:07:27.712+0000] {processor.py:208} INFO - Processing /opt/airflow/dags/task.py took 3.172 seconds
[2025-05-19T06:07:33.071+0000] {processor.py:186} INFO - Started process (PID=1043) to work on /opt/airflow/dags/task.py
[2025-05-19T06:07:33.072+0000] {processor.py:914} INFO - Processing file /opt/airflow/dags/task.py for tasks to queue
[2025-05-19T06:07:33.075+0000] {logging_mixin.py:190} INFO - [2025-05-19T06:07:33.074+0000] {dagbag.py:588} INFO - Filling up the DagBag from /opt/airflow/dags/task.py
[2025-05-19T06:07:35.343+0000] {processor.py:925} INFO - DAG(s) 'update_crypto_latest' retrieved from /opt/airflow/dags/task.py
[2025-05-19T06:07:35.371+0000] {logging_mixin.py:190} INFO - [2025-05-19T06:07:35.371+0000] {dag.py:3239} INFO - Sync 1 DAGs
[2025-05-19T06:07:35.414+0000] {logging_mixin.py:190} INFO - [2025-05-19T06:07:35.414+0000] {dag.py:4180} INFO - Setting next_dagrun for update_crypto_latest to 2025-05-19 00:00:00+00:00, run_after=2025-05-20 00:00:00+00:00
[2025-05-19T06:07:35.445+0000] {processor.py:208} INFO - Processing /opt/airflow/dags/task.py took 2.381 seconds
[2025-05-19T06:07:38.549+0000] {processor.py:186} INFO - Started process (PID=1056) to work on /opt/airflow/dags/task.py
[2025-05-19T06:07:38.550+0000] {processor.py:914} INFO - Processing file /opt/airflow/dags/task.py for tasks to queue
[2025-05-19T06:07:38.553+0000] {logging_mixin.py:190} INFO - [2025-05-19T06:07:38.553+0000] {dagbag.py:588} INFO - Filling up the DagBag from /opt/airflow/dags/task.py
[2025-05-19T06:07:42.225+0000] {processor.py:925} INFO - DAG(s) 'update_crypto_latest' retrieved from /opt/airflow/dags/task.py
[2025-05-19T06:07:42.266+0000] {logging_mixin.py:190} INFO - [2025-05-19T06:07:42.266+0000] {dag.py:3239} INFO - Sync 1 DAGs
[2025-05-19T06:07:42.314+0000] {logging_mixin.py:190} INFO - [2025-05-19T06:07:42.313+0000] {dag.py:4180} INFO - Setting next_dagrun for update_crypto_latest to 2025-05-19 00:00:00+00:00, run_after=2025-05-20 00:00:00+00:00
[2025-05-19T06:07:42.349+0000] {processor.py:208} INFO - Processing /opt/airflow/dags/task.py took 3.809 seconds
[2025-05-19T06:08:12.738+0000] {processor.py:186} INFO - Started process (PID=1082) to work on /opt/airflow/dags/task.py
[2025-05-19T06:08:12.739+0000] {processor.py:914} INFO - Processing file /opt/airflow/dags/task.py for tasks to queue
[2025-05-19T06:08:12.742+0000] {logging_mixin.py:190} INFO - [2025-05-19T06:08:12.742+0000] {dagbag.py:588} INFO - Filling up the DagBag from /opt/airflow/dags/task.py
[2025-05-19T06:08:15.702+0000] {processor.py:925} INFO - DAG(s) 'update_crypto_latest' retrieved from /opt/airflow/dags/task.py
[2025-05-19T06:08:15.740+0000] {logging_mixin.py:190} INFO - [2025-05-19T06:08:15.739+0000] {dag.py:3239} INFO - Sync 1 DAGs
[2025-05-19T06:08:15.783+0000] {logging_mixin.py:190} INFO - [2025-05-19T06:08:15.783+0000] {dag.py:4180} INFO - Setting next_dagrun for update_crypto_latest to 2025-05-19 00:00:00+00:00, run_after=2025-05-20 00:00:00+00:00
[2025-05-19T06:08:15.815+0000] {processor.py:208} INFO - Processing /opt/airflow/dags/task.py took 3.086 seconds
[2025-05-19T06:08:38.287+0000] {processor.py:186} INFO - Started process (PID=1108) to work on /opt/airflow/dags/task.py
[2025-05-19T06:08:38.289+0000] {processor.py:914} INFO - Processing file /opt/airflow/dags/task.py for tasks to queue
[2025-05-19T06:08:38.293+0000] {logging_mixin.py:190} INFO - [2025-05-19T06:08:38.292+0000] {dagbag.py:588} INFO - Filling up the DagBag from /opt/airflow/dags/task.py
[2025-05-19T06:08:41.053+0000] {processor.py:925} INFO - DAG(s) 'update_crypto_latest' retrieved from /opt/airflow/dags/task.py
[2025-05-19T06:08:41.085+0000] {logging_mixin.py:190} INFO - [2025-05-19T06:08:41.084+0000] {dag.py:3239} INFO - Sync 1 DAGs
[2025-05-19T06:08:41.128+0000] {logging_mixin.py:190} INFO - [2025-05-19T06:08:41.128+0000] {dag.py:4180} INFO - Setting next_dagrun for update_crypto_latest to 2025-05-19 00:00:00+00:00, run_after=2025-05-20 00:00:00+00:00
[2025-05-19T06:08:41.173+0000] {processor.py:208} INFO - Processing /opt/airflow/dags/task.py took 2.895 seconds
[2025-05-19T06:09:11.572+0000] {processor.py:186} INFO - Started process (PID=1207) to work on /opt/airflow/dags/task.py
[2025-05-19T06:09:11.573+0000] {processor.py:914} INFO - Processing file /opt/airflow/dags/task.py for tasks to queue
[2025-05-19T06:09:11.578+0000] {logging_mixin.py:190} INFO - [2025-05-19T06:09:11.578+0000] {dagbag.py:588} INFO - Filling up the DagBag from /opt/airflow/dags/task.py
[2025-05-19T06:09:14.929+0000] {processor.py:925} INFO - DAG(s) 'update_crypto_latest' retrieved from /opt/airflow/dags/task.py
[2025-05-19T06:09:14.981+0000] {logging_mixin.py:190} INFO - [2025-05-19T06:09:14.980+0000] {dag.py:3239} INFO - Sync 1 DAGs
[2025-05-19T06:09:15.039+0000] {logging_mixin.py:190} INFO - [2025-05-19T06:09:15.036+0000] {dag.py:4180} INFO - Setting next_dagrun for update_crypto_latest to 2025-05-19 00:00:00+00:00, run_after=2025-05-20 00:00:00+00:00
[2025-05-19T06:09:15.079+0000] {processor.py:208} INFO - Processing /opt/airflow/dags/task.py took 3.529 seconds
[2025-05-19T06:09:45.282+0000] {processor.py:186} INFO - Started process (PID=1235) to work on /opt/airflow/dags/task.py
[2025-05-19T06:09:45.283+0000] {processor.py:914} INFO - Processing file /opt/airflow/dags/task.py for tasks to queue
[2025-05-19T06:09:45.286+0000] {logging_mixin.py:190} INFO - [2025-05-19T06:09:45.286+0000] {dagbag.py:588} INFO - Filling up the DagBag from /opt/airflow/dags/task.py
[2025-05-19T06:09:47.571+0000] {processor.py:925} INFO - DAG(s) 'update_crypto_latest' retrieved from /opt/airflow/dags/task.py
[2025-05-19T06:09:47.609+0000] {logging_mixin.py:190} INFO - [2025-05-19T06:09:47.608+0000] {dag.py:3239} INFO - Sync 1 DAGs
[2025-05-19T06:09:47.655+0000] {logging_mixin.py:190} INFO - [2025-05-19T06:09:47.654+0000] {dag.py:4180} INFO - Setting next_dagrun for update_crypto_latest to 2025-05-19 00:00:00+00:00, run_after=2025-05-20 00:00:00+00:00
[2025-05-19T06:09:47.702+0000] {processor.py:208} INFO - Processing /opt/airflow/dags/task.py took 2.427 seconds
[2025-05-19T06:10:18.189+0000] {processor.py:186} INFO - Started process (PID=1261) to work on /opt/airflow/dags/task.py
[2025-05-19T06:10:18.190+0000] {processor.py:914} INFO - Processing file /opt/airflow/dags/task.py for tasks to queue
[2025-05-19T06:10:18.193+0000] {logging_mixin.py:190} INFO - [2025-05-19T06:10:18.193+0000] {dagbag.py:588} INFO - Filling up the DagBag from /opt/airflow/dags/task.py
[2025-05-19T06:10:20.788+0000] {processor.py:925} INFO - DAG(s) 'update_crypto_latest' retrieved from /opt/airflow/dags/task.py
[2025-05-19T06:10:20.822+0000] {logging_mixin.py:190} INFO - [2025-05-19T06:10:20.822+0000] {dag.py:3239} INFO - Sync 1 DAGs
[2025-05-19T06:10:20.860+0000] {logging_mixin.py:190} INFO - [2025-05-19T06:10:20.860+0000] {dag.py:4180} INFO - Setting next_dagrun for update_crypto_latest to 2025-05-19 00:00:00+00:00, run_after=2025-05-20 00:00:00+00:00
[2025-05-19T06:10:20.886+0000] {processor.py:208} INFO - Processing /opt/airflow/dags/task.py took 2.706 seconds
[2025-05-19T06:10:50.970+0000] {processor.py:186} INFO - Started process (PID=1330) to work on /opt/airflow/dags/task.py
[2025-05-19T06:10:50.971+0000] {processor.py:914} INFO - Processing file /opt/airflow/dags/task.py for tasks to queue
[2025-05-19T06:10:50.975+0000] {logging_mixin.py:190} INFO - [2025-05-19T06:10:50.974+0000] {dagbag.py:588} INFO - Filling up the DagBag from /opt/airflow/dags/task.py
[2025-05-19T06:10:52.880+0000] {processor.py:925} INFO - DAG(s) 'update_crypto_latest' retrieved from /opt/airflow/dags/task.py
[2025-05-19T06:10:52.906+0000] {logging_mixin.py:190} INFO - [2025-05-19T06:10:52.905+0000] {dag.py:3239} INFO - Sync 1 DAGs
[2025-05-19T06:10:52.929+0000] {logging_mixin.py:190} INFO - [2025-05-19T06:10:52.929+0000] {dag.py:4180} INFO - Setting next_dagrun for update_crypto_latest to 2025-05-19 00:00:00+00:00, run_after=2025-05-20 00:00:00+00:00
[2025-05-19T06:10:52.949+0000] {processor.py:208} INFO - Processing /opt/airflow/dags/task.py took 1.987 seconds
[2025-05-19T06:11:23.666+0000] {processor.py:186} INFO - Started process (PID=1356) to work on /opt/airflow/dags/task.py
[2025-05-19T06:11:23.667+0000] {processor.py:914} INFO - Processing file /opt/airflow/dags/task.py for tasks to queue
[2025-05-19T06:11:23.670+0000] {logging_mixin.py:190} INFO - [2025-05-19T06:11:23.669+0000] {dagbag.py:588} INFO - Filling up the DagBag from /opt/airflow/dags/task.py
[2025-05-19T06:11:25.442+0000] {processor.py:925} INFO - DAG(s) 'update_crypto_latest' retrieved from /opt/airflow/dags/task.py
[2025-05-19T06:11:25.466+0000] {logging_mixin.py:190} INFO - [2025-05-19T06:11:25.465+0000] {dag.py:3239} INFO - Sync 1 DAGs
[2025-05-19T06:11:25.490+0000] {logging_mixin.py:190} INFO - [2025-05-19T06:11:25.490+0000] {dag.py:4180} INFO - Setting next_dagrun for update_crypto_latest to 2025-05-19 00:00:00+00:00, run_after=2025-05-20 00:00:00+00:00
[2025-05-19T06:11:25.510+0000] {processor.py:208} INFO - Processing /opt/airflow/dags/task.py took 1.851 seconds
[2025-05-19T06:11:56.432+0000] {processor.py:186} INFO - Started process (PID=1382) to work on /opt/airflow/dags/task.py
[2025-05-19T06:11:56.434+0000] {processor.py:914} INFO - Processing file /opt/airflow/dags/task.py for tasks to queue
[2025-05-19T06:11:56.436+0000] {logging_mixin.py:190} INFO - [2025-05-19T06:11:56.436+0000] {dagbag.py:588} INFO - Filling up the DagBag from /opt/airflow/dags/task.py
[2025-05-19T06:11:58.412+0000] {processor.py:925} INFO - DAG(s) 'update_crypto_latest' retrieved from /opt/airflow/dags/task.py
[2025-05-19T06:11:58.436+0000] {logging_mixin.py:190} INFO - [2025-05-19T06:11:58.435+0000] {dag.py:3239} INFO - Sync 1 DAGs
[2025-05-19T06:11:58.461+0000] {logging_mixin.py:190} INFO - [2025-05-19T06:11:58.461+0000] {dag.py:4180} INFO - Setting next_dagrun for update_crypto_latest to 2025-05-19 00:00:00+00:00, run_after=2025-05-20 00:00:00+00:00
[2025-05-19T06:11:58.481+0000] {processor.py:208} INFO - Processing /opt/airflow/dags/task.py took 2.057 seconds
[2025-05-19T06:12:28.852+0000] {processor.py:186} INFO - Started process (PID=1408) to work on /opt/airflow/dags/task.py
[2025-05-19T06:12:28.853+0000] {processor.py:914} INFO - Processing file /opt/airflow/dags/task.py for tasks to queue
[2025-05-19T06:12:28.855+0000] {logging_mixin.py:190} INFO - [2025-05-19T06:12:28.855+0000] {dagbag.py:588} INFO - Filling up the DagBag from /opt/airflow/dags/task.py
[2025-05-19T06:12:30.746+0000] {processor.py:925} INFO - DAG(s) 'update_crypto_latest' retrieved from /opt/airflow/dags/task.py
[2025-05-19T06:12:30.771+0000] {logging_mixin.py:190} INFO - [2025-05-19T06:12:30.771+0000] {dag.py:3239} INFO - Sync 1 DAGs
[2025-05-19T06:12:30.795+0000] {logging_mixin.py:190} INFO - [2025-05-19T06:12:30.795+0000] {dag.py:4180} INFO - Setting next_dagrun for update_crypto_latest to 2025-05-19 00:00:00+00:00, run_after=2025-05-20 00:00:00+00:00
[2025-05-19T06:12:30.831+0000] {processor.py:208} INFO - Processing /opt/airflow/dags/task.py took 1.987 seconds
[2025-05-19T06:13:01.304+0000] {processor.py:186} INFO - Started process (PID=1434) to work on /opt/airflow/dags/task.py
[2025-05-19T06:13:01.305+0000] {processor.py:914} INFO - Processing file /opt/airflow/dags/task.py for tasks to queue
[2025-05-19T06:13:01.308+0000] {logging_mixin.py:190} INFO - [2025-05-19T06:13:01.307+0000] {dagbag.py:588} INFO - Filling up the DagBag from /opt/airflow/dags/task.py
[2025-05-19T06:13:04.757+0000] {processor.py:925} INFO - DAG(s) 'update_crypto_latest' retrieved from /opt/airflow/dags/task.py
[2025-05-19T06:13:04.812+0000] {logging_mixin.py:190} INFO - [2025-05-19T06:13:04.808+0000] {dag.py:3239} INFO - Sync 1 DAGs
[2025-05-19T06:13:04.865+0000] {logging_mixin.py:190} INFO - [2025-05-19T06:13:04.864+0000] {dag.py:4180} INFO - Setting next_dagrun for update_crypto_latest to 2025-05-19 00:00:00+00:00, run_after=2025-05-20 00:00:00+00:00
[2025-05-19T06:13:04.901+0000] {processor.py:208} INFO - Processing /opt/airflow/dags/task.py took 3.606 seconds
[2025-05-19T06:13:35.242+0000] {processor.py:186} INFO - Started process (PID=1460) to work on /opt/airflow/dags/task.py
[2025-05-19T06:13:35.244+0000] {processor.py:914} INFO - Processing file /opt/airflow/dags/task.py for tasks to queue
[2025-05-19T06:13:35.246+0000] {logging_mixin.py:190} INFO - [2025-05-19T06:13:35.246+0000] {dagbag.py:588} INFO - Filling up the DagBag from /opt/airflow/dags/task.py
[2025-05-19T06:13:38.157+0000] {processor.py:925} INFO - DAG(s) 'update_crypto_latest' retrieved from /opt/airflow/dags/task.py
[2025-05-19T06:13:38.192+0000] {logging_mixin.py:190} INFO - [2025-05-19T06:13:38.192+0000] {dag.py:3239} INFO - Sync 1 DAGs
[2025-05-19T06:13:38.231+0000] {logging_mixin.py:190} INFO - [2025-05-19T06:13:38.230+0000] {dag.py:4180} INFO - Setting next_dagrun for update_crypto_latest to 2025-05-19 00:00:00+00:00, run_after=2025-05-20 00:00:00+00:00
[2025-05-19T06:13:38.258+0000] {processor.py:208} INFO - Processing /opt/airflow/dags/task.py took 3.025 seconds
[2025-05-19T06:14:08.611+0000] {processor.py:186} INFO - Started process (PID=1518) to work on /opt/airflow/dags/task.py
[2025-05-19T06:14:08.612+0000] {processor.py:914} INFO - Processing file /opt/airflow/dags/task.py for tasks to queue
[2025-05-19T06:14:08.615+0000] {logging_mixin.py:190} INFO - [2025-05-19T06:14:08.615+0000] {dagbag.py:588} INFO - Filling up the DagBag from /opt/airflow/dags/task.py
[2025-05-19T06:14:11.151+0000] {processor.py:925} INFO - DAG(s) 'update_crypto_latest' retrieved from /opt/airflow/dags/task.py
[2025-05-19T06:14:11.178+0000] {logging_mixin.py:190} INFO - [2025-05-19T06:14:11.177+0000] {dag.py:3239} INFO - Sync 1 DAGs
[2025-05-19T06:14:11.204+0000] {logging_mixin.py:190} INFO - [2025-05-19T06:14:11.204+0000] {dag.py:4180} INFO - Setting next_dagrun for update_crypto_latest to 2025-05-19 00:00:00+00:00, run_after=2025-05-20 00:00:00+00:00
[2025-05-19T06:14:11.227+0000] {processor.py:208} INFO - Processing /opt/airflow/dags/task.py took 2.623 seconds
[2025-05-19T06:14:41.587+0000] {processor.py:186} INFO - Started process (PID=1544) to work on /opt/airflow/dags/task.py
[2025-05-19T06:14:41.588+0000] {processor.py:914} INFO - Processing file /opt/airflow/dags/task.py for tasks to queue
[2025-05-19T06:14:41.590+0000] {logging_mixin.py:190} INFO - [2025-05-19T06:14:41.590+0000] {dagbag.py:588} INFO - Filling up the DagBag from /opt/airflow/dags/task.py
[2025-05-19T06:14:43.891+0000] {processor.py:925} INFO - DAG(s) 'update_crypto_latest' retrieved from /opt/airflow/dags/task.py
[2025-05-19T06:14:43.918+0000] {logging_mixin.py:190} INFO - [2025-05-19T06:14:43.917+0000] {dag.py:3239} INFO - Sync 1 DAGs
[2025-05-19T06:14:43.947+0000] {logging_mixin.py:190} INFO - [2025-05-19T06:14:43.947+0000] {dag.py:4180} INFO - Setting next_dagrun for update_crypto_latest to 2025-05-19 00:00:00+00:00, run_after=2025-05-20 00:00:00+00:00
[2025-05-19T06:14:43.969+0000] {processor.py:208} INFO - Processing /opt/airflow/dags/task.py took 2.389 seconds
[2025-05-19T06:15:14.370+0000] {processor.py:186} INFO - Started process (PID=1570) to work on /opt/airflow/dags/task.py
[2025-05-19T06:15:14.372+0000] {processor.py:914} INFO - Processing file /opt/airflow/dags/task.py for tasks to queue
[2025-05-19T06:15:14.374+0000] {logging_mixin.py:190} INFO - [2025-05-19T06:15:14.374+0000] {dagbag.py:588} INFO - Filling up the DagBag from /opt/airflow/dags/task.py
[2025-05-19T06:15:16.325+0000] {processor.py:925} INFO - DAG(s) 'update_crypto_latest' retrieved from /opt/airflow/dags/task.py
[2025-05-19T06:15:16.350+0000] {logging_mixin.py:190} INFO - [2025-05-19T06:15:16.349+0000] {dag.py:3239} INFO - Sync 1 DAGs
[2025-05-19T06:15:16.378+0000] {logging_mixin.py:190} INFO - [2025-05-19T06:15:16.378+0000] {dag.py:4180} INFO - Setting next_dagrun for update_crypto_latest to 2025-05-19 00:00:00+00:00, run_after=2025-05-20 00:00:00+00:00
[2025-05-19T06:15:16.413+0000] {processor.py:208} INFO - Processing /opt/airflow/dags/task.py took 2.050 seconds
[2025-05-19T06:15:46.741+0000] {processor.py:186} INFO - Started process (PID=1596) to work on /opt/airflow/dags/task.py
[2025-05-19T06:15:46.742+0000] {processor.py:914} INFO - Processing file /opt/airflow/dags/task.py for tasks to queue
[2025-05-19T06:15:46.745+0000] {logging_mixin.py:190} INFO - [2025-05-19T06:15:46.745+0000] {dagbag.py:588} INFO - Filling up the DagBag from /opt/airflow/dags/task.py
[2025-05-19T06:15:49.194+0000] {processor.py:925} INFO - DAG(s) 'update_crypto_latest' retrieved from /opt/airflow/dags/task.py
[2025-05-19T06:15:49.223+0000] {logging_mixin.py:190} INFO - [2025-05-19T06:15:49.222+0000] {dag.py:3239} INFO - Sync 1 DAGs
[2025-05-19T06:15:49.254+0000] {logging_mixin.py:190} INFO - [2025-05-19T06:15:49.254+0000] {dag.py:4180} INFO - Setting next_dagrun for update_crypto_latest to 2025-05-19 00:00:00+00:00, run_after=2025-05-20 00:00:00+00:00
[2025-05-19T06:15:49.278+0000] {processor.py:208} INFO - Processing /opt/airflow/dags/task.py took 2.546 seconds
[2025-05-19T06:16:19.597+0000] {processor.py:186} INFO - Started process (PID=1622) to work on /opt/airflow/dags/task.py
[2025-05-19T06:16:19.598+0000] {processor.py:914} INFO - Processing file /opt/airflow/dags/task.py for tasks to queue
[2025-05-19T06:16:19.601+0000] {logging_mixin.py:190} INFO - [2025-05-19T06:16:19.601+0000] {dagbag.py:588} INFO - Filling up the DagBag from /opt/airflow/dags/task.py
[2025-05-19T06:16:22.019+0000] {processor.py:925} INFO - DAG(s) 'update_crypto_latest' retrieved from /opt/airflow/dags/task.py
[2025-05-19T06:16:22.049+0000] {logging_mixin.py:190} INFO - [2025-05-19T06:16:22.049+0000] {dag.py:3239} INFO - Sync 1 DAGs
[2025-05-19T06:16:22.082+0000] {logging_mixin.py:190} INFO - [2025-05-19T06:16:22.082+0000] {dag.py:4180} INFO - Setting next_dagrun for update_crypto_latest to 2025-05-19 00:00:00+00:00, run_after=2025-05-20 00:00:00+00:00
[2025-05-19T06:16:22.120+0000] {processor.py:208} INFO - Processing /opt/airflow/dags/task.py took 2.531 seconds
[2025-05-19T06:16:52.499+0000] {processor.py:186} INFO - Started process (PID=1648) to work on /opt/airflow/dags/task.py
[2025-05-19T06:16:52.500+0000] {processor.py:914} INFO - Processing file /opt/airflow/dags/task.py for tasks to queue
[2025-05-19T06:16:52.503+0000] {logging_mixin.py:190} INFO - [2025-05-19T06:16:52.502+0000] {dagbag.py:588} INFO - Filling up the DagBag from /opt/airflow/dags/task.py
[2025-05-19T06:16:54.290+0000] {processor.py:925} INFO - DAG(s) 'update_crypto_latest' retrieved from /opt/airflow/dags/task.py
[2025-05-19T06:16:54.313+0000] {logging_mixin.py:190} INFO - [2025-05-19T06:16:54.313+0000] {dag.py:3239} INFO - Sync 1 DAGs
[2025-05-19T06:16:54.338+0000] {logging_mixin.py:190} INFO - [2025-05-19T06:16:54.338+0000] {dag.py:4180} INFO - Setting next_dagrun for update_crypto_latest to 2025-05-19 00:00:00+00:00, run_after=2025-05-20 00:00:00+00:00
[2025-05-19T06:16:54.356+0000] {processor.py:208} INFO - Processing /opt/airflow/dags/task.py took 1.864 seconds
[2025-05-19T06:17:25.185+0000] {processor.py:186} INFO - Started process (PID=1674) to work on /opt/airflow/dags/task.py
[2025-05-19T06:17:25.186+0000] {processor.py:914} INFO - Processing file /opt/airflow/dags/task.py for tasks to queue
[2025-05-19T06:17:25.189+0000] {logging_mixin.py:190} INFO - [2025-05-19T06:17:25.189+0000] {dagbag.py:588} INFO - Filling up the DagBag from /opt/airflow/dags/task.py
[2025-05-19T06:17:27.280+0000] {processor.py:925} INFO - DAG(s) 'update_crypto_latest' retrieved from /opt/airflow/dags/task.py
[2025-05-19T06:17:27.301+0000] {logging_mixin.py:190} INFO - [2025-05-19T06:17:27.300+0000] {dag.py:3239} INFO - Sync 1 DAGs
[2025-05-19T06:17:27.324+0000] {logging_mixin.py:190} INFO - [2025-05-19T06:17:27.324+0000] {dag.py:4180} INFO - Setting next_dagrun for update_crypto_latest to 2025-05-19 00:00:00+00:00, run_after=2025-05-20 00:00:00+00:00
[2025-05-19T06:17:27.360+0000] {processor.py:208} INFO - Processing /opt/airflow/dags/task.py took 2.181 seconds
[2025-05-19T06:17:58.595+0000] {processor.py:186} INFO - Started process (PID=1700) to work on /opt/airflow/dags/task.py
[2025-05-19T06:17:58.596+0000] {processor.py:914} INFO - Processing file /opt/airflow/dags/task.py for tasks to queue
[2025-05-19T06:17:58.599+0000] {logging_mixin.py:190} INFO - [2025-05-19T06:17:58.598+0000] {dagbag.py:588} INFO - Filling up the DagBag from /opt/airflow/dags/task.py
[2025-05-19T06:18:00.384+0000] {processor.py:925} INFO - DAG(s) 'update_crypto_latest' retrieved from /opt/airflow/dags/task.py
[2025-05-19T06:18:00.407+0000] {logging_mixin.py:190} INFO - [2025-05-19T06:18:00.406+0000] {dag.py:3239} INFO - Sync 1 DAGs
[2025-05-19T06:18:00.449+0000] {logging_mixin.py:190} INFO - [2025-05-19T06:18:00.449+0000] {dag.py:4180} INFO - Setting next_dagrun for update_crypto_latest to 2025-05-19 00:00:00+00:00, run_after=2025-05-20 00:00:00+00:00
[2025-05-19T06:18:00.473+0000] {processor.py:208} INFO - Processing /opt/airflow/dags/task.py took 1.885 seconds
[2025-05-19T06:18:30.899+0000] {processor.py:186} INFO - Started process (PID=1726) to work on /opt/airflow/dags/task.py
[2025-05-19T06:18:30.900+0000] {processor.py:914} INFO - Processing file /opt/airflow/dags/task.py for tasks to queue
[2025-05-19T06:18:30.903+0000] {logging_mixin.py:190} INFO - [2025-05-19T06:18:30.902+0000] {dagbag.py:588} INFO - Filling up the DagBag from /opt/airflow/dags/task.py
[2025-05-19T06:18:33.089+0000] {processor.py:925} INFO - DAG(s) 'update_crypto_latest' retrieved from /opt/airflow/dags/task.py
[2025-05-19T06:18:33.120+0000] {logging_mixin.py:190} INFO - [2025-05-19T06:18:33.120+0000] {dag.py:3239} INFO - Sync 1 DAGs
[2025-05-19T06:18:33.158+0000] {logging_mixin.py:190} INFO - [2025-05-19T06:18:33.158+0000] {dag.py:4180} INFO - Setting next_dagrun for update_crypto_latest to 2025-05-19 00:00:00+00:00, run_after=2025-05-20 00:00:00+00:00
[2025-05-19T06:18:33.187+0000] {processor.py:208} INFO - Processing /opt/airflow/dags/task.py took 2.295 seconds
[2025-05-19T06:19:03.513+0000] {processor.py:186} INFO - Started process (PID=1752) to work on /opt/airflow/dags/task.py
[2025-05-19T06:19:03.514+0000] {processor.py:914} INFO - Processing file /opt/airflow/dags/task.py for tasks to queue
[2025-05-19T06:19:03.516+0000] {logging_mixin.py:190} INFO - [2025-05-19T06:19:03.516+0000] {dagbag.py:588} INFO - Filling up the DagBag from /opt/airflow/dags/task.py
[2025-05-19T06:19:05.802+0000] {processor.py:925} INFO - DAG(s) 'update_crypto_latest' retrieved from /opt/airflow/dags/task.py
[2025-05-19T06:19:05.828+0000] {logging_mixin.py:190} INFO - [2025-05-19T06:19:05.827+0000] {dag.py:3239} INFO - Sync 1 DAGs
[2025-05-19T06:19:05.860+0000] {logging_mixin.py:190} INFO - [2025-05-19T06:19:05.860+0000] {dag.py:4180} INFO - Setting next_dagrun for update_crypto_latest to 2025-05-19 00:00:00+00:00, run_after=2025-05-20 00:00:00+00:00
[2025-05-19T06:19:05.886+0000] {processor.py:208} INFO - Processing /opt/airflow/dags/task.py took 2.380 seconds
[2025-05-19T06:19:36.195+0000] {processor.py:186} INFO - Started process (PID=1778) to work on /opt/airflow/dags/task.py
[2025-05-19T06:19:36.196+0000] {processor.py:914} INFO - Processing file /opt/airflow/dags/task.py for tasks to queue
[2025-05-19T06:19:36.199+0000] {logging_mixin.py:190} INFO - [2025-05-19T06:19:36.199+0000] {dagbag.py:588} INFO - Filling up the DagBag from /opt/airflow/dags/task.py
[2025-05-19T06:19:38.603+0000] {processor.py:925} INFO - DAG(s) 'update_crypto_latest' retrieved from /opt/airflow/dags/task.py
[2025-05-19T06:19:38.644+0000] {logging_mixin.py:190} INFO - [2025-05-19T06:19:38.644+0000] {dag.py:3239} INFO - Sync 1 DAGs
[2025-05-19T06:19:38.676+0000] {logging_mixin.py:190} INFO - [2025-05-19T06:19:38.675+0000] {dag.py:4180} INFO - Setting next_dagrun for update_crypto_latest to 2025-05-19 00:00:00+00:00, run_after=2025-05-20 00:00:00+00:00
[2025-05-19T06:19:38.704+0000] {processor.py:208} INFO - Processing /opt/airflow/dags/task.py took 2.516 seconds
[2025-05-19T06:20:08.994+0000] {processor.py:186} INFO - Started process (PID=1804) to work on /opt/airflow/dags/task.py
[2025-05-19T06:20:08.995+0000] {processor.py:914} INFO - Processing file /opt/airflow/dags/task.py for tasks to queue
[2025-05-19T06:20:08.998+0000] {logging_mixin.py:190} INFO - [2025-05-19T06:20:08.997+0000] {dagbag.py:588} INFO - Filling up the DagBag from /opt/airflow/dags/task.py
[2025-05-19T06:20:11.353+0000] {processor.py:925} INFO - DAG(s) 'update_crypto_latest' retrieved from /opt/airflow/dags/task.py
[2025-05-19T06:20:11.379+0000] {logging_mixin.py:190} INFO - [2025-05-19T06:20:11.379+0000] {dag.py:3239} INFO - Sync 1 DAGs
[2025-05-19T06:20:11.407+0000] {logging_mixin.py:190} INFO - [2025-05-19T06:20:11.407+0000] {dag.py:4180} INFO - Setting next_dagrun for update_crypto_latest to 2025-05-19 00:00:00+00:00, run_after=2025-05-20 00:00:00+00:00
[2025-05-19T06:20:11.432+0000] {processor.py:208} INFO - Processing /opt/airflow/dags/task.py took 2.445 seconds
[2025-05-19T06:20:42.446+0000] {processor.py:186} INFO - Started process (PID=1830) to work on /opt/airflow/dags/task.py
[2025-05-19T06:20:42.448+0000] {processor.py:914} INFO - Processing file /opt/airflow/dags/task.py for tasks to queue
[2025-05-19T06:20:42.451+0000] {logging_mixin.py:190} INFO - [2025-05-19T06:20:42.451+0000] {dagbag.py:588} INFO - Filling up the DagBag from /opt/airflow/dags/task.py
[2025-05-19T06:20:46.292+0000] {processor.py:925} INFO - DAG(s) 'update_crypto_latest' retrieved from /opt/airflow/dags/task.py
[2025-05-19T06:20:46.324+0000] {logging_mixin.py:190} INFO - [2025-05-19T06:20:46.323+0000] {dag.py:3239} INFO - Sync 1 DAGs
[2025-05-19T06:20:46.358+0000] {logging_mixin.py:190} INFO - [2025-05-19T06:20:46.357+0000] {dag.py:4180} INFO - Setting next_dagrun for update_crypto_latest to 2025-05-19 00:00:00+00:00, run_after=2025-05-20 00:00:00+00:00
[2025-05-19T06:20:46.384+0000] {processor.py:208} INFO - Processing /opt/airflow/dags/task.py took 3.946 seconds
[2025-05-19T06:21:16.751+0000] {processor.py:186} INFO - Started process (PID=1856) to work on /opt/airflow/dags/task.py
[2025-05-19T06:21:16.753+0000] {processor.py:914} INFO - Processing file /opt/airflow/dags/task.py for tasks to queue
[2025-05-19T06:21:16.755+0000] {logging_mixin.py:190} INFO - [2025-05-19T06:21:16.755+0000] {dagbag.py:588} INFO - Filling up the DagBag from /opt/airflow/dags/task.py
[2025-05-19T06:21:18.902+0000] {processor.py:925} INFO - DAG(s) 'update_crypto_latest' retrieved from /opt/airflow/dags/task.py
[2025-05-19T06:21:18.929+0000] {logging_mixin.py:190} INFO - [2025-05-19T06:21:18.927+0000] {dag.py:3239} INFO - Sync 1 DAGs
[2025-05-19T06:21:18.955+0000] {logging_mixin.py:190} INFO - [2025-05-19T06:21:18.955+0000] {dag.py:4180} INFO - Setting next_dagrun for update_crypto_latest to 2025-05-19 00:00:00+00:00, run_after=2025-05-20 00:00:00+00:00
[2025-05-19T06:21:18.990+0000] {processor.py:208} INFO - Processing /opt/airflow/dags/task.py took 2.245 seconds
[2025-05-19T06:21:49.364+0000] {processor.py:186} INFO - Started process (PID=1882) to work on /opt/airflow/dags/task.py
[2025-05-19T06:21:49.366+0000] {processor.py:914} INFO - Processing file /opt/airflow/dags/task.py for tasks to queue
[2025-05-19T06:21:49.368+0000] {logging_mixin.py:190} INFO - [2025-05-19T06:21:49.368+0000] {dagbag.py:588} INFO - Filling up the DagBag from /opt/airflow/dags/task.py
[2025-05-19T06:21:51.467+0000] {processor.py:925} INFO - DAG(s) 'update_crypto_latest' retrieved from /opt/airflow/dags/task.py
[2025-05-19T06:21:51.491+0000] {logging_mixin.py:190} INFO - [2025-05-19T06:21:51.491+0000] {dag.py:3239} INFO - Sync 1 DAGs
[2025-05-19T06:21:51.516+0000] {logging_mixin.py:190} INFO - [2025-05-19T06:21:51.516+0000] {dag.py:4180} INFO - Setting next_dagrun for update_crypto_latest to 2025-05-19 00:00:00+00:00, run_after=2025-05-20 00:00:00+00:00
[2025-05-19T06:21:51.555+0000] {processor.py:208} INFO - Processing /opt/airflow/dags/task.py took 2.197 seconds
[2025-05-19T06:22:21.849+0000] {processor.py:186} INFO - Started process (PID=1908) to work on /opt/airflow/dags/task.py
[2025-05-19T06:22:21.851+0000] {processor.py:914} INFO - Processing file /opt/airflow/dags/task.py for tasks to queue
[2025-05-19T06:22:21.853+0000] {logging_mixin.py:190} INFO - [2025-05-19T06:22:21.853+0000] {dagbag.py:588} INFO - Filling up the DagBag from /opt/airflow/dags/task.py
[2025-05-19T06:22:24.808+0000] {processor.py:925} INFO - DAG(s) 'update_crypto_latest' retrieved from /opt/airflow/dags/task.py
[2025-05-19T06:22:24.835+0000] {logging_mixin.py:190} INFO - [2025-05-19T06:22:24.834+0000] {dag.py:3239} INFO - Sync 1 DAGs
[2025-05-19T06:22:24.867+0000] {logging_mixin.py:190} INFO - [2025-05-19T06:22:24.866+0000] {dag.py:4180} INFO - Setting next_dagrun for update_crypto_latest to 2025-05-19 00:00:00+00:00, run_after=2025-05-20 00:00:00+00:00
[2025-05-19T06:22:24.904+0000] {processor.py:208} INFO - Processing /opt/airflow/dags/task.py took 3.061 seconds
[2025-05-19T06:22:55.337+0000] {processor.py:186} INFO - Started process (PID=1934) to work on /opt/airflow/dags/task.py
[2025-05-19T06:22:55.338+0000] {processor.py:914} INFO - Processing file /opt/airflow/dags/task.py for tasks to queue
[2025-05-19T06:22:55.342+0000] {logging_mixin.py:190} INFO - [2025-05-19T06:22:55.341+0000] {dagbag.py:588} INFO - Filling up the DagBag from /opt/airflow/dags/task.py
[2025-05-19T06:22:57.353+0000] {processor.py:925} INFO - DAG(s) 'update_crypto_latest' retrieved from /opt/airflow/dags/task.py
[2025-05-19T06:22:57.380+0000] {logging_mixin.py:190} INFO - [2025-05-19T06:22:57.379+0000] {dag.py:3239} INFO - Sync 1 DAGs
[2025-05-19T06:22:57.405+0000] {logging_mixin.py:190} INFO - [2025-05-19T06:22:57.405+0000] {dag.py:4180} INFO - Setting next_dagrun for update_crypto_latest to 2025-05-19 00:00:00+00:00, run_after=2025-05-20 00:00:00+00:00
[2025-05-19T06:22:57.444+0000] {processor.py:208} INFO - Processing /opt/airflow/dags/task.py took 2.113 seconds
[2025-05-19T06:23:27.836+0000] {processor.py:186} INFO - Started process (PID=1960) to work on /opt/airflow/dags/task.py
[2025-05-19T06:23:27.837+0000] {processor.py:914} INFO - Processing file /opt/airflow/dags/task.py for tasks to queue
[2025-05-19T06:23:27.840+0000] {logging_mixin.py:190} INFO - [2025-05-19T06:23:27.839+0000] {dagbag.py:588} INFO - Filling up the DagBag from /opt/airflow/dags/task.py
[2025-05-19T06:23:29.904+0000] {processor.py:925} INFO - DAG(s) 'update_crypto_latest' retrieved from /opt/airflow/dags/task.py
[2025-05-19T06:23:29.948+0000] {logging_mixin.py:190} INFO - [2025-05-19T06:23:29.947+0000] {dag.py:3239} INFO - Sync 1 DAGs
[2025-05-19T06:23:29.974+0000] {logging_mixin.py:190} INFO - [2025-05-19T06:23:29.973+0000] {dag.py:4180} INFO - Setting next_dagrun for update_crypto_latest to 2025-05-19 00:00:00+00:00, run_after=2025-05-20 00:00:00+00:00
[2025-05-19T06:23:29.995+0000] {processor.py:208} INFO - Processing /opt/airflow/dags/task.py took 2.168 seconds
[2025-05-19T06:24:00.369+0000] {processor.py:186} INFO - Started process (PID=1986) to work on /opt/airflow/dags/task.py
[2025-05-19T06:24:00.370+0000] {processor.py:914} INFO - Processing file /opt/airflow/dags/task.py for tasks to queue
[2025-05-19T06:24:00.383+0000] {logging_mixin.py:190} INFO - [2025-05-19T06:24:00.383+0000] {dagbag.py:588} INFO - Filling up the DagBag from /opt/airflow/dags/task.py
[2025-05-19T06:24:02.570+0000] {processor.py:925} INFO - DAG(s) 'update_crypto_latest' retrieved from /opt/airflow/dags/task.py
[2025-05-19T06:24:02.600+0000] {logging_mixin.py:190} INFO - [2025-05-19T06:24:02.599+0000] {dag.py:3239} INFO - Sync 1 DAGs
[2025-05-19T06:24:02.629+0000] {logging_mixin.py:190} INFO - [2025-05-19T06:24:02.628+0000] {dag.py:4180} INFO - Setting next_dagrun for update_crypto_latest to 2025-05-19 00:00:00+00:00, run_after=2025-05-20 00:00:00+00:00
[2025-05-19T06:24:02.665+0000] {processor.py:208} INFO - Processing /opt/airflow/dags/task.py took 2.303 seconds
[2025-05-19T06:24:32.956+0000] {processor.py:186} INFO - Started process (PID=2012) to work on /opt/airflow/dags/task.py
[2025-05-19T06:24:32.958+0000] {processor.py:914} INFO - Processing file /opt/airflow/dags/task.py for tasks to queue
[2025-05-19T06:24:32.960+0000] {logging_mixin.py:190} INFO - [2025-05-19T06:24:32.960+0000] {dagbag.py:588} INFO - Filling up the DagBag from /opt/airflow/dags/task.py
[2025-05-19T06:24:35.494+0000] {processor.py:925} INFO - DAG(s) 'update_crypto_latest' retrieved from /opt/airflow/dags/task.py
[2025-05-19T06:24:35.527+0000] {logging_mixin.py:190} INFO - [2025-05-19T06:24:35.526+0000] {dag.py:3239} INFO - Sync 1 DAGs
[2025-05-19T06:24:35.559+0000] {logging_mixin.py:190} INFO - [2025-05-19T06:24:35.559+0000] {dag.py:4180} INFO - Setting next_dagrun for update_crypto_latest to 2025-05-19 00:00:00+00:00, run_after=2025-05-20 00:00:00+00:00
[2025-05-19T06:24:35.583+0000] {processor.py:208} INFO - Processing /opt/airflow/dags/task.py took 2.634 seconds
[2025-05-19T06:25:05.901+0000] {processor.py:186} INFO - Started process (PID=2038) to work on /opt/airflow/dags/task.py
[2025-05-19T06:25:05.902+0000] {processor.py:914} INFO - Processing file /opt/airflow/dags/task.py for tasks to queue
[2025-05-19T06:25:05.905+0000] {logging_mixin.py:190} INFO - [2025-05-19T06:25:05.905+0000] {dagbag.py:588} INFO - Filling up the DagBag from /opt/airflow/dags/task.py
[2025-05-19T06:25:08.802+0000] {processor.py:925} INFO - DAG(s) 'update_crypto_latest' retrieved from /opt/airflow/dags/task.py
[2025-05-19T06:25:08.831+0000] {logging_mixin.py:190} INFO - [2025-05-19T06:25:08.830+0000] {dag.py:3239} INFO - Sync 1 DAGs
[2025-05-19T06:25:08.861+0000] {logging_mixin.py:190} INFO - [2025-05-19T06:25:08.861+0000] {dag.py:4180} INFO - Setting next_dagrun for update_crypto_latest to 2025-05-19 00:00:00+00:00, run_after=2025-05-20 00:00:00+00:00
[2025-05-19T06:25:08.887+0000] {processor.py:208} INFO - Processing /opt/airflow/dags/task.py took 2.996 seconds
