[2025-05-19T03:46:45.226+0000] {processor.py:186} INFO - Started process (PID=173) to work on /opt/airflow/dags/tmp.py
[2025-05-19T03:46:45.229+0000] {processor.py:914} INFO - Processing file /opt/airflow/dags/tmp.py for tasks to queue
[2025-05-19T03:46:45.235+0000] {logging_mixin.py:190} INFO - [2025-05-19T03:46:45.235+0000] {dagbag.py:588} INFO - Filling up the DagBag from /opt/airflow/dags/tmp.py
[2025-05-19T03:46:52.754+0000] {processor.py:925} INFO - DAG(s) 'update_crypto_all' retrieved from /opt/airflow/dags/tmp.py
[2025-05-19T03:46:52.830+0000] {logging_mixin.py:190} INFO - [2025-05-19T03:46:52.827+0000] {dag.py:3239} INFO - Sync 1 DAGs
[2025-05-19T03:46:52.914+0000] {logging_mixin.py:190} INFO - [2025-05-19T03:46:52.914+0000] {dag.py:4180} INFO - Setting next_dagrun for update_crypto_all to 2025-05-19 00:00:00+00:00, run_after=2025-05-20 00:00:00+00:00
[2025-05-19T03:46:52.995+0000] {processor.py:208} INFO - Processing /opt/airflow/dags/tmp.py took 7.787 seconds
[2025-05-19T03:47:23.583+0000] {processor.py:186} INFO - Started process (PID=281) to work on /opt/airflow/dags/tmp.py
[2025-05-19T03:47:23.586+0000] {processor.py:914} INFO - Processing file /opt/airflow/dags/tmp.py for tasks to queue
[2025-05-19T03:47:23.599+0000] {logging_mixin.py:190} INFO - [2025-05-19T03:47:23.598+0000] {dagbag.py:588} INFO - Filling up the DagBag from /opt/airflow/dags/tmp.py
[2025-05-19T03:47:31.861+0000] {processor.py:925} INFO - DAG(s) 'update_crypto_all' retrieved from /opt/airflow/dags/tmp.py
[2025-05-19T03:47:31.931+0000] {logging_mixin.py:190} INFO - [2025-05-19T03:47:31.929+0000] {dag.py:3239} INFO - Sync 1 DAGs
[2025-05-19T03:47:32.009+0000] {logging_mixin.py:190} INFO - [2025-05-19T03:47:32.009+0000] {dag.py:4180} INFO - Setting next_dagrun for update_crypto_all to 2025-05-19 00:00:00+00:00, run_after=2025-05-20 00:00:00+00:00
[2025-05-19T03:47:32.041+0000] {processor.py:208} INFO - Processing /opt/airflow/dags/tmp.py took 8.485 seconds
[2025-05-19T03:48:02.242+0000] {processor.py:186} INFO - Started process (PID=341) to work on /opt/airflow/dags/tmp.py
[2025-05-19T03:48:02.244+0000] {processor.py:914} INFO - Processing file /opt/airflow/dags/tmp.py for tasks to queue
[2025-05-19T03:48:02.246+0000] {logging_mixin.py:190} INFO - [2025-05-19T03:48:02.245+0000] {dagbag.py:588} INFO - Filling up the DagBag from /opt/airflow/dags/tmp.py
[2025-05-19T03:48:04.415+0000] {processor.py:925} INFO - DAG(s) 'update_crypto_all' retrieved from /opt/airflow/dags/tmp.py
[2025-05-19T03:48:04.449+0000] {logging_mixin.py:190} INFO - [2025-05-19T03:48:04.448+0000] {dag.py:3239} INFO - Sync 1 DAGs
[2025-05-19T03:48:04.484+0000] {logging_mixin.py:190} INFO - [2025-05-19T03:48:04.484+0000] {dag.py:4180} INFO - Setting next_dagrun for update_crypto_all to 2025-05-19 00:00:00+00:00, run_after=2025-05-20 00:00:00+00:00
[2025-05-19T03:48:04.532+0000] {processor.py:208} INFO - Processing /opt/airflow/dags/tmp.py took 2.297 seconds
[2025-05-19T03:48:34.795+0000] {processor.py:186} INFO - Started process (PID=367) to work on /opt/airflow/dags/tmp.py
[2025-05-19T03:48:34.796+0000] {processor.py:914} INFO - Processing file /opt/airflow/dags/tmp.py for tasks to queue
[2025-05-19T03:48:34.799+0000] {logging_mixin.py:190} INFO - [2025-05-19T03:48:34.798+0000] {dagbag.py:588} INFO - Filling up the DagBag from /opt/airflow/dags/tmp.py
[2025-05-19T03:48:37.228+0000] {processor.py:925} INFO - DAG(s) 'update_crypto_all' retrieved from /opt/airflow/dags/tmp.py
[2025-05-19T03:48:37.255+0000] {logging_mixin.py:190} INFO - [2025-05-19T03:48:37.255+0000] {dag.py:3239} INFO - Sync 1 DAGs
[2025-05-19T03:48:37.287+0000] {logging_mixin.py:190} INFO - [2025-05-19T03:48:37.286+0000] {dag.py:4180} INFO - Setting next_dagrun for update_crypto_all to 2025-05-19 00:00:00+00:00, run_after=2025-05-20 00:00:00+00:00
[2025-05-19T03:48:37.327+0000] {processor.py:208} INFO - Processing /opt/airflow/dags/tmp.py took 2.538 seconds
[2025-05-19T03:49:07.720+0000] {processor.py:186} INFO - Started process (PID=393) to work on /opt/airflow/dags/tmp.py
[2025-05-19T03:49:07.720+0000] {processor.py:914} INFO - Processing file /opt/airflow/dags/tmp.py for tasks to queue
[2025-05-19T03:49:07.723+0000] {logging_mixin.py:190} INFO - [2025-05-19T03:49:07.723+0000] {dagbag.py:588} INFO - Filling up the DagBag from /opt/airflow/dags/tmp.py
[2025-05-19T03:49:09.969+0000] {processor.py:925} INFO - DAG(s) 'update_crypto_all' retrieved from /opt/airflow/dags/tmp.py
[2025-05-19T03:49:09.995+0000] {logging_mixin.py:190} INFO - [2025-05-19T03:49:09.995+0000] {dag.py:3239} INFO - Sync 1 DAGs
[2025-05-19T03:49:10.024+0000] {logging_mixin.py:190} INFO - [2025-05-19T03:49:10.024+0000] {dag.py:4180} INFO - Setting next_dagrun for update_crypto_all to 2025-05-19 00:00:00+00:00, run_after=2025-05-20 00:00:00+00:00
[2025-05-19T03:49:10.055+0000] {processor.py:208} INFO - Processing /opt/airflow/dags/tmp.py took 2.342 seconds
[2025-05-19T03:49:40.446+0000] {processor.py:186} INFO - Started process (PID=419) to work on /opt/airflow/dags/tmp.py
[2025-05-19T03:49:40.448+0000] {processor.py:914} INFO - Processing file /opt/airflow/dags/tmp.py for tasks to queue
[2025-05-19T03:49:40.450+0000] {logging_mixin.py:190} INFO - [2025-05-19T03:49:40.450+0000] {dagbag.py:588} INFO - Filling up the DagBag from /opt/airflow/dags/tmp.py
[2025-05-19T03:49:42.797+0000] {processor.py:925} INFO - DAG(s) 'update_crypto_all' retrieved from /opt/airflow/dags/tmp.py
[2025-05-19T03:49:42.837+0000] {logging_mixin.py:190} INFO - [2025-05-19T03:49:42.836+0000] {dag.py:3239} INFO - Sync 1 DAGs
[2025-05-19T03:49:42.892+0000] {logging_mixin.py:190} INFO - [2025-05-19T03:49:42.892+0000] {dag.py:4180} INFO - Setting next_dagrun for update_crypto_all to 2025-05-19 00:00:00+00:00, run_after=2025-05-20 00:00:00+00:00
[2025-05-19T03:49:42.930+0000] {processor.py:208} INFO - Processing /opt/airflow/dags/tmp.py took 2.492 seconds
[2025-05-19T03:50:13.287+0000] {processor.py:186} INFO - Started process (PID=445) to work on /opt/airflow/dags/tmp.py
[2025-05-19T03:50:13.292+0000] {processor.py:914} INFO - Processing file /opt/airflow/dags/tmp.py for tasks to queue
[2025-05-19T03:50:13.296+0000] {logging_mixin.py:190} INFO - [2025-05-19T03:50:13.295+0000] {dagbag.py:588} INFO - Filling up the DagBag from /opt/airflow/dags/tmp.py
[2025-05-19T03:50:17.080+0000] {processor.py:925} INFO - DAG(s) 'update_crypto_all' retrieved from /opt/airflow/dags/tmp.py
[2025-05-19T03:50:17.129+0000] {logging_mixin.py:190} INFO - [2025-05-19T03:50:17.128+0000] {dag.py:3239} INFO - Sync 1 DAGs
[2025-05-19T03:50:17.194+0000] {logging_mixin.py:190} INFO - [2025-05-19T03:50:17.193+0000] {dag.py:4180} INFO - Setting next_dagrun for update_crypto_all to 2025-05-19 00:00:00+00:00, run_after=2025-05-20 00:00:00+00:00
[2025-05-19T03:50:17.235+0000] {processor.py:208} INFO - Processing /opt/airflow/dags/tmp.py took 3.959 seconds
[2025-05-19T03:50:47.626+0000] {processor.py:186} INFO - Started process (PID=471) to work on /opt/airflow/dags/tmp.py
[2025-05-19T03:50:47.627+0000] {processor.py:914} INFO - Processing file /opt/airflow/dags/tmp.py for tasks to queue
[2025-05-19T03:50:47.630+0000] {logging_mixin.py:190} INFO - [2025-05-19T03:50:47.630+0000] {dagbag.py:588} INFO - Filling up the DagBag from /opt/airflow/dags/tmp.py
[2025-05-19T03:50:50.727+0000] {processor.py:925} INFO - DAG(s) 'update_crypto_all' retrieved from /opt/airflow/dags/tmp.py
[2025-05-19T03:50:50.768+0000] {logging_mixin.py:190} INFO - [2025-05-19T03:50:50.767+0000] {dag.py:3239} INFO - Sync 1 DAGs
[2025-05-19T03:50:50.810+0000] {logging_mixin.py:190} INFO - [2025-05-19T03:50:50.810+0000] {dag.py:4180} INFO - Setting next_dagrun for update_crypto_all to 2025-05-19 00:00:00+00:00, run_after=2025-05-20 00:00:00+00:00
[2025-05-19T03:50:50.851+0000] {processor.py:208} INFO - Processing /opt/airflow/dags/tmp.py took 3.234 seconds
[2025-05-19T03:51:21.245+0000] {processor.py:186} INFO - Started process (PID=497) to work on /opt/airflow/dags/tmp.py
[2025-05-19T03:51:21.246+0000] {processor.py:914} INFO - Processing file /opt/airflow/dags/tmp.py for tasks to queue
[2025-05-19T03:51:21.249+0000] {logging_mixin.py:190} INFO - [2025-05-19T03:51:21.249+0000] {dagbag.py:588} INFO - Filling up the DagBag from /opt/airflow/dags/tmp.py
[2025-05-19T03:51:24.068+0000] {processor.py:925} INFO - DAG(s) 'update_crypto_all' retrieved from /opt/airflow/dags/tmp.py
[2025-05-19T03:51:24.098+0000] {logging_mixin.py:190} INFO - [2025-05-19T03:51:24.097+0000] {dag.py:3239} INFO - Sync 1 DAGs
[2025-05-19T03:51:24.133+0000] {logging_mixin.py:190} INFO - [2025-05-19T03:51:24.132+0000] {dag.py:4180} INFO - Setting next_dagrun for update_crypto_all to 2025-05-19 00:00:00+00:00, run_after=2025-05-20 00:00:00+00:00
[2025-05-19T03:51:24.164+0000] {processor.py:208} INFO - Processing /opt/airflow/dags/tmp.py took 2.926 seconds
[2025-05-19T03:51:54.603+0000] {processor.py:186} INFO - Started process (PID=523) to work on /opt/airflow/dags/tmp.py
[2025-05-19T03:51:54.605+0000] {processor.py:914} INFO - Processing file /opt/airflow/dags/tmp.py for tasks to queue
[2025-05-19T03:51:54.608+0000] {logging_mixin.py:190} INFO - [2025-05-19T03:51:54.607+0000] {dagbag.py:588} INFO - Filling up the DagBag from /opt/airflow/dags/tmp.py
[2025-05-19T03:51:57.083+0000] {processor.py:925} INFO - DAG(s) 'update_crypto_all' retrieved from /opt/airflow/dags/tmp.py
[2025-05-19T03:51:57.115+0000] {logging_mixin.py:190} INFO - [2025-05-19T03:51:57.114+0000] {dag.py:3239} INFO - Sync 1 DAGs
[2025-05-19T03:51:57.147+0000] {logging_mixin.py:190} INFO - [2025-05-19T03:51:57.147+0000] {dag.py:4180} INFO - Setting next_dagrun for update_crypto_all to 2025-05-19 00:00:00+00:00, run_after=2025-05-20 00:00:00+00:00
[2025-05-19T03:51:57.173+0000] {processor.py:208} INFO - Processing /opt/airflow/dags/tmp.py took 2.577 seconds
[2025-05-19T03:52:27.558+0000] {processor.py:186} INFO - Started process (PID=549) to work on /opt/airflow/dags/tmp.py
[2025-05-19T03:52:27.559+0000] {processor.py:914} INFO - Processing file /opt/airflow/dags/tmp.py for tasks to queue
[2025-05-19T03:52:27.561+0000] {logging_mixin.py:190} INFO - [2025-05-19T03:52:27.561+0000] {dagbag.py:588} INFO - Filling up the DagBag from /opt/airflow/dags/tmp.py
[2025-05-19T03:52:29.946+0000] {processor.py:925} INFO - DAG(s) 'update_crypto_all' retrieved from /opt/airflow/dags/tmp.py
[2025-05-19T03:52:29.988+0000] {logging_mixin.py:190} INFO - [2025-05-19T03:52:29.987+0000] {dag.py:3239} INFO - Sync 1 DAGs
[2025-05-19T03:52:30.039+0000] {logging_mixin.py:190} INFO - [2025-05-19T03:52:30.039+0000] {dag.py:4180} INFO - Setting next_dagrun for update_crypto_all to 2025-05-19 00:00:00+00:00, run_after=2025-05-20 00:00:00+00:00
[2025-05-19T03:52:30.088+0000] {processor.py:208} INFO - Processing /opt/airflow/dags/tmp.py took 2.536 seconds
[2025-05-19T03:53:00.499+0000] {processor.py:186} INFO - Started process (PID=575) to work on /opt/airflow/dags/tmp.py
[2025-05-19T03:53:00.500+0000] {processor.py:914} INFO - Processing file /opt/airflow/dags/tmp.py for tasks to queue
[2025-05-19T03:53:00.504+0000] {logging_mixin.py:190} INFO - [2025-05-19T03:53:00.503+0000] {dagbag.py:588} INFO - Filling up the DagBag from /opt/airflow/dags/tmp.py
[2025-05-19T03:53:03.010+0000] {processor.py:925} INFO - DAG(s) 'update_crypto_all' retrieved from /opt/airflow/dags/tmp.py
[2025-05-19T03:53:03.046+0000] {logging_mixin.py:190} INFO - [2025-05-19T03:53:03.045+0000] {dag.py:3239} INFO - Sync 1 DAGs
[2025-05-19T03:53:03.116+0000] {logging_mixin.py:190} INFO - [2025-05-19T03:53:03.116+0000] {dag.py:4180} INFO - Setting next_dagrun for update_crypto_all to 2025-05-19 00:00:00+00:00, run_after=2025-05-20 00:00:00+00:00
[2025-05-19T03:53:03.169+0000] {processor.py:208} INFO - Processing /opt/airflow/dags/tmp.py took 2.678 seconds
[2025-05-19T03:53:33.530+0000] {processor.py:186} INFO - Started process (PID=601) to work on /opt/airflow/dags/tmp.py
[2025-05-19T03:53:33.531+0000] {processor.py:914} INFO - Processing file /opt/airflow/dags/tmp.py for tasks to queue
[2025-05-19T03:53:33.534+0000] {logging_mixin.py:190} INFO - [2025-05-19T03:53:33.533+0000] {dagbag.py:588} INFO - Filling up the DagBag from /opt/airflow/dags/tmp.py
[2025-05-19T03:53:35.991+0000] {processor.py:925} INFO - DAG(s) 'update_crypto_all' retrieved from /opt/airflow/dags/tmp.py
[2025-05-19T03:53:36.026+0000] {logging_mixin.py:190} INFO - [2025-05-19T03:53:36.025+0000] {dag.py:3239} INFO - Sync 1 DAGs
[2025-05-19T03:53:36.060+0000] {logging_mixin.py:190} INFO - [2025-05-19T03:53:36.059+0000] {dag.py:4180} INFO - Setting next_dagrun for update_crypto_all to 2025-05-19 00:00:00+00:00, run_after=2025-05-20 00:00:00+00:00
[2025-05-19T03:53:36.105+0000] {processor.py:208} INFO - Processing /opt/airflow/dags/tmp.py took 2.582 seconds
[2025-05-19T03:54:06.484+0000] {processor.py:186} INFO - Started process (PID=627) to work on /opt/airflow/dags/tmp.py
[2025-05-19T03:54:06.486+0000] {processor.py:914} INFO - Processing file /opt/airflow/dags/tmp.py for tasks to queue
[2025-05-19T03:54:06.488+0000] {logging_mixin.py:190} INFO - [2025-05-19T03:54:06.488+0000] {dagbag.py:588} INFO - Filling up the DagBag from /opt/airflow/dags/tmp.py
[2025-05-19T03:54:08.855+0000] {processor.py:925} INFO - DAG(s) 'update_crypto_all' retrieved from /opt/airflow/dags/tmp.py
[2025-05-19T03:54:08.890+0000] {logging_mixin.py:190} INFO - [2025-05-19T03:54:08.889+0000] {dag.py:3239} INFO - Sync 1 DAGs
[2025-05-19T03:54:08.944+0000] {logging_mixin.py:190} INFO - [2025-05-19T03:54:08.944+0000] {dag.py:4180} INFO - Setting next_dagrun for update_crypto_all to 2025-05-19 00:00:00+00:00, run_after=2025-05-20 00:00:00+00:00
[2025-05-19T03:54:08.978+0000] {processor.py:208} INFO - Processing /opt/airflow/dags/tmp.py took 2.500 seconds
[2025-05-19T03:54:39.311+0000] {processor.py:186} INFO - Started process (PID=653) to work on /opt/airflow/dags/tmp.py
[2025-05-19T03:54:39.312+0000] {processor.py:914} INFO - Processing file /opt/airflow/dags/tmp.py for tasks to queue
[2025-05-19T03:54:39.316+0000] {logging_mixin.py:190} INFO - [2025-05-19T03:54:39.316+0000] {dagbag.py:588} INFO - Filling up the DagBag from /opt/airflow/dags/tmp.py
[2025-05-19T03:54:43.128+0000] {processor.py:925} INFO - DAG(s) 'update_crypto_all' retrieved from /opt/airflow/dags/tmp.py
[2025-05-19T03:54:43.166+0000] {logging_mixin.py:190} INFO - [2025-05-19T03:54:43.165+0000] {dag.py:3239} INFO - Sync 1 DAGs
[2025-05-19T03:54:43.217+0000] {logging_mixin.py:190} INFO - [2025-05-19T03:54:43.216+0000] {dag.py:4180} INFO - Setting next_dagrun for update_crypto_all to 2025-05-19 00:00:00+00:00, run_after=2025-05-20 00:00:00+00:00
[2025-05-19T03:54:43.267+0000] {processor.py:208} INFO - Processing /opt/airflow/dags/tmp.py took 3.965 seconds
[2025-05-19T03:55:13.606+0000] {processor.py:186} INFO - Started process (PID=679) to work on /opt/airflow/dags/tmp.py
[2025-05-19T03:55:13.607+0000] {processor.py:914} INFO - Processing file /opt/airflow/dags/tmp.py for tasks to queue
[2025-05-19T03:55:13.611+0000] {logging_mixin.py:190} INFO - [2025-05-19T03:55:13.610+0000] {dagbag.py:588} INFO - Filling up the DagBag from /opt/airflow/dags/tmp.py
[2025-05-19T03:55:16.533+0000] {processor.py:925} INFO - DAG(s) 'update_crypto_all' retrieved from /opt/airflow/dags/tmp.py
[2025-05-19T03:55:16.564+0000] {logging_mixin.py:190} INFO - [2025-05-19T03:55:16.563+0000] {dag.py:3239} INFO - Sync 1 DAGs
[2025-05-19T03:55:16.602+0000] {logging_mixin.py:190} INFO - [2025-05-19T03:55:16.601+0000] {dag.py:4180} INFO - Setting next_dagrun for update_crypto_all to 2025-05-19 00:00:00+00:00, run_after=2025-05-20 00:00:00+00:00
[2025-05-19T03:55:16.628+0000] {processor.py:208} INFO - Processing /opt/airflow/dags/tmp.py took 3.029 seconds
[2025-05-19T03:55:46.949+0000] {processor.py:186} INFO - Started process (PID=705) to work on /opt/airflow/dags/tmp.py
[2025-05-19T03:55:46.951+0000] {processor.py:914} INFO - Processing file /opt/airflow/dags/tmp.py for tasks to queue
[2025-05-19T03:55:46.954+0000] {logging_mixin.py:190} INFO - [2025-05-19T03:55:46.954+0000] {dagbag.py:588} INFO - Filling up the DagBag from /opt/airflow/dags/tmp.py
[2025-05-19T03:55:50.087+0000] {processor.py:925} INFO - DAG(s) 'update_crypto_all' retrieved from /opt/airflow/dags/tmp.py
[2025-05-19T03:55:50.128+0000] {logging_mixin.py:190} INFO - [2025-05-19T03:55:50.127+0000] {dag.py:3239} INFO - Sync 1 DAGs
[2025-05-19T03:55:50.181+0000] {logging_mixin.py:190} INFO - [2025-05-19T03:55:50.181+0000] {dag.py:4180} INFO - Setting next_dagrun for update_crypto_all to 2025-05-19 00:00:00+00:00, run_after=2025-05-20 00:00:00+00:00
[2025-05-19T03:55:50.216+0000] {processor.py:208} INFO - Processing /opt/airflow/dags/tmp.py took 3.276 seconds
[2025-05-19T03:56:20.401+0000] {processor.py:186} INFO - Started process (PID=731) to work on /opt/airflow/dags/tmp.py
[2025-05-19T03:56:20.403+0000] {processor.py:914} INFO - Processing file /opt/airflow/dags/tmp.py for tasks to queue
[2025-05-19T03:56:20.408+0000] {logging_mixin.py:190} INFO - [2025-05-19T03:56:20.407+0000] {dagbag.py:588} INFO - Filling up the DagBag from /opt/airflow/dags/tmp.py
[2025-05-19T03:56:23.631+0000] {processor.py:925} INFO - DAG(s) 'update_crypto_all' retrieved from /opt/airflow/dags/tmp.py
[2025-05-19T03:56:23.663+0000] {logging_mixin.py:190} INFO - [2025-05-19T03:56:23.662+0000] {dag.py:3239} INFO - Sync 1 DAGs
[2025-05-19T03:56:23.695+0000] {logging_mixin.py:190} INFO - [2025-05-19T03:56:23.695+0000] {dag.py:4180} INFO - Setting next_dagrun for update_crypto_all to 2025-05-19 00:00:00+00:00, run_after=2025-05-20 00:00:00+00:00
[2025-05-19T03:56:23.723+0000] {processor.py:208} INFO - Processing /opt/airflow/dags/tmp.py took 3.329 seconds
[2025-05-19T03:56:54.226+0000] {processor.py:186} INFO - Started process (PID=757) to work on /opt/airflow/dags/tmp.py
[2025-05-19T03:56:54.227+0000] {processor.py:914} INFO - Processing file /opt/airflow/dags/tmp.py for tasks to queue
[2025-05-19T03:56:54.229+0000] {logging_mixin.py:190} INFO - [2025-05-19T03:56:54.229+0000] {dagbag.py:588} INFO - Filling up the DagBag from /opt/airflow/dags/tmp.py
[2025-05-19T03:56:56.219+0000] {processor.py:925} INFO - DAG(s) 'update_crypto_all' retrieved from /opt/airflow/dags/tmp.py
[2025-05-19T03:56:56.242+0000] {logging_mixin.py:190} INFO - [2025-05-19T03:56:56.242+0000] {dag.py:3239} INFO - Sync 1 DAGs
[2025-05-19T03:56:56.267+0000] {logging_mixin.py:190} INFO - [2025-05-19T03:56:56.267+0000] {dag.py:4180} INFO - Setting next_dagrun for update_crypto_all to 2025-05-19 00:00:00+00:00, run_after=2025-05-20 00:00:00+00:00
[2025-05-19T03:56:56.308+0000] {processor.py:208} INFO - Processing /opt/airflow/dags/tmp.py took 2.088 seconds
[2025-05-19T03:57:26.676+0000] {processor.py:186} INFO - Started process (PID=783) to work on /opt/airflow/dags/tmp.py
[2025-05-19T03:57:26.677+0000] {processor.py:914} INFO - Processing file /opt/airflow/dags/tmp.py for tasks to queue
[2025-05-19T03:57:26.680+0000] {logging_mixin.py:190} INFO - [2025-05-19T03:57:26.679+0000] {dagbag.py:588} INFO - Filling up the DagBag from /opt/airflow/dags/tmp.py
[2025-05-19T03:57:28.704+0000] {processor.py:925} INFO - DAG(s) 'update_crypto_all' retrieved from /opt/airflow/dags/tmp.py
[2025-05-19T03:57:28.731+0000] {logging_mixin.py:190} INFO - [2025-05-19T03:57:28.731+0000] {dag.py:3239} INFO - Sync 1 DAGs
[2025-05-19T03:57:28.760+0000] {logging_mixin.py:190} INFO - [2025-05-19T03:57:28.760+0000] {dag.py:4180} INFO - Setting next_dagrun for update_crypto_all to 2025-05-19 00:00:00+00:00, run_after=2025-05-20 00:00:00+00:00
[2025-05-19T03:57:28.781+0000] {processor.py:208} INFO - Processing /opt/airflow/dags/tmp.py took 2.113 seconds
[2025-05-19T03:57:59.087+0000] {processor.py:186} INFO - Started process (PID=809) to work on /opt/airflow/dags/tmp.py
[2025-05-19T03:57:59.088+0000] {processor.py:914} INFO - Processing file /opt/airflow/dags/tmp.py for tasks to queue
[2025-05-19T03:57:59.091+0000] {logging_mixin.py:190} INFO - [2025-05-19T03:57:59.090+0000] {dagbag.py:588} INFO - Filling up the DagBag from /opt/airflow/dags/tmp.py
[2025-05-19T03:58:05.882+0000] {logging_mixin.py:190} INFO - [2025-05-19T03:58:05.882+0000] {process_utils.py:266} INFO - Waiting up to 5 seconds for processes to exit...
[2025-05-19T05:57:31.804+0000] {processor.py:186} INFO - Started process (PID=171) to work on /opt/airflow/dags/tmp.py
[2025-05-19T05:57:31.807+0000] {processor.py:914} INFO - Processing file /opt/airflow/dags/tmp.py for tasks to queue
[2025-05-19T05:57:31.812+0000] {logging_mixin.py:190} INFO - [2025-05-19T05:57:31.812+0000] {dagbag.py:588} INFO - Filling up the DagBag from /opt/airflow/dags/tmp.py
[2025-05-19T05:57:36.520+0000] {processor.py:925} INFO - DAG(s) 'update_crypto_all' retrieved from /opt/airflow/dags/tmp.py
[2025-05-19T05:57:36.559+0000] {logging_mixin.py:190} INFO - [2025-05-19T05:57:36.558+0000] {dag.py:3239} INFO - Sync 1 DAGs
[2025-05-19T05:57:36.599+0000] {logging_mixin.py:190} INFO - [2025-05-19T05:57:36.599+0000] {dag.py:4180} INFO - Setting next_dagrun for update_crypto_all to 2025-05-19 00:00:00+00:00, run_after=2025-05-20 00:00:00+00:00
[2025-05-19T05:57:36.627+0000] {processor.py:208} INFO - Processing /opt/airflow/dags/tmp.py took 4.835 seconds
[2025-05-19T05:58:07.006+0000] {processor.py:186} INFO - Started process (PID=197) to work on /opt/airflow/dags/tmp.py
[2025-05-19T05:58:07.007+0000] {processor.py:914} INFO - Processing file /opt/airflow/dags/tmp.py for tasks to queue
[2025-05-19T05:58:07.011+0000] {logging_mixin.py:190} INFO - [2025-05-19T05:58:07.011+0000] {dagbag.py:588} INFO - Filling up the DagBag from /opt/airflow/dags/tmp.py
[2025-05-19T05:58:09.462+0000] {processor.py:925} INFO - DAG(s) 'update_crypto_all' retrieved from /opt/airflow/dags/tmp.py
[2025-05-19T05:58:09.494+0000] {logging_mixin.py:190} INFO - [2025-05-19T05:58:09.493+0000] {dag.py:3239} INFO - Sync 1 DAGs
[2025-05-19T05:58:09.538+0000] {logging_mixin.py:190} INFO - [2025-05-19T05:58:09.537+0000] {dag.py:4180} INFO - Setting next_dagrun for update_crypto_all to 2025-05-19 00:00:00+00:00, run_after=2025-05-20 00:00:00+00:00
[2025-05-19T05:58:09.559+0000] {processor.py:208} INFO - Processing /opt/airflow/dags/tmp.py took 2.564 seconds
[2025-05-19T05:58:39.940+0000] {processor.py:186} INFO - Started process (PID=233) to work on /opt/airflow/dags/tmp.py
[2025-05-19T05:58:39.943+0000] {processor.py:914} INFO - Processing file /opt/airflow/dags/tmp.py for tasks to queue
[2025-05-19T05:58:39.947+0000] {logging_mixin.py:190} INFO - [2025-05-19T05:58:39.947+0000] {dagbag.py:588} INFO - Filling up the DagBag from /opt/airflow/dags/tmp.py
[2025-05-19T05:58:42.839+0000] {processor.py:925} INFO - DAG(s) 'update_crypto_all' retrieved from /opt/airflow/dags/tmp.py
[2025-05-19T05:58:42.877+0000] {logging_mixin.py:190} INFO - [2025-05-19T05:58:42.876+0000] {dag.py:3239} INFO - Sync 1 DAGs
[2025-05-19T05:58:42.917+0000] {logging_mixin.py:190} INFO - [2025-05-19T05:58:42.917+0000] {dag.py:4180} INFO - Setting next_dagrun for update_crypto_all to 2025-05-19 00:00:00+00:00, run_after=2025-05-20 00:00:00+00:00
[2025-05-19T05:58:42.951+0000] {processor.py:208} INFO - Processing /opt/airflow/dags/tmp.py took 3.019 seconds
[2025-05-19T05:59:13.069+0000] {processor.py:186} INFO - Started process (PID=259) to work on /opt/airflow/dags/tmp.py
[2025-05-19T05:59:13.070+0000] {processor.py:914} INFO - Processing file /opt/airflow/dags/tmp.py for tasks to queue
[2025-05-19T05:59:13.076+0000] {logging_mixin.py:190} INFO - [2025-05-19T05:59:13.076+0000] {dagbag.py:588} INFO - Filling up the DagBag from /opt/airflow/dags/tmp.py
[2025-05-19T05:59:16.781+0000] {processor.py:925} INFO - DAG(s) 'update_crypto_all' retrieved from /opt/airflow/dags/tmp.py
[2025-05-19T05:59:16.824+0000] {logging_mixin.py:190} INFO - [2025-05-19T05:59:16.823+0000] {dag.py:3239} INFO - Sync 1 DAGs
[2025-05-19T05:59:16.877+0000] {logging_mixin.py:190} INFO - [2025-05-19T05:59:16.876+0000] {dag.py:4180} INFO - Setting next_dagrun for update_crypto_all to 2025-05-19 00:00:00+00:00, run_after=2025-05-20 00:00:00+00:00
[2025-05-19T05:59:16.907+0000] {processor.py:208} INFO - Processing /opt/airflow/dags/tmp.py took 3.850 seconds
[2025-05-19T05:59:47.077+0000] {processor.py:186} INFO - Started process (PID=285) to work on /opt/airflow/dags/tmp.py
[2025-05-19T05:59:47.087+0000] {processor.py:914} INFO - Processing file /opt/airflow/dags/tmp.py for tasks to queue
[2025-05-19T05:59:47.096+0000] {logging_mixin.py:190} INFO - [2025-05-19T05:59:47.095+0000] {dagbag.py:588} INFO - Filling up the DagBag from /opt/airflow/dags/tmp.py
[2025-05-19T05:59:51.875+0000] {processor.py:925} INFO - DAG(s) 'update_crypto_all' retrieved from /opt/airflow/dags/tmp.py
[2025-05-19T05:59:51.933+0000] {logging_mixin.py:190} INFO - [2025-05-19T05:59:51.932+0000] {dag.py:3239} INFO - Sync 1 DAGs
[2025-05-19T05:59:51.989+0000] {logging_mixin.py:190} INFO - [2025-05-19T05:59:51.989+0000] {dag.py:4180} INFO - Setting next_dagrun for update_crypto_all to 2025-05-19 00:00:00+00:00, run_after=2025-05-20 00:00:00+00:00
[2025-05-19T05:59:52.025+0000] {processor.py:208} INFO - Processing /opt/airflow/dags/tmp.py took 4.968 seconds
[2025-05-19T06:00:22.480+0000] {processor.py:186} INFO - Started process (PID=311) to work on /opt/airflow/dags/tmp.py
[2025-05-19T06:00:22.482+0000] {processor.py:914} INFO - Processing file /opt/airflow/dags/tmp.py for tasks to queue
[2025-05-19T06:00:22.485+0000] {logging_mixin.py:190} INFO - [2025-05-19T06:00:22.484+0000] {dagbag.py:588} INFO - Filling up the DagBag from /opt/airflow/dags/tmp.py
[2025-05-19T06:00:24.336+0000] {processor.py:925} INFO - DAG(s) 'update_crypto_all' retrieved from /opt/airflow/dags/tmp.py
[2025-05-19T06:00:24.362+0000] {logging_mixin.py:190} INFO - [2025-05-19T06:00:24.362+0000] {dag.py:3239} INFO - Sync 1 DAGs
[2025-05-19T06:00:24.387+0000] {logging_mixin.py:190} INFO - [2025-05-19T06:00:24.387+0000] {dag.py:4180} INFO - Setting next_dagrun for update_crypto_all to 2025-05-19 00:00:00+00:00, run_after=2025-05-20 00:00:00+00:00
[2025-05-19T06:00:24.406+0000] {processor.py:208} INFO - Processing /opt/airflow/dags/tmp.py took 1.933 seconds
[2025-05-19T06:00:54.835+0000] {processor.py:186} INFO - Started process (PID=374) to work on /opt/airflow/dags/tmp.py
[2025-05-19T06:00:54.838+0000] {processor.py:914} INFO - Processing file /opt/airflow/dags/tmp.py for tasks to queue
[2025-05-19T06:00:54.845+0000] {logging_mixin.py:190} INFO - [2025-05-19T06:00:54.844+0000] {dagbag.py:588} INFO - Filling up the DagBag from /opt/airflow/dags/tmp.py
[2025-05-19T06:00:57.554+0000] {processor.py:925} INFO - DAG(s) 'update_crypto_all' retrieved from /opt/airflow/dags/tmp.py
[2025-05-19T06:00:57.585+0000] {logging_mixin.py:190} INFO - [2025-05-19T06:00:57.584+0000] {dag.py:3239} INFO - Sync 1 DAGs
[2025-05-19T06:00:57.617+0000] {logging_mixin.py:190} INFO - [2025-05-19T06:00:57.617+0000] {dag.py:4180} INFO - Setting next_dagrun for update_crypto_all to 2025-05-19 00:00:00+00:00, run_after=2025-05-20 00:00:00+00:00
[2025-05-19T06:00:57.642+0000] {processor.py:208} INFO - Processing /opt/airflow/dags/tmp.py took 2.826 seconds
[2025-05-19T06:01:27.743+0000] {processor.py:186} INFO - Started process (PID=441) to work on /opt/airflow/dags/tmp.py
[2025-05-19T06:01:27.744+0000] {processor.py:914} INFO - Processing file /opt/airflow/dags/tmp.py for tasks to queue
[2025-05-19T06:01:27.747+0000] {logging_mixin.py:190} INFO - [2025-05-19T06:01:27.746+0000] {dagbag.py:588} INFO - Filling up the DagBag from /opt/airflow/dags/tmp.py
[2025-05-19T06:01:29.850+0000] {processor.py:925} INFO - DAG(s) 'update_crypto_all' retrieved from /opt/airflow/dags/tmp.py
[2025-05-19T06:01:29.877+0000] {logging_mixin.py:190} INFO - [2025-05-19T06:01:29.876+0000] {dag.py:3239} INFO - Sync 1 DAGs
[2025-05-19T06:01:29.906+0000] {logging_mixin.py:190} INFO - [2025-05-19T06:01:29.905+0000] {dag.py:4180} INFO - Setting next_dagrun for update_crypto_all to 2025-05-19 00:00:00+00:00, run_after=2025-05-20 00:00:00+00:00
[2025-05-19T06:01:29.951+0000] {processor.py:208} INFO - Processing /opt/airflow/dags/tmp.py took 2.217 seconds
[2025-05-19T06:02:00.108+0000] {processor.py:186} INFO - Started process (PID=480) to work on /opt/airflow/dags/tmp.py
[2025-05-19T06:02:00.110+0000] {processor.py:914} INFO - Processing file /opt/airflow/dags/tmp.py for tasks to queue
[2025-05-19T06:02:00.113+0000] {logging_mixin.py:190} INFO - [2025-05-19T06:02:00.113+0000] {dagbag.py:588} INFO - Filling up the DagBag from /opt/airflow/dags/tmp.py
[2025-05-19T06:02:02.258+0000] {processor.py:925} INFO - DAG(s) 'update_crypto_all' retrieved from /opt/airflow/dags/tmp.py
[2025-05-19T06:02:02.286+0000] {logging_mixin.py:190} INFO - [2025-05-19T06:02:02.286+0000] {dag.py:3239} INFO - Sync 1 DAGs
[2025-05-19T06:02:02.317+0000] {logging_mixin.py:190} INFO - [2025-05-19T06:02:02.317+0000] {dag.py:4180} INFO - Setting next_dagrun for update_crypto_all to 2025-05-19 00:00:00+00:00, run_after=2025-05-20 00:00:00+00:00
[2025-05-19T06:02:02.348+0000] {processor.py:208} INFO - Processing /opt/airflow/dags/tmp.py took 2.249 seconds
[2025-05-19T06:02:32.952+0000] {processor.py:186} INFO - Started process (PID=532) to work on /opt/airflow/dags/tmp.py
[2025-05-19T06:02:32.954+0000] {processor.py:914} INFO - Processing file /opt/airflow/dags/tmp.py for tasks to queue
[2025-05-19T06:02:32.957+0000] {logging_mixin.py:190} INFO - [2025-05-19T06:02:32.957+0000] {dagbag.py:588} INFO - Filling up the DagBag from /opt/airflow/dags/tmp.py
[2025-05-19T06:02:35.693+0000] {processor.py:925} INFO - DAG(s) 'update_crypto_all' retrieved from /opt/airflow/dags/tmp.py
[2025-05-19T06:02:35.724+0000] {logging_mixin.py:190} INFO - [2025-05-19T06:02:35.724+0000] {dag.py:3239} INFO - Sync 1 DAGs
[2025-05-19T06:02:35.762+0000] {logging_mixin.py:190} INFO - [2025-05-19T06:02:35.762+0000] {dag.py:4180} INFO - Setting next_dagrun for update_crypto_all to 2025-05-19 00:00:00+00:00, run_after=2025-05-20 00:00:00+00:00
[2025-05-19T06:02:35.789+0000] {processor.py:208} INFO - Processing /opt/airflow/dags/tmp.py took 2.851 seconds
[2025-05-19T06:03:06.155+0000] {processor.py:186} INFO - Started process (PID=590) to work on /opt/airflow/dags/tmp.py
[2025-05-19T06:03:06.156+0000] {processor.py:914} INFO - Processing file /opt/airflow/dags/tmp.py for tasks to queue
[2025-05-19T06:03:06.159+0000] {logging_mixin.py:190} INFO - [2025-05-19T06:03:06.158+0000] {dagbag.py:588} INFO - Filling up the DagBag from /opt/airflow/dags/tmp.py
[2025-05-19T06:03:08.227+0000] {processor.py:925} INFO - DAG(s) 'update_crypto_all' retrieved from /opt/airflow/dags/tmp.py
[2025-05-19T06:03:08.249+0000] {logging_mixin.py:190} INFO - [2025-05-19T06:03:08.249+0000] {dag.py:3239} INFO - Sync 1 DAGs
[2025-05-19T06:03:08.273+0000] {logging_mixin.py:190} INFO - [2025-05-19T06:03:08.272+0000] {dag.py:4180} INFO - Setting next_dagrun for update_crypto_all to 2025-05-19 00:00:00+00:00, run_after=2025-05-20 00:00:00+00:00
[2025-05-19T06:03:08.295+0000] {processor.py:208} INFO - Processing /opt/airflow/dags/tmp.py took 2.149 seconds
[2025-05-19T06:03:32.494+0000] {processor.py:186} INFO - Started process (PID=657) to work on /opt/airflow/dags/tmp.py
[2025-05-19T06:03:32.495+0000] {processor.py:914} INFO - Processing file /opt/airflow/dags/tmp.py for tasks to queue
[2025-05-19T06:03:32.499+0000] {logging_mixin.py:190} INFO - [2025-05-19T06:03:32.498+0000] {dagbag.py:588} INFO - Filling up the DagBag from /opt/airflow/dags/tmp.py
[2025-05-19T06:03:34.781+0000] {processor.py:925} INFO - DAG(s) 'update_crypto_all' retrieved from /opt/airflow/dags/tmp.py
[2025-05-19T06:03:34.809+0000] {logging_mixin.py:190} INFO - [2025-05-19T06:03:34.808+0000] {dag.py:3239} INFO - Sync 1 DAGs
[2025-05-19T06:03:34.839+0000] {logging_mixin.py:190} INFO - [2025-05-19T06:03:34.839+0000] {dag.py:4180} INFO - Setting next_dagrun for update_crypto_all to 2025-05-19 00:00:00+00:00, run_after=2025-05-20 00:00:00+00:00
[2025-05-19T06:03:34.871+0000] {processor.py:208} INFO - Processing /opt/airflow/dags/tmp.py took 2.388 seconds
[2025-05-19T06:04:05.215+0000] {processor.py:186} INFO - Started process (PID=685) to work on /opt/airflow/dags/tmp.py
[2025-05-19T06:04:05.216+0000] {processor.py:914} INFO - Processing file /opt/airflow/dags/tmp.py for tasks to queue
[2025-05-19T06:04:05.218+0000] {logging_mixin.py:190} INFO - [2025-05-19T06:04:05.218+0000] {dagbag.py:588} INFO - Filling up the DagBag from /opt/airflow/dags/tmp.py
[2025-05-19T06:04:07.534+0000] {processor.py:925} INFO - DAG(s) 'update_crypto_all' retrieved from /opt/airflow/dags/tmp.py
[2025-05-19T06:04:07.594+0000] {logging_mixin.py:190} INFO - [2025-05-19T06:04:07.593+0000] {dag.py:3239} INFO - Sync 1 DAGs
[2025-05-19T06:04:07.640+0000] {logging_mixin.py:190} INFO - [2025-05-19T06:04:07.640+0000] {dag.py:4180} INFO - Setting next_dagrun for update_crypto_all to 2025-05-19 00:00:00+00:00, run_after=2025-05-20 00:00:00+00:00
[2025-05-19T06:04:07.666+0000] {processor.py:208} INFO - Processing /opt/airflow/dags/tmp.py took 2.458 seconds
[2025-05-19T06:04:38.019+0000] {processor.py:186} INFO - Started process (PID=715) to work on /opt/airflow/dags/tmp.py
[2025-05-19T06:04:38.021+0000] {processor.py:914} INFO - Processing file /opt/airflow/dags/tmp.py for tasks to queue
[2025-05-19T06:04:38.025+0000] {logging_mixin.py:190} INFO - [2025-05-19T06:04:38.024+0000] {dagbag.py:588} INFO - Filling up the DagBag from /opt/airflow/dags/tmp.py
[2025-05-19T06:04:40.577+0000] {processor.py:925} INFO - DAG(s) 'update_crypto_all' retrieved from /opt/airflow/dags/tmp.py
[2025-05-19T06:04:40.599+0000] {logging_mixin.py:190} INFO - [2025-05-19T06:04:40.599+0000] {dag.py:3239} INFO - Sync 1 DAGs
[2025-05-19T06:04:40.621+0000] {logging_mixin.py:190} INFO - [2025-05-19T06:04:40.621+0000] {dag.py:4180} INFO - Setting next_dagrun for update_crypto_all to 2025-05-19 00:00:00+00:00, run_after=2025-05-20 00:00:00+00:00
[2025-05-19T06:04:40.661+0000] {processor.py:208} INFO - Processing /opt/airflow/dags/tmp.py took 2.651 seconds
[2025-05-19T06:05:10.741+0000] {processor.py:186} INFO - Started process (PID=776) to work on /opt/airflow/dags/tmp.py
[2025-05-19T06:05:10.743+0000] {processor.py:914} INFO - Processing file /opt/airflow/dags/tmp.py for tasks to queue
[2025-05-19T06:05:10.748+0000] {logging_mixin.py:190} INFO - [2025-05-19T06:05:10.747+0000] {dagbag.py:588} INFO - Filling up the DagBag from /opt/airflow/dags/tmp.py
[2025-05-19T06:05:14.240+0000] {processor.py:925} INFO - DAG(s) 'update_crypto_all' retrieved from /opt/airflow/dags/tmp.py
[2025-05-19T06:05:14.271+0000] {logging_mixin.py:190} INFO - [2025-05-19T06:05:14.270+0000] {dag.py:3239} INFO - Sync 1 DAGs
[2025-05-19T06:05:14.305+0000] {logging_mixin.py:190} INFO - [2025-05-19T06:05:14.305+0000] {dag.py:4180} INFO - Setting next_dagrun for update_crypto_all to 2025-05-19 00:00:00+00:00, run_after=2025-05-20 00:00:00+00:00
[2025-05-19T06:05:14.335+0000] {processor.py:208} INFO - Processing /opt/airflow/dags/tmp.py took 3.602 seconds
[2025-05-19T06:05:44.553+0000] {processor.py:186} INFO - Started process (PID=864) to work on /opt/airflow/dags/tmp.py
[2025-05-19T06:05:44.555+0000] {processor.py:914} INFO - Processing file /opt/airflow/dags/tmp.py for tasks to queue
[2025-05-19T06:05:44.558+0000] {logging_mixin.py:190} INFO - [2025-05-19T06:05:44.558+0000] {dagbag.py:588} INFO - Filling up the DagBag from /opt/airflow/dags/tmp.py
[2025-05-19T06:05:47.682+0000] {processor.py:925} INFO - DAG(s) 'update_crypto_all' retrieved from /opt/airflow/dags/tmp.py
[2025-05-19T06:05:47.719+0000] {logging_mixin.py:190} INFO - [2025-05-19T06:05:47.718+0000] {dag.py:3239} INFO - Sync 1 DAGs
[2025-05-19T06:05:47.765+0000] {logging_mixin.py:190} INFO - [2025-05-19T06:05:47.765+0000] {dag.py:4180} INFO - Setting next_dagrun for update_crypto_all to 2025-05-19 00:00:00+00:00, run_after=2025-05-20 00:00:00+00:00
[2025-05-19T06:05:47.796+0000] {processor.py:208} INFO - Processing /opt/airflow/dags/tmp.py took 3.254 seconds
[2025-05-19T06:06:18.351+0000] {processor.py:186} INFO - Started process (PID=907) to work on /opt/airflow/dags/tmp.py
[2025-05-19T06:06:18.353+0000] {processor.py:914} INFO - Processing file /opt/airflow/dags/tmp.py for tasks to queue
[2025-05-19T06:06:18.360+0000] {logging_mixin.py:190} INFO - [2025-05-19T06:06:18.359+0000] {dagbag.py:588} INFO - Filling up the DagBag from /opt/airflow/dags/tmp.py
[2025-05-19T06:06:21.467+0000] {processor.py:925} INFO - DAG(s) 'update_crypto_all' retrieved from /opt/airflow/dags/tmp.py
[2025-05-19T06:06:21.495+0000] {logging_mixin.py:190} INFO - [2025-05-19T06:06:21.494+0000] {dag.py:3239} INFO - Sync 1 DAGs
[2025-05-19T06:06:21.531+0000] {logging_mixin.py:190} INFO - [2025-05-19T06:06:21.531+0000] {dag.py:4180} INFO - Setting next_dagrun for update_crypto_all to 2025-05-19 00:00:00+00:00, run_after=2025-05-20 00:00:00+00:00
[2025-05-19T06:06:21.553+0000] {processor.py:208} INFO - Processing /opt/airflow/dags/tmp.py took 3.216 seconds
[2025-05-19T06:06:52.121+0000] {processor.py:186} INFO - Started process (PID=940) to work on /opt/airflow/dags/tmp.py
[2025-05-19T06:06:52.124+0000] {processor.py:914} INFO - Processing file /opt/airflow/dags/tmp.py for tasks to queue
[2025-05-19T06:06:52.128+0000] {logging_mixin.py:190} INFO - [2025-05-19T06:06:52.127+0000] {dagbag.py:588} INFO - Filling up the DagBag from /opt/airflow/dags/tmp.py
[2025-05-19T06:06:54.587+0000] {processor.py:925} INFO - DAG(s) 'update_crypto_all' retrieved from /opt/airflow/dags/tmp.py
[2025-05-19T06:06:54.616+0000] {logging_mixin.py:190} INFO - [2025-05-19T06:06:54.615+0000] {dag.py:3239} INFO - Sync 1 DAGs
[2025-05-19T06:06:54.650+0000] {logging_mixin.py:190} INFO - [2025-05-19T06:06:54.650+0000] {dag.py:4180} INFO - Setting next_dagrun for update_crypto_all to 2025-05-19 00:00:00+00:00, run_after=2025-05-20 00:00:00+00:00
[2025-05-19T06:06:54.677+0000] {processor.py:208} INFO - Processing /opt/airflow/dags/tmp.py took 2.565 seconds
[2025-05-19T06:07:25.595+0000] {processor.py:186} INFO - Started process (PID=1021) to work on /opt/airflow/dags/tmp.py
[2025-05-19T06:07:25.597+0000] {processor.py:914} INFO - Processing file /opt/airflow/dags/tmp.py for tasks to queue
[2025-05-19T06:07:25.602+0000] {logging_mixin.py:190} INFO - [2025-05-19T06:07:25.601+0000] {dagbag.py:588} INFO - Filling up the DagBag from /opt/airflow/dags/tmp.py
[2025-05-19T06:07:28.993+0000] {processor.py:925} INFO - DAG(s) 'update_crypto_all' retrieved from /opt/airflow/dags/tmp.py
[2025-05-19T06:07:29.022+0000] {logging_mixin.py:190} INFO - [2025-05-19T06:07:29.021+0000] {dag.py:3239} INFO - Sync 1 DAGs
[2025-05-19T06:07:29.053+0000] {logging_mixin.py:190} INFO - [2025-05-19T06:07:29.052+0000] {dag.py:4180} INFO - Setting next_dagrun for update_crypto_all to 2025-05-19 00:00:00+00:00, run_after=2025-05-20 00:00:00+00:00
[2025-05-19T06:07:29.076+0000] {processor.py:208} INFO - Processing /opt/airflow/dags/tmp.py took 3.366 seconds
[2025-05-19T06:07:59.501+0000] {processor.py:186} INFO - Started process (PID=1069) to work on /opt/airflow/dags/tmp.py
[2025-05-19T06:07:59.503+0000] {processor.py:914} INFO - Processing file /opt/airflow/dags/tmp.py for tasks to queue
[2025-05-19T06:07:59.506+0000] {logging_mixin.py:190} INFO - [2025-05-19T06:07:59.505+0000] {dagbag.py:588} INFO - Filling up the DagBag from /opt/airflow/dags/tmp.py
[2025-05-19T06:08:01.517+0000] {processor.py:925} INFO - DAG(s) 'update_crypto_all' retrieved from /opt/airflow/dags/tmp.py
[2025-05-19T06:08:01.542+0000] {logging_mixin.py:190} INFO - [2025-05-19T06:08:01.542+0000] {dag.py:3239} INFO - Sync 1 DAGs
[2025-05-19T06:08:01.569+0000] {logging_mixin.py:190} INFO - [2025-05-19T06:08:01.568+0000] {dag.py:4180} INFO - Setting next_dagrun for update_crypto_all to 2025-05-19 00:00:00+00:00, run_after=2025-05-20 00:00:00+00:00
[2025-05-19T06:08:01.589+0000] {processor.py:208} INFO - Processing /opt/airflow/dags/tmp.py took 2.097 seconds
[2025-05-19T06:08:31.987+0000] {processor.py:186} INFO - Started process (PID=1095) to work on /opt/airflow/dags/tmp.py
[2025-05-19T06:08:31.989+0000] {processor.py:914} INFO - Processing file /opt/airflow/dags/tmp.py for tasks to queue
[2025-05-19T06:08:31.991+0000] {logging_mixin.py:190} INFO - [2025-05-19T06:08:31.991+0000] {dagbag.py:588} INFO - Filling up the DagBag from /opt/airflow/dags/tmp.py
[2025-05-19T06:08:34.082+0000] {processor.py:925} INFO - DAG(s) 'update_crypto_all' retrieved from /opt/airflow/dags/tmp.py
[2025-05-19T06:08:34.108+0000] {logging_mixin.py:190} INFO - [2025-05-19T06:08:34.108+0000] {dag.py:3239} INFO - Sync 1 DAGs
[2025-05-19T06:08:34.134+0000] {logging_mixin.py:190} INFO - [2025-05-19T06:08:34.134+0000] {dag.py:4180} INFO - Setting next_dagrun for update_crypto_all to 2025-05-19 00:00:00+00:00, run_after=2025-05-20 00:00:00+00:00
[2025-05-19T06:08:34.153+0000] {processor.py:208} INFO - Processing /opt/airflow/dags/tmp.py took 2.173 seconds
[2025-05-19T06:09:04.395+0000] {processor.py:186} INFO - Started process (PID=1162) to work on /opt/airflow/dags/tmp.py
[2025-05-19T06:09:04.397+0000] {processor.py:914} INFO - Processing file /opt/airflow/dags/tmp.py for tasks to queue
[2025-05-19T06:09:04.402+0000] {logging_mixin.py:190} INFO - [2025-05-19T06:09:04.401+0000] {dagbag.py:588} INFO - Filling up the DagBag from /opt/airflow/dags/tmp.py
[2025-05-19T06:09:06.761+0000] {processor.py:925} INFO - DAG(s) 'update_crypto_all' retrieved from /opt/airflow/dags/tmp.py
[2025-05-19T06:09:06.789+0000] {logging_mixin.py:190} INFO - [2025-05-19T06:09:06.788+0000] {dag.py:3239} INFO - Sync 1 DAGs
[2025-05-19T06:09:06.821+0000] {logging_mixin.py:190} INFO - [2025-05-19T06:09:06.820+0000] {dag.py:4180} INFO - Setting next_dagrun for update_crypto_all to 2025-05-19 00:00:00+00:00, run_after=2025-05-20 00:00:00+00:00
[2025-05-19T06:09:06.845+0000] {processor.py:208} INFO - Processing /opt/airflow/dags/tmp.py took 2.463 seconds
[2025-05-19T06:09:37.203+0000] {processor.py:186} INFO - Started process (PID=1222) to work on /opt/airflow/dags/tmp.py
[2025-05-19T06:09:37.205+0000] {processor.py:914} INFO - Processing file /opt/airflow/dags/tmp.py for tasks to queue
[2025-05-19T06:09:37.207+0000] {logging_mixin.py:190} INFO - [2025-05-19T06:09:37.207+0000] {dagbag.py:588} INFO - Filling up the DagBag from /opt/airflow/dags/tmp.py
[2025-05-19T06:09:39.127+0000] {processor.py:925} INFO - DAG(s) 'update_crypto_all' retrieved from /opt/airflow/dags/tmp.py
[2025-05-19T06:09:39.150+0000] {logging_mixin.py:190} INFO - [2025-05-19T06:09:39.149+0000] {dag.py:3239} INFO - Sync 1 DAGs
[2025-05-19T06:09:39.173+0000] {logging_mixin.py:190} INFO - [2025-05-19T06:09:39.173+0000] {dag.py:4180} INFO - Setting next_dagrun for update_crypto_all to 2025-05-19 00:00:00+00:00, run_after=2025-05-20 00:00:00+00:00
[2025-05-19T06:09:39.209+0000] {processor.py:208} INFO - Processing /opt/airflow/dags/tmp.py took 2.014 seconds
[2025-05-19T06:10:09.535+0000] {processor.py:186} INFO - Started process (PID=1248) to work on /opt/airflow/dags/tmp.py
[2025-05-19T06:10:09.537+0000] {processor.py:914} INFO - Processing file /opt/airflow/dags/tmp.py for tasks to queue
[2025-05-19T06:10:09.539+0000] {logging_mixin.py:190} INFO - [2025-05-19T06:10:09.539+0000] {dagbag.py:588} INFO - Filling up the DagBag from /opt/airflow/dags/tmp.py
[2025-05-19T06:10:11.361+0000] {processor.py:925} INFO - DAG(s) 'update_crypto_all' retrieved from /opt/airflow/dags/tmp.py
[2025-05-19T06:10:11.387+0000] {logging_mixin.py:190} INFO - [2025-05-19T06:10:11.387+0000] {dag.py:3239} INFO - Sync 1 DAGs
[2025-05-19T06:10:11.416+0000] {logging_mixin.py:190} INFO - [2025-05-19T06:10:11.415+0000] {dag.py:4180} INFO - Setting next_dagrun for update_crypto_all to 2025-05-19 00:00:00+00:00, run_after=2025-05-20 00:00:00+00:00
[2025-05-19T06:10:11.437+0000] {processor.py:208} INFO - Processing /opt/airflow/dags/tmp.py took 1.909 seconds
[2025-05-19T06:10:41.852+0000] {processor.py:186} INFO - Started process (PID=1317) to work on /opt/airflow/dags/tmp.py
[2025-05-19T06:10:41.853+0000] {processor.py:914} INFO - Processing file /opt/airflow/dags/tmp.py for tasks to queue
[2025-05-19T06:10:41.856+0000] {logging_mixin.py:190} INFO - [2025-05-19T06:10:41.856+0000] {dagbag.py:588} INFO - Filling up the DagBag from /opt/airflow/dags/tmp.py
[2025-05-19T06:10:43.817+0000] {processor.py:925} INFO - DAG(s) 'update_crypto_all' retrieved from /opt/airflow/dags/tmp.py
[2025-05-19T06:10:43.842+0000] {logging_mixin.py:190} INFO - [2025-05-19T06:10:43.841+0000] {dag.py:3239} INFO - Sync 1 DAGs
[2025-05-19T06:10:43.865+0000] {logging_mixin.py:190} INFO - [2025-05-19T06:10:43.865+0000] {dag.py:4180} INFO - Setting next_dagrun for update_crypto_all to 2025-05-19 00:00:00+00:00, run_after=2025-05-20 00:00:00+00:00
[2025-05-19T06:10:43.903+0000] {processor.py:208} INFO - Processing /opt/airflow/dags/tmp.py took 2.060 seconds
[2025-05-19T06:11:14.228+0000] {processor.py:186} INFO - Started process (PID=1343) to work on /opt/airflow/dags/tmp.py
[2025-05-19T06:11:14.229+0000] {processor.py:914} INFO - Processing file /opt/airflow/dags/tmp.py for tasks to queue
[2025-05-19T06:11:14.232+0000] {logging_mixin.py:190} INFO - [2025-05-19T06:11:14.231+0000] {dagbag.py:588} INFO - Filling up the DagBag from /opt/airflow/dags/tmp.py
[2025-05-19T06:11:16.007+0000] {processor.py:925} INFO - DAG(s) 'update_crypto_all' retrieved from /opt/airflow/dags/tmp.py
[2025-05-19T06:11:16.034+0000] {logging_mixin.py:190} INFO - [2025-05-19T06:11:16.033+0000] {dag.py:3239} INFO - Sync 1 DAGs
[2025-05-19T06:11:16.059+0000] {logging_mixin.py:190} INFO - [2025-05-19T06:11:16.058+0000] {dag.py:4180} INFO - Setting next_dagrun for update_crypto_all to 2025-05-19 00:00:00+00:00, run_after=2025-05-20 00:00:00+00:00
[2025-05-19T06:11:16.091+0000] {processor.py:208} INFO - Processing /opt/airflow/dags/tmp.py took 1.869 seconds
[2025-05-19T06:11:46.313+0000] {processor.py:186} INFO - Started process (PID=1369) to work on /opt/airflow/dags/tmp.py
[2025-05-19T06:11:46.315+0000] {processor.py:914} INFO - Processing file /opt/airflow/dags/tmp.py for tasks to queue
[2025-05-19T06:11:46.318+0000] {logging_mixin.py:190} INFO - [2025-05-19T06:11:46.317+0000] {dagbag.py:588} INFO - Filling up the DagBag from /opt/airflow/dags/tmp.py
[2025-05-19T06:11:48.343+0000] {processor.py:925} INFO - DAG(s) 'update_crypto_all' retrieved from /opt/airflow/dags/tmp.py
[2025-05-19T06:11:48.366+0000] {logging_mixin.py:190} INFO - [2025-05-19T06:11:48.366+0000] {dag.py:3239} INFO - Sync 1 DAGs
[2025-05-19T06:11:48.393+0000] {logging_mixin.py:190} INFO - [2025-05-19T06:11:48.392+0000] {dag.py:4180} INFO - Setting next_dagrun for update_crypto_all to 2025-05-19 00:00:00+00:00, run_after=2025-05-20 00:00:00+00:00
[2025-05-19T06:11:48.417+0000] {processor.py:208} INFO - Processing /opt/airflow/dags/tmp.py took 2.110 seconds
[2025-05-19T06:12:18.717+0000] {processor.py:186} INFO - Started process (PID=1395) to work on /opt/airflow/dags/tmp.py
[2025-05-19T06:12:18.718+0000] {processor.py:914} INFO - Processing file /opt/airflow/dags/tmp.py for tasks to queue
[2025-05-19T06:12:18.721+0000] {logging_mixin.py:190} INFO - [2025-05-19T06:12:18.720+0000] {dagbag.py:588} INFO - Filling up the DagBag from /opt/airflow/dags/tmp.py
[2025-05-19T06:12:20.677+0000] {processor.py:925} INFO - DAG(s) 'update_crypto_all' retrieved from /opt/airflow/dags/tmp.py
[2025-05-19T06:12:20.699+0000] {logging_mixin.py:190} INFO - [2025-05-19T06:12:20.698+0000] {dag.py:3239} INFO - Sync 1 DAGs
[2025-05-19T06:12:20.725+0000] {logging_mixin.py:190} INFO - [2025-05-19T06:12:20.725+0000] {dag.py:4180} INFO - Setting next_dagrun for update_crypto_all to 2025-05-19 00:00:00+00:00, run_after=2025-05-20 00:00:00+00:00
[2025-05-19T06:12:20.763+0000] {processor.py:208} INFO - Processing /opt/airflow/dags/tmp.py took 2.052 seconds
[2025-05-19T06:12:51.224+0000] {processor.py:186} INFO - Started process (PID=1421) to work on /opt/airflow/dags/tmp.py
[2025-05-19T06:12:51.230+0000] {processor.py:914} INFO - Processing file /opt/airflow/dags/tmp.py for tasks to queue
[2025-05-19T06:12:51.234+0000] {logging_mixin.py:190} INFO - [2025-05-19T06:12:51.233+0000] {dagbag.py:588} INFO - Filling up the DagBag from /opt/airflow/dags/tmp.py
[2025-05-19T06:12:53.586+0000] {processor.py:925} INFO - DAG(s) 'update_crypto_all' retrieved from /opt/airflow/dags/tmp.py
[2025-05-19T06:12:53.612+0000] {logging_mixin.py:190} INFO - [2025-05-19T06:12:53.612+0000] {dag.py:3239} INFO - Sync 1 DAGs
[2025-05-19T06:12:53.641+0000] {logging_mixin.py:190} INFO - [2025-05-19T06:12:53.641+0000] {dag.py:4180} INFO - Setting next_dagrun for update_crypto_all to 2025-05-19 00:00:00+00:00, run_after=2025-05-20 00:00:00+00:00
[2025-05-19T06:12:53.663+0000] {processor.py:208} INFO - Processing /opt/airflow/dags/tmp.py took 2.448 seconds
[2025-05-19T06:13:24.117+0000] {processor.py:186} INFO - Started process (PID=1447) to work on /opt/airflow/dags/tmp.py
[2025-05-19T06:13:24.118+0000] {processor.py:914} INFO - Processing file /opt/airflow/dags/tmp.py for tasks to queue
[2025-05-19T06:13:24.121+0000] {logging_mixin.py:190} INFO - [2025-05-19T06:13:24.121+0000] {dagbag.py:588} INFO - Filling up the DagBag from /opt/airflow/dags/tmp.py
[2025-05-19T06:13:26.358+0000] {processor.py:925} INFO - DAG(s) 'update_crypto_all' retrieved from /opt/airflow/dags/tmp.py
[2025-05-19T06:13:26.385+0000] {logging_mixin.py:190} INFO - [2025-05-19T06:13:26.384+0000] {dag.py:3239} INFO - Sync 1 DAGs
[2025-05-19T06:13:26.412+0000] {logging_mixin.py:190} INFO - [2025-05-19T06:13:26.412+0000] {dag.py:4180} INFO - Setting next_dagrun for update_crypto_all to 2025-05-19 00:00:00+00:00, run_after=2025-05-20 00:00:00+00:00
[2025-05-19T06:13:26.437+0000] {processor.py:208} INFO - Processing /opt/airflow/dags/tmp.py took 2.327 seconds
[2025-05-19T06:13:57.468+0000] {processor.py:186} INFO - Started process (PID=1475) to work on /opt/airflow/dags/tmp.py
[2025-05-19T06:13:57.469+0000] {processor.py:914} INFO - Processing file /opt/airflow/dags/tmp.py for tasks to queue
[2025-05-19T06:13:57.473+0000] {logging_mixin.py:190} INFO - [2025-05-19T06:13:57.473+0000] {dagbag.py:588} INFO - Filling up the DagBag from /opt/airflow/dags/tmp.py
[2025-05-19T06:14:00.707+0000] {processor.py:925} INFO - DAG(s) 'update_crypto_all' retrieved from /opt/airflow/dags/tmp.py
[2025-05-19T06:14:00.742+0000] {logging_mixin.py:190} INFO - [2025-05-19T06:14:00.741+0000] {dag.py:3239} INFO - Sync 1 DAGs
[2025-05-19T06:14:00.785+0000] {logging_mixin.py:190} INFO - [2025-05-19T06:14:00.784+0000] {dag.py:4180} INFO - Setting next_dagrun for update_crypto_all to 2025-05-19 00:00:00+00:00, run_after=2025-05-20 00:00:00+00:00
[2025-05-19T06:14:00.814+0000] {processor.py:208} INFO - Processing /opt/airflow/dags/tmp.py took 3.364 seconds
[2025-05-19T06:14:31.249+0000] {processor.py:186} INFO - Started process (PID=1531) to work on /opt/airflow/dags/tmp.py
[2025-05-19T06:14:31.252+0000] {processor.py:914} INFO - Processing file /opt/airflow/dags/tmp.py for tasks to queue
[2025-05-19T06:14:31.257+0000] {logging_mixin.py:190} INFO - [2025-05-19T06:14:31.257+0000] {dagbag.py:588} INFO - Filling up the DagBag from /opt/airflow/dags/tmp.py
[2025-05-19T06:14:33.775+0000] {processor.py:925} INFO - DAG(s) 'update_crypto_all' retrieved from /opt/airflow/dags/tmp.py
[2025-05-19T06:14:33.804+0000] {logging_mixin.py:190} INFO - [2025-05-19T06:14:33.803+0000] {dag.py:3239} INFO - Sync 1 DAGs
[2025-05-19T06:14:33.834+0000] {logging_mixin.py:190} INFO - [2025-05-19T06:14:33.834+0000] {dag.py:4180} INFO - Setting next_dagrun for update_crypto_all to 2025-05-19 00:00:00+00:00, run_after=2025-05-20 00:00:00+00:00
[2025-05-19T06:14:33.857+0000] {processor.py:208} INFO - Processing /opt/airflow/dags/tmp.py took 2.626 seconds
[2025-05-19T06:15:04.237+0000] {processor.py:186} INFO - Started process (PID=1557) to work on /opt/airflow/dags/tmp.py
[2025-05-19T06:15:04.238+0000] {processor.py:914} INFO - Processing file /opt/airflow/dags/tmp.py for tasks to queue
[2025-05-19T06:15:04.241+0000] {logging_mixin.py:190} INFO - [2025-05-19T06:15:04.240+0000] {dagbag.py:588} INFO - Filling up the DagBag from /opt/airflow/dags/tmp.py
[2025-05-19T06:15:06.444+0000] {processor.py:925} INFO - DAG(s) 'update_crypto_all' retrieved from /opt/airflow/dags/tmp.py
[2025-05-19T06:15:06.471+0000] {logging_mixin.py:190} INFO - [2025-05-19T06:15:06.471+0000] {dag.py:3239} INFO - Sync 1 DAGs
[2025-05-19T06:15:06.499+0000] {logging_mixin.py:190} INFO - [2025-05-19T06:15:06.499+0000] {dag.py:4180} INFO - Setting next_dagrun for update_crypto_all to 2025-05-19 00:00:00+00:00, run_after=2025-05-20 00:00:00+00:00
[2025-05-19T06:15:06.523+0000] {processor.py:208} INFO - Processing /opt/airflow/dags/tmp.py took 2.293 seconds
[2025-05-19T06:15:36.598+0000] {processor.py:186} INFO - Started process (PID=1583) to work on /opt/airflow/dags/tmp.py
[2025-05-19T06:15:36.600+0000] {processor.py:914} INFO - Processing file /opt/airflow/dags/tmp.py for tasks to queue
[2025-05-19T06:15:36.603+0000] {logging_mixin.py:190} INFO - [2025-05-19T06:15:36.603+0000] {dagbag.py:588} INFO - Filling up the DagBag from /opt/airflow/dags/tmp.py
[2025-05-19T06:15:39.228+0000] {processor.py:925} INFO - DAG(s) 'update_crypto_all' retrieved from /opt/airflow/dags/tmp.py
[2025-05-19T06:15:39.257+0000] {logging_mixin.py:190} INFO - [2025-05-19T06:15:39.256+0000] {dag.py:3239} INFO - Sync 1 DAGs
[2025-05-19T06:15:39.289+0000] {logging_mixin.py:190} INFO - [2025-05-19T06:15:39.289+0000] {dag.py:4180} INFO - Setting next_dagrun for update_crypto_all to 2025-05-19 00:00:00+00:00, run_after=2025-05-20 00:00:00+00:00
[2025-05-19T06:15:39.313+0000] {processor.py:208} INFO - Processing /opt/airflow/dags/tmp.py took 2.722 seconds
[2025-05-19T06:16:09.510+0000] {processor.py:186} INFO - Started process (PID=1609) to work on /opt/airflow/dags/tmp.py
[2025-05-19T06:16:09.512+0000] {processor.py:914} INFO - Processing file /opt/airflow/dags/tmp.py for tasks to queue
[2025-05-19T06:16:09.515+0000] {logging_mixin.py:190} INFO - [2025-05-19T06:16:09.515+0000] {dagbag.py:588} INFO - Filling up the DagBag from /opt/airflow/dags/tmp.py
[2025-05-19T06:16:12.466+0000] {processor.py:925} INFO - DAG(s) 'update_crypto_all' retrieved from /opt/airflow/dags/tmp.py
[2025-05-19T06:16:12.494+0000] {logging_mixin.py:190} INFO - [2025-05-19T06:16:12.494+0000] {dag.py:3239} INFO - Sync 1 DAGs
[2025-05-19T06:16:12.532+0000] {logging_mixin.py:190} INFO - [2025-05-19T06:16:12.532+0000] {dag.py:4180} INFO - Setting next_dagrun for update_crypto_all to 2025-05-19 00:00:00+00:00, run_after=2025-05-20 00:00:00+00:00
[2025-05-19T06:16:12.582+0000] {processor.py:208} INFO - Processing /opt/airflow/dags/tmp.py took 3.081 seconds
[2025-05-19T06:16:42.890+0000] {processor.py:186} INFO - Started process (PID=1635) to work on /opt/airflow/dags/tmp.py
[2025-05-19T06:16:42.892+0000] {processor.py:914} INFO - Processing file /opt/airflow/dags/tmp.py for tasks to queue
[2025-05-19T06:16:42.895+0000] {logging_mixin.py:190} INFO - [2025-05-19T06:16:42.894+0000] {dagbag.py:588} INFO - Filling up the DagBag from /opt/airflow/dags/tmp.py
[2025-05-19T06:16:45.585+0000] {processor.py:925} INFO - DAG(s) 'update_crypto_all' retrieved from /opt/airflow/dags/tmp.py
[2025-05-19T06:16:45.614+0000] {logging_mixin.py:190} INFO - [2025-05-19T06:16:45.613+0000] {dag.py:3239} INFO - Sync 1 DAGs
[2025-05-19T06:16:45.645+0000] {logging_mixin.py:190} INFO - [2025-05-19T06:16:45.645+0000] {dag.py:4180} INFO - Setting next_dagrun for update_crypto_all to 2025-05-19 00:00:00+00:00, run_after=2025-05-20 00:00:00+00:00
[2025-05-19T06:16:45.669+0000] {processor.py:208} INFO - Processing /opt/airflow/dags/tmp.py took 2.787 seconds
[2025-05-19T06:17:16.059+0000] {processor.py:186} INFO - Started process (PID=1661) to work on /opt/airflow/dags/tmp.py
[2025-05-19T06:17:16.061+0000] {processor.py:914} INFO - Processing file /opt/airflow/dags/tmp.py for tasks to queue
[2025-05-19T06:17:16.064+0000] {logging_mixin.py:190} INFO - [2025-05-19T06:17:16.064+0000] {dagbag.py:588} INFO - Filling up the DagBag from /opt/airflow/dags/tmp.py
[2025-05-19T06:17:18.022+0000] {processor.py:925} INFO - DAG(s) 'update_crypto_all' retrieved from /opt/airflow/dags/tmp.py
[2025-05-19T06:17:18.045+0000] {logging_mixin.py:190} INFO - [2025-05-19T06:17:18.045+0000] {dag.py:3239} INFO - Sync 1 DAGs
[2025-05-19T06:17:18.070+0000] {logging_mixin.py:190} INFO - [2025-05-19T06:17:18.070+0000] {dag.py:4180} INFO - Setting next_dagrun for update_crypto_all to 2025-05-19 00:00:00+00:00, run_after=2025-05-20 00:00:00+00:00
[2025-05-19T06:17:18.092+0000] {processor.py:208} INFO - Processing /opt/airflow/dags/tmp.py took 2.041 seconds
[2025-05-19T06:17:49.008+0000] {processor.py:186} INFO - Started process (PID=1687) to work on /opt/airflow/dags/tmp.py
[2025-05-19T06:17:49.009+0000] {processor.py:914} INFO - Processing file /opt/airflow/dags/tmp.py for tasks to queue
[2025-05-19T06:17:49.012+0000] {logging_mixin.py:190} INFO - [2025-05-19T06:17:49.011+0000] {dagbag.py:588} INFO - Filling up the DagBag from /opt/airflow/dags/tmp.py
[2025-05-19T06:17:50.805+0000] {processor.py:925} INFO - DAG(s) 'update_crypto_all' retrieved from /opt/airflow/dags/tmp.py
[2025-05-19T06:17:50.843+0000] {logging_mixin.py:190} INFO - [2025-05-19T06:17:50.843+0000] {dag.py:3239} INFO - Sync 1 DAGs
[2025-05-19T06:17:50.867+0000] {logging_mixin.py:190} INFO - [2025-05-19T06:17:50.867+0000] {dag.py:4180} INFO - Setting next_dagrun for update_crypto_all to 2025-05-19 00:00:00+00:00, run_after=2025-05-20 00:00:00+00:00
[2025-05-19T06:17:50.886+0000] {processor.py:208} INFO - Processing /opt/airflow/dags/tmp.py took 1.884 seconds
[2025-05-19T06:18:21.008+0000] {processor.py:186} INFO - Started process (PID=1713) to work on /opt/airflow/dags/tmp.py
[2025-05-19T06:18:21.009+0000] {processor.py:914} INFO - Processing file /opt/airflow/dags/tmp.py for tasks to queue
[2025-05-19T06:18:21.011+0000] {logging_mixin.py:190} INFO - [2025-05-19T06:18:21.011+0000] {dagbag.py:588} INFO - Filling up the DagBag from /opt/airflow/dags/tmp.py
[2025-05-19T06:18:22.791+0000] {processor.py:925} INFO - DAG(s) 'update_crypto_all' retrieved from /opt/airflow/dags/tmp.py
[2025-05-19T06:18:22.813+0000] {logging_mixin.py:190} INFO - [2025-05-19T06:18:22.813+0000] {dag.py:3239} INFO - Sync 1 DAGs
[2025-05-19T06:18:22.836+0000] {logging_mixin.py:190} INFO - [2025-05-19T06:18:22.836+0000] {dag.py:4180} INFO - Setting next_dagrun for update_crypto_all to 2025-05-19 00:00:00+00:00, run_after=2025-05-20 00:00:00+00:00
[2025-05-19T06:18:22.856+0000] {processor.py:208} INFO - Processing /opt/airflow/dags/tmp.py took 1.854 seconds
[2025-05-19T06:18:53.252+0000] {processor.py:186} INFO - Started process (PID=1739) to work on /opt/airflow/dags/tmp.py
[2025-05-19T06:18:53.253+0000] {processor.py:914} INFO - Processing file /opt/airflow/dags/tmp.py for tasks to queue
[2025-05-19T06:18:53.256+0000] {logging_mixin.py:190} INFO - [2025-05-19T06:18:53.255+0000] {dagbag.py:588} INFO - Filling up the DagBag from /opt/airflow/dags/tmp.py
[2025-05-19T06:18:55.558+0000] {processor.py:925} INFO - DAG(s) 'update_crypto_all' retrieved from /opt/airflow/dags/tmp.py
[2025-05-19T06:18:55.586+0000] {logging_mixin.py:190} INFO - [2025-05-19T06:18:55.586+0000] {dag.py:3239} INFO - Sync 1 DAGs
[2025-05-19T06:18:55.617+0000] {logging_mixin.py:190} INFO - [2025-05-19T06:18:55.617+0000] {dag.py:4180} INFO - Setting next_dagrun for update_crypto_all to 2025-05-19 00:00:00+00:00, run_after=2025-05-20 00:00:00+00:00
[2025-05-19T06:18:55.657+0000] {processor.py:208} INFO - Processing /opt/airflow/dags/tmp.py took 2.412 seconds
[2025-05-19T06:19:26.011+0000] {processor.py:186} INFO - Started process (PID=1765) to work on /opt/airflow/dags/tmp.py
[2025-05-19T06:19:26.012+0000] {processor.py:914} INFO - Processing file /opt/airflow/dags/tmp.py for tasks to queue
[2025-05-19T06:19:26.015+0000] {logging_mixin.py:190} INFO - [2025-05-19T06:19:26.015+0000] {dagbag.py:588} INFO - Filling up the DagBag from /opt/airflow/dags/tmp.py
[2025-05-19T06:19:28.475+0000] {processor.py:925} INFO - DAG(s) 'update_crypto_all' retrieved from /opt/airflow/dags/tmp.py
[2025-05-19T06:19:28.513+0000] {logging_mixin.py:190} INFO - [2025-05-19T06:19:28.513+0000] {dag.py:3239} INFO - Sync 1 DAGs
[2025-05-19T06:19:28.543+0000] {logging_mixin.py:190} INFO - [2025-05-19T06:19:28.542+0000] {dag.py:4180} INFO - Setting next_dagrun for update_crypto_all to 2025-05-19 00:00:00+00:00, run_after=2025-05-20 00:00:00+00:00
[2025-05-19T06:19:28.585+0000] {processor.py:208} INFO - Processing /opt/airflow/dags/tmp.py took 2.571 seconds
[2025-05-19T06:19:58.963+0000] {processor.py:186} INFO - Started process (PID=1791) to work on /opt/airflow/dags/tmp.py
[2025-05-19T06:19:58.964+0000] {processor.py:914} INFO - Processing file /opt/airflow/dags/tmp.py for tasks to queue
[2025-05-19T06:19:58.966+0000] {logging_mixin.py:190} INFO - [2025-05-19T06:19:58.966+0000] {dagbag.py:588} INFO - Filling up the DagBag from /opt/airflow/dags/tmp.py
[2025-05-19T06:20:00.797+0000] {processor.py:925} INFO - DAG(s) 'update_crypto_all' retrieved from /opt/airflow/dags/tmp.py
[2025-05-19T06:20:00.819+0000] {logging_mixin.py:190} INFO - [2025-05-19T06:20:00.818+0000] {dag.py:3239} INFO - Sync 1 DAGs
[2025-05-19T06:20:00.841+0000] {logging_mixin.py:190} INFO - [2025-05-19T06:20:00.841+0000] {dag.py:4180} INFO - Setting next_dagrun for update_crypto_all to 2025-05-19 00:00:00+00:00, run_after=2025-05-20 00:00:00+00:00
[2025-05-19T06:20:00.872+0000] {processor.py:208} INFO - Processing /opt/airflow/dags/tmp.py took 1.915 seconds
[2025-05-19T06:20:31.297+0000] {processor.py:186} INFO - Started process (PID=1817) to work on /opt/airflow/dags/tmp.py
[2025-05-19T06:20:31.299+0000] {processor.py:914} INFO - Processing file /opt/airflow/dags/tmp.py for tasks to queue
[2025-05-19T06:20:31.303+0000] {logging_mixin.py:190} INFO - [2025-05-19T06:20:31.302+0000] {dagbag.py:588} INFO - Filling up the DagBag from /opt/airflow/dags/tmp.py
[2025-05-19T06:20:34.171+0000] {processor.py:925} INFO - DAG(s) 'update_crypto_all' retrieved from /opt/airflow/dags/tmp.py
[2025-05-19T06:20:34.227+0000] {logging_mixin.py:190} INFO - [2025-05-19T06:20:34.226+0000] {dag.py:3239} INFO - Sync 1 DAGs
[2025-05-19T06:20:34.270+0000] {logging_mixin.py:190} INFO - [2025-05-19T06:20:34.270+0000] {dag.py:4180} INFO - Setting next_dagrun for update_crypto_all to 2025-05-19 00:00:00+00:00, run_after=2025-05-20 00:00:00+00:00
[2025-05-19T06:20:34.305+0000] {processor.py:208} INFO - Processing /opt/airflow/dags/tmp.py took 3.016 seconds
[2025-05-19T06:21:04.649+0000] {processor.py:186} INFO - Started process (PID=1843) to work on /opt/airflow/dags/tmp.py
[2025-05-19T06:21:04.651+0000] {processor.py:914} INFO - Processing file /opt/airflow/dags/tmp.py for tasks to queue
[2025-05-19T06:21:04.658+0000] {logging_mixin.py:190} INFO - [2025-05-19T06:21:04.657+0000] {dagbag.py:588} INFO - Filling up the DagBag from /opt/airflow/dags/tmp.py
[2025-05-19T06:21:08.306+0000] {processor.py:925} INFO - DAG(s) 'update_crypto_all' retrieved from /opt/airflow/dags/tmp.py
[2025-05-19T06:21:08.339+0000] {logging_mixin.py:190} INFO - [2025-05-19T06:21:08.337+0000] {dag.py:3239} INFO - Sync 1 DAGs
[2025-05-19T06:21:08.378+0000] {logging_mixin.py:190} INFO - [2025-05-19T06:21:08.378+0000] {dag.py:4180} INFO - Setting next_dagrun for update_crypto_all to 2025-05-19 00:00:00+00:00, run_after=2025-05-20 00:00:00+00:00
[2025-05-19T06:21:08.404+0000] {processor.py:208} INFO - Processing /opt/airflow/dags/tmp.py took 3.765 seconds
[2025-05-19T06:21:39.132+0000] {processor.py:186} INFO - Started process (PID=1869) to work on /opt/airflow/dags/tmp.py
[2025-05-19T06:21:39.134+0000] {processor.py:914} INFO - Processing file /opt/airflow/dags/tmp.py for tasks to queue
[2025-05-19T06:21:39.138+0000] {logging_mixin.py:190} INFO - [2025-05-19T06:21:39.137+0000] {dagbag.py:588} INFO - Filling up the DagBag from /opt/airflow/dags/tmp.py
[2025-05-19T06:21:41.410+0000] {processor.py:925} INFO - DAG(s) 'update_crypto_all' retrieved from /opt/airflow/dags/tmp.py
[2025-05-19T06:21:41.439+0000] {logging_mixin.py:190} INFO - [2025-05-19T06:21:41.438+0000] {dag.py:3239} INFO - Sync 1 DAGs
[2025-05-19T06:21:41.470+0000] {logging_mixin.py:190} INFO - [2025-05-19T06:21:41.470+0000] {dag.py:4180} INFO - Setting next_dagrun for update_crypto_all to 2025-05-19 00:00:00+00:00, run_after=2025-05-20 00:00:00+00:00
[2025-05-19T06:21:41.506+0000] {processor.py:208} INFO - Processing /opt/airflow/dags/tmp.py took 2.389 seconds
[2025-05-19T06:22:11.600+0000] {processor.py:186} INFO - Started process (PID=1895) to work on /opt/airflow/dags/tmp.py
[2025-05-19T06:22:11.601+0000] {processor.py:914} INFO - Processing file /opt/airflow/dags/tmp.py for tasks to queue
[2025-05-19T06:22:11.603+0000] {logging_mixin.py:190} INFO - [2025-05-19T06:22:11.603+0000] {dagbag.py:588} INFO - Filling up the DagBag from /opt/airflow/dags/tmp.py
[2025-05-19T06:22:13.684+0000] {processor.py:925} INFO - DAG(s) 'update_crypto_all' retrieved from /opt/airflow/dags/tmp.py
[2025-05-19T06:22:13.712+0000] {logging_mixin.py:190} INFO - [2025-05-19T06:22:13.711+0000] {dag.py:3239} INFO - Sync 1 DAGs
[2025-05-19T06:22:13.743+0000] {logging_mixin.py:190} INFO - [2025-05-19T06:22:13.742+0000] {dag.py:4180} INFO - Setting next_dagrun for update_crypto_all to 2025-05-19 00:00:00+00:00, run_after=2025-05-20 00:00:00+00:00
[2025-05-19T06:22:13.780+0000] {processor.py:208} INFO - Processing /opt/airflow/dags/tmp.py took 2.204 seconds
[2025-05-19T06:22:44.192+0000] {processor.py:186} INFO - Started process (PID=1921) to work on /opt/airflow/dags/tmp.py
[2025-05-19T06:22:44.193+0000] {processor.py:914} INFO - Processing file /opt/airflow/dags/tmp.py for tasks to queue
[2025-05-19T06:22:44.196+0000] {logging_mixin.py:190} INFO - [2025-05-19T06:22:44.195+0000] {dagbag.py:588} INFO - Filling up the DagBag from /opt/airflow/dags/tmp.py
[2025-05-19T06:22:46.337+0000] {processor.py:925} INFO - DAG(s) 'update_crypto_all' retrieved from /opt/airflow/dags/tmp.py
[2025-05-19T06:22:46.359+0000] {logging_mixin.py:190} INFO - [2025-05-19T06:22:46.359+0000] {dag.py:3239} INFO - Sync 1 DAGs
[2025-05-19T06:22:46.382+0000] {logging_mixin.py:190} INFO - [2025-05-19T06:22:46.382+0000] {dag.py:4180} INFO - Setting next_dagrun for update_crypto_all to 2025-05-19 00:00:00+00:00, run_after=2025-05-20 00:00:00+00:00
[2025-05-19T06:22:46.421+0000] {processor.py:208} INFO - Processing /opt/airflow/dags/tmp.py took 2.235 seconds
[2025-05-19T06:23:16.563+0000] {processor.py:186} INFO - Started process (PID=1947) to work on /opt/airflow/dags/tmp.py
[2025-05-19T06:23:16.564+0000] {processor.py:914} INFO - Processing file /opt/airflow/dags/tmp.py for tasks to queue
[2025-05-19T06:23:16.567+0000] {logging_mixin.py:190} INFO - [2025-05-19T06:23:16.566+0000] {dagbag.py:588} INFO - Filling up the DagBag from /opt/airflow/dags/tmp.py
[2025-05-19T06:23:18.910+0000] {processor.py:925} INFO - DAG(s) 'update_crypto_all' retrieved from /opt/airflow/dags/tmp.py
[2025-05-19T06:23:18.950+0000] {logging_mixin.py:190} INFO - [2025-05-19T06:23:18.949+0000] {dag.py:3239} INFO - Sync 1 DAGs
[2025-05-19T06:23:19.004+0000] {logging_mixin.py:190} INFO - [2025-05-19T06:23:19.004+0000] {dag.py:4180} INFO - Setting next_dagrun for update_crypto_all to 2025-05-19 00:00:00+00:00, run_after=2025-05-20 00:00:00+00:00
[2025-05-19T06:23:19.030+0000] {processor.py:208} INFO - Processing /opt/airflow/dags/tmp.py took 2.473 seconds
[2025-05-19T06:23:49.248+0000] {processor.py:186} INFO - Started process (PID=1973) to work on /opt/airflow/dags/tmp.py
[2025-05-19T06:23:49.249+0000] {processor.py:914} INFO - Processing file /opt/airflow/dags/tmp.py for tasks to queue
[2025-05-19T06:23:49.252+0000] {logging_mixin.py:190} INFO - [2025-05-19T06:23:49.251+0000] {dagbag.py:588} INFO - Filling up the DagBag from /opt/airflow/dags/tmp.py
[2025-05-19T06:23:51.161+0000] {processor.py:925} INFO - DAG(s) 'update_crypto_all' retrieved from /opt/airflow/dags/tmp.py
[2025-05-19T06:23:51.203+0000] {logging_mixin.py:190} INFO - [2025-05-19T06:23:51.203+0000] {dag.py:3239} INFO - Sync 1 DAGs
[2025-05-19T06:23:51.229+0000] {logging_mixin.py:190} INFO - [2025-05-19T06:23:51.228+0000] {dag.py:4180} INFO - Setting next_dagrun for update_crypto_all to 2025-05-19 00:00:00+00:00, run_after=2025-05-20 00:00:00+00:00
[2025-05-19T06:23:51.265+0000] {processor.py:208} INFO - Processing /opt/airflow/dags/tmp.py took 2.025 seconds
[2025-05-19T06:24:22.099+0000] {processor.py:186} INFO - Started process (PID=1999) to work on /opt/airflow/dags/tmp.py
[2025-05-19T06:24:22.101+0000] {processor.py:914} INFO - Processing file /opt/airflow/dags/tmp.py for tasks to queue
[2025-05-19T06:24:22.103+0000] {logging_mixin.py:190} INFO - [2025-05-19T06:24:22.103+0000] {dagbag.py:588} INFO - Filling up the DagBag from /opt/airflow/dags/tmp.py
[2025-05-19T06:24:24.682+0000] {processor.py:925} INFO - DAG(s) 'update_crypto_all' retrieved from /opt/airflow/dags/tmp.py
[2025-05-19T06:24:24.710+0000] {logging_mixin.py:190} INFO - [2025-05-19T06:24:24.709+0000] {dag.py:3239} INFO - Sync 1 DAGs
[2025-05-19T06:24:24.739+0000] {logging_mixin.py:190} INFO - [2025-05-19T06:24:24.739+0000] {dag.py:4180} INFO - Setting next_dagrun for update_crypto_all to 2025-05-19 00:00:00+00:00, run_after=2025-05-20 00:00:00+00:00
[2025-05-19T06:24:24.762+0000] {processor.py:208} INFO - Processing /opt/airflow/dags/tmp.py took 2.670 seconds
[2025-05-19T06:24:55.625+0000] {processor.py:186} INFO - Started process (PID=2025) to work on /opt/airflow/dags/tmp.py
[2025-05-19T06:24:55.626+0000] {processor.py:914} INFO - Processing file /opt/airflow/dags/tmp.py for tasks to queue
[2025-05-19T06:24:55.629+0000] {logging_mixin.py:190} INFO - [2025-05-19T06:24:55.629+0000] {dagbag.py:588} INFO - Filling up the DagBag from /opt/airflow/dags/tmp.py
[2025-05-19T06:24:57.969+0000] {processor.py:925} INFO - DAG(s) 'update_crypto_all' retrieved from /opt/airflow/dags/tmp.py
[2025-05-19T06:24:58.002+0000] {logging_mixin.py:190} INFO - [2025-05-19T06:24:58.001+0000] {dag.py:3239} INFO - Sync 1 DAGs
[2025-05-19T06:24:58.038+0000] {logging_mixin.py:190} INFO - [2025-05-19T06:24:58.037+0000] {dag.py:4180} INFO - Setting next_dagrun for update_crypto_all to 2025-05-19 00:00:00+00:00, run_after=2025-05-20 00:00:00+00:00
[2025-05-19T06:24:58.074+0000] {processor.py:208} INFO - Processing /opt/airflow/dags/tmp.py took 2.456 seconds
