[2025-05-18T19:04:06.166+0000] {processor.py:186} INFO - Started process (PID=1579) to work on /opt/airflow/dags/tmp.py
[2025-05-18T19:04:06.168+0000] {processor.py:914} INFO - Processing file /opt/airflow/dags/tmp.py for tasks to queue
[2025-05-18T19:04:06.170+0000] {logging_mixin.py:190} INFO - [2025-05-18T19:04:06.169+0000] {dagbag.py:588} INFO - Filling up the DagBag from /opt/airflow/dags/tmp.py
[2025-05-18T19:04:10.326+0000] {processor.py:925} INFO - DAG(s) 'update_crypto_all' retrieved from /opt/airflow/dags/tmp.py
[2025-05-18T19:04:10.734+0000] {logging_mixin.py:190} INFO - [2025-05-18T19:04:10.733+0000] {override.py:1912} INFO - Created Permission View: can delete on DAG:update_crypto_all
[2025-05-18T19:04:10.752+0000] {logging_mixin.py:190} INFO - [2025-05-18T19:04:10.752+0000] {override.py:1912} INFO - Created Permission View: can edit on DAG:update_crypto_all
[2025-05-18T19:04:10.762+0000] {logging_mixin.py:190} INFO - [2025-05-18T19:04:10.762+0000] {override.py:1912} INFO - Created Permission View: can read on DAG:update_crypto_all
[2025-05-18T19:04:10.777+0000] {logging_mixin.py:190} INFO - [2025-05-18T19:04:10.776+0000] {override.py:1912} INFO - Created Permission View: can create on DAG Run:update_crypto_all
[2025-05-18T19:04:10.785+0000] {logging_mixin.py:190} INFO - [2025-05-18T19:04:10.785+0000] {override.py:1912} INFO - Created Permission View: can delete on DAG Run:update_crypto_all
[2025-05-18T19:04:10.795+0000] {logging_mixin.py:190} INFO - [2025-05-18T19:04:10.795+0000] {override.py:1912} INFO - Created Permission View: menu access on DAG Run:update_crypto_all
[2025-05-18T19:04:10.804+0000] {logging_mixin.py:190} INFO - [2025-05-18T19:04:10.804+0000] {override.py:1912} INFO - Created Permission View: can read on DAG Run:update_crypto_all
[2025-05-18T19:04:10.805+0000] {logging_mixin.py:190} INFO - [2025-05-18T19:04:10.805+0000] {dag.py:3239} INFO - Sync 1 DAGs
[2025-05-18T19:04:10.823+0000] {logging_mixin.py:190} INFO - [2025-05-18T19:04:10.822+0000] {dag.py:3262} INFO - Creating ORM DAG for update_crypto_all
[2025-05-18T19:04:10.837+0000] {logging_mixin.py:190} INFO - [2025-05-18T19:04:10.836+0000] {dag.py:4180} INFO - Setting next_dagrun for update_crypto_all to 2025-05-17 00:00:00+00:00, run_after=2025-05-18 00:00:00+00:00
[2025-05-18T19:04:10.861+0000] {processor.py:208} INFO - Processing /opt/airflow/dags/tmp.py took 4.703 seconds
[2025-05-18T19:04:41.254+0000] {processor.py:186} INFO - Started process (PID=1605) to work on /opt/airflow/dags/tmp.py
[2025-05-18T19:04:41.256+0000] {processor.py:914} INFO - Processing file /opt/airflow/dags/tmp.py for tasks to queue
[2025-05-18T19:04:41.258+0000] {logging_mixin.py:190} INFO - [2025-05-18T19:04:41.258+0000] {dagbag.py:588} INFO - Filling up the DagBag from /opt/airflow/dags/tmp.py
[2025-05-18T19:04:44.797+0000] {processor.py:925} INFO - DAG(s) 'update_crypto_all' retrieved from /opt/airflow/dags/tmp.py
[2025-05-18T19:04:44.851+0000] {logging_mixin.py:190} INFO - [2025-05-18T19:04:44.849+0000] {dag.py:3239} INFO - Sync 1 DAGs
[2025-05-18T19:04:44.923+0000] {logging_mixin.py:190} INFO - [2025-05-18T19:04:44.923+0000] {dag.py:4180} INFO - Setting next_dagrun for update_crypto_all to 2025-05-17 00:00:00+00:00, run_after=2025-05-18 00:00:00+00:00
[2025-05-18T19:04:44.958+0000] {processor.py:208} INFO - Processing /opt/airflow/dags/tmp.py took 5.916 seconds
[2025-05-18T19:05:15.301+0000] {processor.py:186} INFO - Started process (PID=1629) to work on /opt/airflow/dags/tmp.py
[2025-05-18T19:05:15.309+0000] {processor.py:914} INFO - Processing file /opt/airflow/dags/tmp.py for tasks to queue
[2025-05-18T19:05:15.319+0000] {logging_mixin.py:190} INFO - [2025-05-18T19:05:15.318+0000] {dagbag.py:588} INFO - Filling up the DagBag from /opt/airflow/dags/tmp.py
[2025-05-18T19:05:19.485+0000] {processor.py:925} INFO - DAG(s) 'update_crypto_all' retrieved from /opt/airflow/dags/tmp.py
[2025-05-18T19:05:19.513+0000] {logging_mixin.py:190} INFO - [2025-05-18T19:05:19.512+0000] {dag.py:3239} INFO - Sync 1 DAGs
[2025-05-18T19:05:19.555+0000] {logging_mixin.py:190} INFO - [2025-05-18T19:05:19.554+0000] {dag.py:4180} INFO - Setting next_dagrun for update_crypto_all to 2025-05-17 00:00:00+00:00, run_after=2025-05-18 00:00:00+00:00
[2025-05-18T19:05:19.581+0000] {processor.py:208} INFO - Processing /opt/airflow/dags/tmp.py took 4.308 seconds
[2025-05-18T19:05:50.195+0000] {processor.py:186} INFO - Started process (PID=1657) to work on /opt/airflow/dags/tmp.py
[2025-05-18T19:05:50.199+0000] {processor.py:914} INFO - Processing file /opt/airflow/dags/tmp.py for tasks to queue
[2025-05-18T19:05:50.206+0000] {logging_mixin.py:190} INFO - [2025-05-18T19:05:50.202+0000] {dagbag.py:588} INFO - Filling up the DagBag from /opt/airflow/dags/tmp.py
[2025-05-18T19:05:54.084+0000] {processor.py:925} INFO - DAG(s) 'update_crypto_all' retrieved from /opt/airflow/dags/tmp.py
[2025-05-18T19:05:54.123+0000] {logging_mixin.py:190} INFO - [2025-05-18T19:05:54.123+0000] {dag.py:3239} INFO - Sync 1 DAGs
[2025-05-18T19:05:54.182+0000] {logging_mixin.py:190} INFO - [2025-05-18T19:05:54.181+0000] {dag.py:4180} INFO - Setting next_dagrun for update_crypto_all to 2025-05-17 00:00:00+00:00, run_after=2025-05-18 00:00:00+00:00
[2025-05-18T19:05:54.211+0000] {processor.py:208} INFO - Processing /opt/airflow/dags/tmp.py took 4.028 seconds
[2025-05-18T19:06:24.862+0000] {processor.py:186} INFO - Started process (PID=1720) to work on /opt/airflow/dags/tmp.py
[2025-05-18T19:06:24.864+0000] {processor.py:914} INFO - Processing file /opt/airflow/dags/tmp.py for tasks to queue
[2025-05-18T19:06:24.867+0000] {logging_mixin.py:190} INFO - [2025-05-18T19:06:24.866+0000] {dagbag.py:588} INFO - Filling up the DagBag from /opt/airflow/dags/tmp.py
[2025-05-18T19:06:29.097+0000] {processor.py:925} INFO - DAG(s) 'update_crypto_all' retrieved from /opt/airflow/dags/tmp.py
[2025-05-18T19:06:29.173+0000] {logging_mixin.py:190} INFO - [2025-05-18T19:06:29.172+0000] {dag.py:3239} INFO - Sync 1 DAGs
[2025-05-18T19:06:29.232+0000] {logging_mixin.py:190} INFO - [2025-05-18T19:06:29.231+0000] {dag.py:4180} INFO - Setting next_dagrun for update_crypto_all to 2025-05-17 00:00:00+00:00, run_after=2025-05-18 00:00:00+00:00
[2025-05-18T19:06:29.257+0000] {processor.py:208} INFO - Processing /opt/airflow/dags/tmp.py took 4.410 seconds
[2025-05-18T19:06:48.335+0000] {processor.py:186} INFO - Started process (PID=1735) to work on /opt/airflow/dags/tmp.py
[2025-05-18T19:06:48.337+0000] {processor.py:914} INFO - Processing file /opt/airflow/dags/tmp.py for tasks to queue
[2025-05-18T19:06:48.340+0000] {logging_mixin.py:190} INFO - [2025-05-18T19:06:48.339+0000] {dagbag.py:588} INFO - Filling up the DagBag from /opt/airflow/dags/tmp.py
[2025-05-18T19:06:51.628+0000] {processor.py:925} INFO - DAG(s) 'update_crypto_all' retrieved from /opt/airflow/dags/tmp.py
[2025-05-18T19:06:51.657+0000] {logging_mixin.py:190} INFO - [2025-05-18T19:06:51.657+0000] {dag.py:3239} INFO - Sync 1 DAGs
[2025-05-18T19:06:51.689+0000] {logging_mixin.py:190} INFO - [2025-05-18T19:06:51.689+0000] {dag.py:4180} INFO - Setting next_dagrun for update_crypto_all to 2025-05-17 00:00:00+00:00, run_after=2025-05-18 00:00:00+00:00
[2025-05-18T19:06:51.737+0000] {processor.py:208} INFO - Processing /opt/airflow/dags/tmp.py took 3.412 seconds
[2025-05-18T19:07:04.006+0000] {processor.py:186} INFO - Started process (PID=1761) to work on /opt/airflow/dags/tmp.py
[2025-05-18T19:07:04.008+0000] {processor.py:914} INFO - Processing file /opt/airflow/dags/tmp.py for tasks to queue
[2025-05-18T19:07:04.009+0000] {logging_mixin.py:190} INFO - [2025-05-18T19:07:04.009+0000] {dagbag.py:588} INFO - Filling up the DagBag from /opt/airflow/dags/tmp.py
[2025-05-18T19:07:07.995+0000] {processor.py:925} INFO - DAG(s) 'update_crypto_all' retrieved from /opt/airflow/dags/tmp.py
[2025-05-18T19:07:08.065+0000] {logging_mixin.py:190} INFO - [2025-05-18T19:07:08.064+0000] {dag.py:3239} INFO - Sync 1 DAGs
[2025-05-18T19:07:08.137+0000] {logging_mixin.py:190} INFO - [2025-05-18T19:07:08.136+0000] {dag.py:4180} INFO - Setting next_dagrun for update_crypto_all to 2025-05-17 00:00:00+00:00, run_after=2025-05-18 00:00:00+00:00
[2025-05-18T19:07:08.197+0000] {processor.py:208} INFO - Processing /opt/airflow/dags/tmp.py took 4.201 seconds
[2025-05-18T19:07:31.705+0000] {processor.py:186} INFO - Started process (PID=1778) to work on /opt/airflow/dags/tmp.py
[2025-05-18T19:07:31.712+0000] {processor.py:914} INFO - Processing file /opt/airflow/dags/tmp.py for tasks to queue
[2025-05-18T19:07:31.719+0000] {logging_mixin.py:190} INFO - [2025-05-18T19:07:31.718+0000] {dagbag.py:588} INFO - Filling up the DagBag from /opt/airflow/dags/tmp.py
[2025-05-18T19:07:36.345+0000] {processor.py:925} INFO - DAG(s) 'update_crypto_all' retrieved from /opt/airflow/dags/tmp.py
[2025-05-18T19:07:36.377+0000] {logging_mixin.py:190} INFO - [2025-05-18T19:07:36.377+0000] {dag.py:3239} INFO - Sync 1 DAGs
[2025-05-18T19:07:36.404+0000] {logging_mixin.py:190} INFO - [2025-05-18T19:07:36.404+0000] {dag.py:4180} INFO - Setting next_dagrun for update_crypto_all to 2025-05-17 00:00:00+00:00, run_after=2025-05-18 00:00:00+00:00
[2025-05-18T19:07:36.457+0000] {processor.py:208} INFO - Processing /opt/airflow/dags/tmp.py took 4.802 seconds
[2025-05-18T19:07:41.664+0000] {processor.py:186} INFO - Started process (PID=1800) to work on /opt/airflow/dags/tmp.py
[2025-05-18T19:07:41.665+0000] {processor.py:914} INFO - Processing file /opt/airflow/dags/tmp.py for tasks to queue
[2025-05-18T19:07:41.668+0000] {logging_mixin.py:190} INFO - [2025-05-18T19:07:41.668+0000] {dagbag.py:588} INFO - Filling up the DagBag from /opt/airflow/dags/tmp.py
[2025-05-18T19:07:45.503+0000] {processor.py:925} INFO - DAG(s) 'update_crypto_all' retrieved from /opt/airflow/dags/tmp.py
[2025-05-18T19:07:45.558+0000] {logging_mixin.py:190} INFO - [2025-05-18T19:07:45.557+0000] {dag.py:3239} INFO - Sync 1 DAGs
[2025-05-18T19:07:45.603+0000] {logging_mixin.py:190} INFO - [2025-05-18T19:07:45.602+0000] {dag.py:4180} INFO - Setting next_dagrun for update_crypto_all to 2025-05-17 00:00:00+00:00, run_after=2025-05-18 00:00:00+00:00
[2025-05-18T19:07:45.693+0000] {processor.py:208} INFO - Processing /opt/airflow/dags/tmp.py took 4.042 seconds
[2025-05-18T19:07:50.863+0000] {processor.py:186} INFO - Started process (PID=1813) to work on /opt/airflow/dags/tmp.py
[2025-05-18T19:07:50.865+0000] {processor.py:914} INFO - Processing file /opt/airflow/dags/tmp.py for tasks to queue
[2025-05-18T19:07:50.867+0000] {logging_mixin.py:190} INFO - [2025-05-18T19:07:50.867+0000] {dagbag.py:588} INFO - Filling up the DagBag from /opt/airflow/dags/tmp.py
[2025-05-18T19:07:55.372+0000] {processor.py:925} INFO - DAG(s) 'update_crypto_all' retrieved from /opt/airflow/dags/tmp.py
[2025-05-18T19:07:55.409+0000] {logging_mixin.py:190} INFO - [2025-05-18T19:07:55.409+0000] {dag.py:3239} INFO - Sync 1 DAGs
[2025-05-18T19:07:55.438+0000] {logging_mixin.py:190} INFO - [2025-05-18T19:07:55.437+0000] {dag.py:4180} INFO - Setting next_dagrun for update_crypto_all to 2025-05-17 00:00:00+00:00, run_after=2025-05-18 00:00:00+00:00
[2025-05-18T19:07:55.481+0000] {processor.py:208} INFO - Processing /opt/airflow/dags/tmp.py took 4.628 seconds
[2025-05-18T19:08:02.718+0000] {processor.py:186} INFO - Started process (PID=1826) to work on /opt/airflow/dags/tmp.py
[2025-05-18T19:08:02.719+0000] {processor.py:914} INFO - Processing file /opt/airflow/dags/tmp.py for tasks to queue
[2025-05-18T19:08:02.721+0000] {logging_mixin.py:190} INFO - [2025-05-18T19:08:02.721+0000] {dagbag.py:588} INFO - Filling up the DagBag from /opt/airflow/dags/tmp.py
[2025-05-18T19:08:05.935+0000] {processor.py:925} INFO - DAG(s) 'update_crypto_all' retrieved from /opt/airflow/dags/tmp.py
[2025-05-18T19:08:05.964+0000] {logging_mixin.py:190} INFO - [2025-05-18T19:08:05.963+0000] {dag.py:3239} INFO - Sync 1 DAGs
[2025-05-18T19:08:05.997+0000] {logging_mixin.py:190} INFO - [2025-05-18T19:08:05.997+0000] {dag.py:4180} INFO - Setting next_dagrun for update_crypto_all to 2025-05-17 00:00:00+00:00, run_after=2025-05-18 00:00:00+00:00
[2025-05-18T19:08:06.111+0000] {processor.py:208} INFO - Processing /opt/airflow/dags/tmp.py took 3.402 seconds
[2025-05-18T19:08:07.139+0000] {processor.py:186} INFO - Started process (PID=1843) to work on /opt/airflow/dags/tmp.py
[2025-05-18T19:08:07.140+0000] {processor.py:914} INFO - Processing file /opt/airflow/dags/tmp.py for tasks to queue
[2025-05-18T19:08:07.142+0000] {logging_mixin.py:190} INFO - [2025-05-18T19:08:07.142+0000] {dagbag.py:588} INFO - Filling up the DagBag from /opt/airflow/dags/tmp.py
[2025-05-18T19:08:10.629+0000] {processor.py:925} INFO - DAG(s) 'update_crypto_all' retrieved from /opt/airflow/dags/tmp.py
[2025-05-18T19:08:10.657+0000] {logging_mixin.py:190} INFO - [2025-05-18T19:08:10.656+0000] {dag.py:3239} INFO - Sync 1 DAGs
[2025-05-18T19:08:10.688+0000] {logging_mixin.py:190} INFO - [2025-05-18T19:08:10.687+0000] {dag.py:4180} INFO - Setting next_dagrun for update_crypto_all to 2025-05-17 00:00:00+00:00, run_after=2025-05-18 00:00:00+00:00
[2025-05-18T19:08:10.737+0000] {processor.py:208} INFO - Processing /opt/airflow/dags/tmp.py took 3.606 seconds
[2025-05-18T19:08:41.363+0000] {processor.py:186} INFO - Started process (PID=1869) to work on /opt/airflow/dags/tmp.py
[2025-05-18T19:08:41.373+0000] {processor.py:914} INFO - Processing file /opt/airflow/dags/tmp.py for tasks to queue
[2025-05-18T19:08:41.377+0000] {logging_mixin.py:190} INFO - [2025-05-18T19:08:41.376+0000] {dagbag.py:588} INFO - Filling up the DagBag from /opt/airflow/dags/tmp.py
[2025-05-18T19:08:46.875+0000] {processor.py:925} INFO - DAG(s) 'update_crypto_all' retrieved from /opt/airflow/dags/tmp.py
[2025-05-18T19:08:46.921+0000] {logging_mixin.py:190} INFO - [2025-05-18T19:08:46.920+0000] {dag.py:3239} INFO - Sync 1 DAGs
[2025-05-18T19:08:46.993+0000] {logging_mixin.py:190} INFO - [2025-05-18T19:08:46.992+0000] {dag.py:4180} INFO - Setting next_dagrun for update_crypto_all to 2025-05-17 00:00:00+00:00, run_after=2025-05-18 00:00:00+00:00
[2025-05-18T19:08:47.027+0000] {processor.py:208} INFO - Processing /opt/airflow/dags/tmp.py took 5.717 seconds
[2025-05-18T19:09:17.902+0000] {processor.py:186} INFO - Started process (PID=1895) to work on /opt/airflow/dags/tmp.py
[2025-05-18T19:09:17.908+0000] {processor.py:914} INFO - Processing file /opt/airflow/dags/tmp.py for tasks to queue
[2025-05-18T19:09:17.914+0000] {logging_mixin.py:190} INFO - [2025-05-18T19:09:17.913+0000] {dagbag.py:588} INFO - Filling up the DagBag from /opt/airflow/dags/tmp.py
[2025-05-18T19:09:22.143+0000] {processor.py:925} INFO - DAG(s) 'update_crypto_all' retrieved from /opt/airflow/dags/tmp.py
[2025-05-18T19:09:22.192+0000] {logging_mixin.py:190} INFO - [2025-05-18T19:09:22.191+0000] {dag.py:3239} INFO - Sync 1 DAGs
[2025-05-18T19:09:22.242+0000] {logging_mixin.py:190} INFO - [2025-05-18T19:09:22.241+0000] {dag.py:4180} INFO - Setting next_dagrun for update_crypto_all to 2025-05-17 00:00:00+00:00, run_after=2025-05-18 00:00:00+00:00
[2025-05-18T19:09:22.275+0000] {processor.py:208} INFO - Processing /opt/airflow/dags/tmp.py took 4.408 seconds
[2025-05-18T19:09:52.737+0000] {processor.py:186} INFO - Started process (PID=1946) to work on /opt/airflow/dags/tmp.py
[2025-05-18T19:09:52.739+0000] {processor.py:914} INFO - Processing file /opt/airflow/dags/tmp.py for tasks to queue
[2025-05-18T19:09:52.742+0000] {logging_mixin.py:190} INFO - [2025-05-18T19:09:52.741+0000] {dagbag.py:588} INFO - Filling up the DagBag from /opt/airflow/dags/tmp.py
[2025-05-18T19:09:57.241+0000] {processor.py:925} INFO - DAG(s) 'update_crypto_all' retrieved from /opt/airflow/dags/tmp.py
[2025-05-18T19:09:57.319+0000] {logging_mixin.py:190} INFO - [2025-05-18T19:09:57.318+0000] {dag.py:3239} INFO - Sync 1 DAGs
[2025-05-18T19:09:57.375+0000] {logging_mixin.py:190} INFO - [2025-05-18T19:09:57.375+0000] {dag.py:4180} INFO - Setting next_dagrun for update_crypto_all to 2025-05-17 00:00:00+00:00, run_after=2025-05-18 00:00:00+00:00
[2025-05-18T19:09:57.460+0000] {processor.py:208} INFO - Processing /opt/airflow/dags/tmp.py took 4.741 seconds
[2025-05-18T19:10:28.226+0000] {processor.py:186} INFO - Started process (PID=2025) to work on /opt/airflow/dags/tmp.py
[2025-05-18T19:10:28.228+0000] {processor.py:914} INFO - Processing file /opt/airflow/dags/tmp.py for tasks to queue
[2025-05-18T19:10:28.231+0000] {logging_mixin.py:190} INFO - [2025-05-18T19:10:28.230+0000] {dagbag.py:588} INFO - Filling up the DagBag from /opt/airflow/dags/tmp.py
[2025-05-18T19:10:32.590+0000] {processor.py:925} INFO - DAG(s) 'update_crypto_all' retrieved from /opt/airflow/dags/tmp.py
[2025-05-18T19:10:32.619+0000] {logging_mixin.py:190} INFO - [2025-05-18T19:10:32.618+0000] {dag.py:3239} INFO - Sync 1 DAGs
[2025-05-18T19:10:32.665+0000] {logging_mixin.py:190} INFO - [2025-05-18T19:10:32.665+0000] {dag.py:4180} INFO - Setting next_dagrun for update_crypto_all to 2025-05-17 00:00:00+00:00, run_after=2025-05-18 00:00:00+00:00
[2025-05-18T19:10:32.691+0000] {processor.py:208} INFO - Processing /opt/airflow/dags/tmp.py took 4.476 seconds
[2025-05-18T19:11:02.998+0000] {processor.py:186} INFO - Started process (PID=2051) to work on /opt/airflow/dags/tmp.py
[2025-05-18T19:11:03.000+0000] {processor.py:914} INFO - Processing file /opt/airflow/dags/tmp.py for tasks to queue
[2025-05-18T19:11:03.002+0000] {logging_mixin.py:190} INFO - [2025-05-18T19:11:03.002+0000] {dagbag.py:588} INFO - Filling up the DagBag from /opt/airflow/dags/tmp.py
[2025-05-18T19:11:07.026+0000] {processor.py:925} INFO - DAG(s) 'update_crypto_all' retrieved from /opt/airflow/dags/tmp.py
[2025-05-18T19:11:07.062+0000] {logging_mixin.py:190} INFO - [2025-05-18T19:11:07.061+0000] {dag.py:3239} INFO - Sync 1 DAGs
[2025-05-18T19:11:07.105+0000] {logging_mixin.py:190} INFO - [2025-05-18T19:11:07.104+0000] {dag.py:4180} INFO - Setting next_dagrun for update_crypto_all to 2025-05-18 00:00:00+00:00, run_after=2025-05-19 00:00:00+00:00
[2025-05-18T19:11:07.141+0000] {processor.py:208} INFO - Processing /opt/airflow/dags/tmp.py took 4.155 seconds
[2025-05-18T19:11:37.710+0000] {processor.py:186} INFO - Started process (PID=2141) to work on /opt/airflow/dags/tmp.py
[2025-05-18T19:11:37.712+0000] {processor.py:914} INFO - Processing file /opt/airflow/dags/tmp.py for tasks to queue
[2025-05-18T19:11:37.715+0000] {logging_mixin.py:190} INFO - [2025-05-18T19:11:37.714+0000] {dagbag.py:588} INFO - Filling up the DagBag from /opt/airflow/dags/tmp.py
[2025-05-18T19:11:41.645+0000] {processor.py:925} INFO - DAG(s) 'update_crypto_all' retrieved from /opt/airflow/dags/tmp.py
[2025-05-18T19:11:41.669+0000] {logging_mixin.py:190} INFO - [2025-05-18T19:11:41.669+0000] {dag.py:3239} INFO - Sync 1 DAGs
[2025-05-18T19:11:41.698+0000] {logging_mixin.py:190} INFO - [2025-05-18T19:11:41.697+0000] {dag.py:4180} INFO - Setting next_dagrun for update_crypto_all to 2025-05-18 00:00:00+00:00, run_after=2025-05-19 00:00:00+00:00
[2025-05-18T19:11:41.722+0000] {processor.py:208} INFO - Processing /opt/airflow/dags/tmp.py took 4.027 seconds
[2025-05-18T19:12:12.358+0000] {processor.py:186} INFO - Started process (PID=2167) to work on /opt/airflow/dags/tmp.py
[2025-05-18T19:12:12.360+0000] {processor.py:914} INFO - Processing file /opt/airflow/dags/tmp.py for tasks to queue
[2025-05-18T19:12:12.363+0000] {logging_mixin.py:190} INFO - [2025-05-18T19:12:12.362+0000] {dagbag.py:588} INFO - Filling up the DagBag from /opt/airflow/dags/tmp.py
[2025-05-18T19:12:17.386+0000] {processor.py:925} INFO - DAG(s) 'update_crypto_all' retrieved from /opt/airflow/dags/tmp.py
[2025-05-18T19:12:17.444+0000] {logging_mixin.py:190} INFO - [2025-05-18T19:12:17.443+0000] {dag.py:3239} INFO - Sync 1 DAGs
[2025-05-18T19:12:17.489+0000] {logging_mixin.py:190} INFO - [2025-05-18T19:12:17.489+0000] {dag.py:4180} INFO - Setting next_dagrun for update_crypto_all to 2025-05-18 00:00:00+00:00, run_after=2025-05-19 00:00:00+00:00
[2025-05-18T19:12:17.517+0000] {processor.py:208} INFO - Processing /opt/airflow/dags/tmp.py took 5.179 seconds
[2025-05-18T19:12:47.650+0000] {processor.py:186} INFO - Started process (PID=2202) to work on /opt/airflow/dags/tmp.py
[2025-05-18T19:12:47.651+0000] {processor.py:914} INFO - Processing file /opt/airflow/dags/tmp.py for tasks to queue
[2025-05-18T19:12:47.653+0000] {logging_mixin.py:190} INFO - [2025-05-18T19:12:47.653+0000] {dagbag.py:588} INFO - Filling up the DagBag from /opt/airflow/dags/tmp.py
[2025-05-18T19:12:54.244+0000] {processor.py:925} INFO - DAG(s) 'update_crypto_all' retrieved from /opt/airflow/dags/tmp.py
[2025-05-18T19:12:54.277+0000] {logging_mixin.py:190} INFO - [2025-05-18T19:12:54.276+0000] {dag.py:3239} INFO - Sync 1 DAGs
[2025-05-18T19:12:54.324+0000] {logging_mixin.py:190} INFO - [2025-05-18T19:12:54.324+0000] {dag.py:4180} INFO - Setting next_dagrun for update_crypto_all to 2025-05-18 00:00:00+00:00, run_after=2025-05-19 00:00:00+00:00
[2025-05-18T19:12:54.350+0000] {processor.py:208} INFO - Processing /opt/airflow/dags/tmp.py took 6.710 seconds
[2025-05-18T19:13:24.752+0000] {processor.py:186} INFO - Started process (PID=2256) to work on /opt/airflow/dags/tmp.py
[2025-05-18T19:13:24.754+0000] {processor.py:914} INFO - Processing file /opt/airflow/dags/tmp.py for tasks to queue
[2025-05-18T19:13:24.756+0000] {logging_mixin.py:190} INFO - [2025-05-18T19:13:24.756+0000] {dagbag.py:588} INFO - Filling up the DagBag from /opt/airflow/dags/tmp.py
[2025-05-18T19:13:29.388+0000] {processor.py:925} INFO - DAG(s) 'update_crypto_all' retrieved from /opt/airflow/dags/tmp.py
[2025-05-18T19:13:29.514+0000] {logging_mixin.py:190} INFO - [2025-05-18T19:13:29.511+0000] {dag.py:3239} INFO - Sync 1 DAGs
[2025-05-18T19:13:29.616+0000] {logging_mixin.py:190} INFO - [2025-05-18T19:13:29.615+0000] {dag.py:4180} INFO - Setting next_dagrun for update_crypto_all to 2025-05-18 00:00:00+00:00, run_after=2025-05-19 00:00:00+00:00
[2025-05-18T19:13:29.668+0000] {processor.py:208} INFO - Processing /opt/airflow/dags/tmp.py took 4.925 seconds
[2025-05-18T19:14:00.093+0000] {processor.py:186} INFO - Started process (PID=2323) to work on /opt/airflow/dags/tmp.py
[2025-05-18T19:14:00.095+0000] {processor.py:914} INFO - Processing file /opt/airflow/dags/tmp.py for tasks to queue
[2025-05-18T19:14:00.097+0000] {logging_mixin.py:190} INFO - [2025-05-18T19:14:00.097+0000] {dagbag.py:588} INFO - Filling up the DagBag from /opt/airflow/dags/tmp.py
[2025-05-18T19:14:03.705+0000] {processor.py:925} INFO - DAG(s) 'update_crypto_all' retrieved from /opt/airflow/dags/tmp.py
[2025-05-18T19:14:03.735+0000] {logging_mixin.py:190} INFO - [2025-05-18T19:14:03.734+0000] {dag.py:3239} INFO - Sync 1 DAGs
[2025-05-18T19:14:03.785+0000] {logging_mixin.py:190} INFO - [2025-05-18T19:14:03.785+0000] {dag.py:4180} INFO - Setting next_dagrun for update_crypto_all to 2025-05-18 00:00:00+00:00, run_after=2025-05-19 00:00:00+00:00
[2025-05-18T19:14:03.813+0000] {processor.py:208} INFO - Processing /opt/airflow/dags/tmp.py took 3.730 seconds
[2025-05-18T19:14:34.428+0000] {processor.py:186} INFO - Started process (PID=2349) to work on /opt/airflow/dags/tmp.py
[2025-05-18T19:14:34.430+0000] {processor.py:914} INFO - Processing file /opt/airflow/dags/tmp.py for tasks to queue
[2025-05-18T19:14:34.432+0000] {logging_mixin.py:190} INFO - [2025-05-18T19:14:34.432+0000] {dagbag.py:588} INFO - Filling up the DagBag from /opt/airflow/dags/tmp.py
[2025-05-18T19:14:37.981+0000] {processor.py:925} INFO - DAG(s) 'update_crypto_all' retrieved from /opt/airflow/dags/tmp.py
[2025-05-18T19:14:38.060+0000] {logging_mixin.py:190} INFO - [2025-05-18T19:14:38.059+0000] {dag.py:3239} INFO - Sync 1 DAGs
[2025-05-18T19:14:38.131+0000] {logging_mixin.py:190} INFO - [2025-05-18T19:14:38.130+0000] {dag.py:4180} INFO - Setting next_dagrun for update_crypto_all to 2025-05-18 00:00:00+00:00, run_after=2025-05-19 00:00:00+00:00
[2025-05-18T19:14:38.202+0000] {processor.py:208} INFO - Processing /opt/airflow/dags/tmp.py took 3.785 seconds
[2025-05-18T19:15:08.712+0000] {processor.py:186} INFO - Started process (PID=2375) to work on /opt/airflow/dags/tmp.py
[2025-05-18T19:15:08.714+0000] {processor.py:914} INFO - Processing file /opt/airflow/dags/tmp.py for tasks to queue
[2025-05-18T19:15:08.715+0000] {logging_mixin.py:190} INFO - [2025-05-18T19:15:08.715+0000] {dagbag.py:588} INFO - Filling up the DagBag from /opt/airflow/dags/tmp.py
[2025-05-18T19:15:11.927+0000] {processor.py:925} INFO - DAG(s) 'update_crypto_all' retrieved from /opt/airflow/dags/tmp.py
[2025-05-18T19:15:11.973+0000] {logging_mixin.py:190} INFO - [2025-05-18T19:15:11.972+0000] {dag.py:3239} INFO - Sync 1 DAGs
[2025-05-18T19:15:12.023+0000] {logging_mixin.py:190} INFO - [2025-05-18T19:15:12.022+0000] {dag.py:4180} INFO - Setting next_dagrun for update_crypto_all to 2025-05-18 00:00:00+00:00, run_after=2025-05-19 00:00:00+00:00
[2025-05-18T19:15:12.062+0000] {processor.py:208} INFO - Processing /opt/airflow/dags/tmp.py took 3.361 seconds
[2025-05-18T19:15:42.639+0000] {processor.py:186} INFO - Started process (PID=2401) to work on /opt/airflow/dags/tmp.py
[2025-05-18T19:15:42.642+0000] {processor.py:914} INFO - Processing file /opt/airflow/dags/tmp.py for tasks to queue
[2025-05-18T19:15:42.645+0000] {logging_mixin.py:190} INFO - [2025-05-18T19:15:42.644+0000] {dagbag.py:588} INFO - Filling up the DagBag from /opt/airflow/dags/tmp.py
[2025-05-18T19:15:46.856+0000] {processor.py:925} INFO - DAG(s) 'update_crypto_all' retrieved from /opt/airflow/dags/tmp.py
[2025-05-18T19:15:46.902+0000] {logging_mixin.py:190} INFO - [2025-05-18T19:15:46.901+0000] {dag.py:3239} INFO - Sync 1 DAGs
[2025-05-18T19:15:46.960+0000] {logging_mixin.py:190} INFO - [2025-05-18T19:15:46.960+0000] {dag.py:4180} INFO - Setting next_dagrun for update_crypto_all to 2025-05-18 00:00:00+00:00, run_after=2025-05-19 00:00:00+00:00
[2025-05-18T19:15:47.004+0000] {processor.py:208} INFO - Processing /opt/airflow/dags/tmp.py took 4.397 seconds
[2025-05-18T19:16:17.652+0000] {processor.py:186} INFO - Started process (PID=2427) to work on /opt/airflow/dags/tmp.py
[2025-05-18T19:16:17.655+0000] {processor.py:914} INFO - Processing file /opt/airflow/dags/tmp.py for tasks to queue
[2025-05-18T19:16:17.659+0000] {logging_mixin.py:190} INFO - [2025-05-18T19:16:17.658+0000] {dagbag.py:588} INFO - Filling up the DagBag from /opt/airflow/dags/tmp.py
[2025-05-18T19:16:21.439+0000] {processor.py:925} INFO - DAG(s) 'update_crypto_all' retrieved from /opt/airflow/dags/tmp.py
[2025-05-18T19:16:21.498+0000] {logging_mixin.py:190} INFO - [2025-05-18T19:16:21.497+0000] {dag.py:3239} INFO - Sync 1 DAGs
[2025-05-18T19:16:21.548+0000] {logging_mixin.py:190} INFO - [2025-05-18T19:16:21.548+0000] {dag.py:4180} INFO - Setting next_dagrun for update_crypto_all to 2025-05-18 00:00:00+00:00, run_after=2025-05-19 00:00:00+00:00
[2025-05-18T19:16:21.579+0000] {processor.py:208} INFO - Processing /opt/airflow/dags/tmp.py took 3.963 seconds
[2025-05-18T19:16:52.091+0000] {processor.py:186} INFO - Started process (PID=2457) to work on /opt/airflow/dags/tmp.py
[2025-05-18T19:16:52.094+0000] {processor.py:914} INFO - Processing file /opt/airflow/dags/tmp.py for tasks to queue
[2025-05-18T19:16:52.098+0000] {logging_mixin.py:190} INFO - [2025-05-18T19:16:52.097+0000] {dagbag.py:588} INFO - Filling up the DagBag from /opt/airflow/dags/tmp.py
[2025-05-18T19:16:56.835+0000] {processor.py:925} INFO - DAG(s) 'update_crypto_all' retrieved from /opt/airflow/dags/tmp.py
[2025-05-18T19:16:56.963+0000] {logging_mixin.py:190} INFO - [2025-05-18T19:16:56.962+0000] {dag.py:3239} INFO - Sync 1 DAGs
[2025-05-18T19:16:57.021+0000] {logging_mixin.py:190} INFO - [2025-05-18T19:16:57.021+0000] {dag.py:4180} INFO - Setting next_dagrun for update_crypto_all to 2025-05-18 00:00:00+00:00, run_after=2025-05-19 00:00:00+00:00
[2025-05-18T19:16:57.046+0000] {processor.py:208} INFO - Processing /opt/airflow/dags/tmp.py took 4.982 seconds
[2025-05-18T19:17:27.684+0000] {processor.py:186} INFO - Started process (PID=2526) to work on /opt/airflow/dags/tmp.py
[2025-05-18T19:17:27.687+0000] {processor.py:914} INFO - Processing file /opt/airflow/dags/tmp.py for tasks to queue
[2025-05-18T19:17:27.691+0000] {logging_mixin.py:190} INFO - [2025-05-18T19:17:27.691+0000] {dagbag.py:588} INFO - Filling up the DagBag from /opt/airflow/dags/tmp.py
[2025-05-18T19:17:32.640+0000] {processor.py:925} INFO - DAG(s) 'update_crypto_all' retrieved from /opt/airflow/dags/tmp.py
[2025-05-18T19:17:32.676+0000] {logging_mixin.py:190} INFO - [2025-05-18T19:17:32.674+0000] {dag.py:3239} INFO - Sync 1 DAGs
[2025-05-18T19:17:32.713+0000] {logging_mixin.py:190} INFO - [2025-05-18T19:17:32.713+0000] {dag.py:4180} INFO - Setting next_dagrun for update_crypto_all to 2025-05-18 00:00:00+00:00, run_after=2025-05-19 00:00:00+00:00
[2025-05-18T19:17:32.757+0000] {processor.py:208} INFO - Processing /opt/airflow/dags/tmp.py took 5.096 seconds
[2025-05-18T19:18:03.335+0000] {processor.py:186} INFO - Started process (PID=2584) to work on /opt/airflow/dags/tmp.py
[2025-05-18T19:18:03.338+0000] {processor.py:914} INFO - Processing file /opt/airflow/dags/tmp.py for tasks to queue
[2025-05-18T19:18:03.342+0000] {logging_mixin.py:190} INFO - [2025-05-18T19:18:03.341+0000] {dagbag.py:588} INFO - Filling up the DagBag from /opt/airflow/dags/tmp.py
[2025-05-18T19:18:07.314+0000] {processor.py:925} INFO - DAG(s) 'update_crypto_all' retrieved from /opt/airflow/dags/tmp.py
[2025-05-18T19:18:07.384+0000] {logging_mixin.py:190} INFO - [2025-05-18T19:18:07.381+0000] {dag.py:3239} INFO - Sync 1 DAGs
[2025-05-18T19:18:07.436+0000] {logging_mixin.py:190} INFO - [2025-05-18T19:18:07.435+0000] {dag.py:4180} INFO - Setting next_dagrun for update_crypto_all to 2025-05-18 00:00:00+00:00, run_after=2025-05-19 00:00:00+00:00
[2025-05-18T19:18:07.498+0000] {processor.py:208} INFO - Processing /opt/airflow/dags/tmp.py took 4.182 seconds
[2025-05-18T19:18:38.032+0000] {processor.py:186} INFO - Started process (PID=2610) to work on /opt/airflow/dags/tmp.py
[2025-05-18T19:18:38.034+0000] {processor.py:914} INFO - Processing file /opt/airflow/dags/tmp.py for tasks to queue
[2025-05-18T19:18:38.036+0000] {logging_mixin.py:190} INFO - [2025-05-18T19:18:38.036+0000] {dagbag.py:588} INFO - Filling up the DagBag from /opt/airflow/dags/tmp.py
[2025-05-18T19:18:42.029+0000] {processor.py:925} INFO - DAG(s) 'update_crypto_all' retrieved from /opt/airflow/dags/tmp.py
[2025-05-18T19:18:42.055+0000] {logging_mixin.py:190} INFO - [2025-05-18T19:18:42.054+0000] {dag.py:3239} INFO - Sync 1 DAGs
[2025-05-18T19:18:42.083+0000] {logging_mixin.py:190} INFO - [2025-05-18T19:18:42.083+0000] {dag.py:4180} INFO - Setting next_dagrun for update_crypto_all to 2025-05-18 00:00:00+00:00, run_after=2025-05-19 00:00:00+00:00
[2025-05-18T19:18:42.109+0000] {processor.py:208} INFO - Processing /opt/airflow/dags/tmp.py took 4.090 seconds
[2025-05-18T19:19:12.768+0000] {processor.py:186} INFO - Started process (PID=2636) to work on /opt/airflow/dags/tmp.py
[2025-05-18T19:19:12.770+0000] {processor.py:914} INFO - Processing file /opt/airflow/dags/tmp.py for tasks to queue
[2025-05-18T19:19:12.774+0000] {logging_mixin.py:190} INFO - [2025-05-18T19:19:12.773+0000] {dagbag.py:588} INFO - Filling up the DagBag from /opt/airflow/dags/tmp.py
[2025-05-18T19:19:16.855+0000] {processor.py:925} INFO - DAG(s) 'update_crypto_all' retrieved from /opt/airflow/dags/tmp.py
[2025-05-18T19:19:16.950+0000] {logging_mixin.py:190} INFO - [2025-05-18T19:19:16.949+0000] {dag.py:3239} INFO - Sync 1 DAGs
[2025-05-18T19:19:16.999+0000] {logging_mixin.py:190} INFO - [2025-05-18T19:19:16.998+0000] {dag.py:4180} INFO - Setting next_dagrun for update_crypto_all to 2025-05-18 00:00:00+00:00, run_after=2025-05-19 00:00:00+00:00
[2025-05-18T19:19:17.058+0000] {processor.py:208} INFO - Processing /opt/airflow/dags/tmp.py took 4.313 seconds
[2025-05-18T19:19:47.780+0000] {processor.py:186} INFO - Started process (PID=2701) to work on /opt/airflow/dags/tmp.py
[2025-05-18T19:19:47.783+0000] {processor.py:914} INFO - Processing file /opt/airflow/dags/tmp.py for tasks to queue
[2025-05-18T19:19:47.786+0000] {logging_mixin.py:190} INFO - [2025-05-18T19:19:47.786+0000] {dagbag.py:588} INFO - Filling up the DagBag from /opt/airflow/dags/tmp.py
[2025-05-18T19:19:52.756+0000] {processor.py:925} INFO - DAG(s) 'update_crypto_all' retrieved from /opt/airflow/dags/tmp.py
[2025-05-18T19:19:52.789+0000] {logging_mixin.py:190} INFO - [2025-05-18T19:19:52.788+0000] {dag.py:3239} INFO - Sync 1 DAGs
[2025-05-18T19:19:52.819+0000] {logging_mixin.py:190} INFO - [2025-05-18T19:19:52.819+0000] {dag.py:4180} INFO - Setting next_dagrun for update_crypto_all to 2025-05-18 00:00:00+00:00, run_after=2025-05-19 00:00:00+00:00
[2025-05-18T19:19:52.844+0000] {processor.py:208} INFO - Processing /opt/airflow/dags/tmp.py took 5.110 seconds
[2025-05-18T19:20:23.397+0000] {processor.py:186} INFO - Started process (PID=2772) to work on /opt/airflow/dags/tmp.py
[2025-05-18T19:20:23.403+0000] {processor.py:914} INFO - Processing file /opt/airflow/dags/tmp.py for tasks to queue
[2025-05-18T19:20:23.410+0000] {logging_mixin.py:190} INFO - [2025-05-18T19:20:23.409+0000] {dagbag.py:588} INFO - Filling up the DagBag from /opt/airflow/dags/tmp.py
[2025-05-18T19:20:27.395+0000] {processor.py:925} INFO - DAG(s) 'update_crypto_all' retrieved from /opt/airflow/dags/tmp.py
[2025-05-18T19:20:27.456+0000] {logging_mixin.py:190} INFO - [2025-05-18T19:20:27.455+0000] {dag.py:3239} INFO - Sync 1 DAGs
[2025-05-18T19:20:27.505+0000] {logging_mixin.py:190} INFO - [2025-05-18T19:20:27.505+0000] {dag.py:4180} INFO - Setting next_dagrun for update_crypto_all to 2025-05-18 00:00:00+00:00, run_after=2025-05-19 00:00:00+00:00
[2025-05-18T19:20:27.541+0000] {processor.py:208} INFO - Processing /opt/airflow/dags/tmp.py took 4.164 seconds
[2025-05-18T19:20:58.453+0000] {processor.py:186} INFO - Started process (PID=2798) to work on /opt/airflow/dags/tmp.py
[2025-05-18T19:20:58.457+0000] {processor.py:914} INFO - Processing file /opt/airflow/dags/tmp.py for tasks to queue
[2025-05-18T19:20:58.475+0000] {logging_mixin.py:190} INFO - [2025-05-18T19:20:58.471+0000] {dagbag.py:588} INFO - Filling up the DagBag from /opt/airflow/dags/tmp.py
[2025-05-18T19:21:05.797+0000] {processor.py:925} INFO - DAG(s) 'update_crypto_all' retrieved from /opt/airflow/dags/tmp.py
[2025-05-18T19:21:05.869+0000] {logging_mixin.py:190} INFO - [2025-05-18T19:21:05.868+0000] {dag.py:3239} INFO - Sync 1 DAGs
[2025-05-18T19:21:05.901+0000] {logging_mixin.py:190} INFO - [2025-05-18T19:21:05.901+0000] {dag.py:4180} INFO - Setting next_dagrun for update_crypto_all to 2025-05-18 00:00:00+00:00, run_after=2025-05-19 00:00:00+00:00
[2025-05-18T19:21:05.923+0000] {processor.py:208} INFO - Processing /opt/airflow/dags/tmp.py took 7.520 seconds
[2025-05-18T19:21:36.136+0000] {processor.py:186} INFO - Started process (PID=2824) to work on /opt/airflow/dags/tmp.py
[2025-05-18T19:21:36.138+0000] {processor.py:914} INFO - Processing file /opt/airflow/dags/tmp.py for tasks to queue
[2025-05-18T19:21:36.142+0000] {logging_mixin.py:190} INFO - [2025-05-18T19:21:36.141+0000] {dagbag.py:588} INFO - Filling up the DagBag from /opt/airflow/dags/tmp.py
[2025-05-18T19:21:40.367+0000] {processor.py:925} INFO - DAG(s) 'update_crypto_all' retrieved from /opt/airflow/dags/tmp.py
[2025-05-18T19:21:40.417+0000] {logging_mixin.py:190} INFO - [2025-05-18T19:21:40.416+0000] {dag.py:3239} INFO - Sync 1 DAGs
[2025-05-18T19:21:40.454+0000] {logging_mixin.py:190} INFO - [2025-05-18T19:21:40.454+0000] {dag.py:4180} INFO - Setting next_dagrun for update_crypto_all to 2025-05-18 00:00:00+00:00, run_after=2025-05-19 00:00:00+00:00
[2025-05-18T19:21:40.498+0000] {processor.py:208} INFO - Processing /opt/airflow/dags/tmp.py took 4.374 seconds
[2025-05-18T19:22:11.425+0000] {processor.py:186} INFO - Started process (PID=2860) to work on /opt/airflow/dags/tmp.py
[2025-05-18T19:22:11.428+0000] {processor.py:914} INFO - Processing file /opt/airflow/dags/tmp.py for tasks to queue
[2025-05-18T19:22:11.432+0000] {logging_mixin.py:190} INFO - [2025-05-18T19:22:11.432+0000] {dagbag.py:588} INFO - Filling up the DagBag from /opt/airflow/dags/tmp.py
[2025-05-18T19:22:16.013+0000] {processor.py:925} INFO - DAG(s) 'update_crypto_all' retrieved from /opt/airflow/dags/tmp.py
[2025-05-18T19:22:16.059+0000] {logging_mixin.py:190} INFO - [2025-05-18T19:22:16.058+0000] {dag.py:3239} INFO - Sync 1 DAGs
[2025-05-18T19:22:16.106+0000] {logging_mixin.py:190} INFO - [2025-05-18T19:22:16.106+0000] {dag.py:4180} INFO - Setting next_dagrun for update_crypto_all to 2025-05-18 00:00:00+00:00, run_after=2025-05-19 00:00:00+00:00
[2025-05-18T19:22:16.139+0000] {processor.py:208} INFO - Processing /opt/airflow/dags/tmp.py took 4.754 seconds
[2025-05-18T19:22:47.066+0000] {processor.py:186} INFO - Started process (PID=2897) to work on /opt/airflow/dags/tmp.py
[2025-05-18T19:22:47.084+0000] {processor.py:914} INFO - Processing file /opt/airflow/dags/tmp.py for tasks to queue
[2025-05-18T19:22:47.087+0000] {logging_mixin.py:190} INFO - [2025-05-18T19:22:47.086+0000] {dagbag.py:588} INFO - Filling up the DagBag from /opt/airflow/dags/tmp.py
[2025-05-18T19:22:51.256+0000] {processor.py:925} INFO - DAG(s) 'update_crypto_all' retrieved from /opt/airflow/dags/tmp.py
[2025-05-18T19:22:51.297+0000] {logging_mixin.py:190} INFO - [2025-05-18T19:22:51.297+0000] {dag.py:3239} INFO - Sync 1 DAGs
[2025-05-18T19:22:51.349+0000] {logging_mixin.py:190} INFO - [2025-05-18T19:22:51.348+0000] {dag.py:4180} INFO - Setting next_dagrun for update_crypto_all to 2025-05-18 00:00:00+00:00, run_after=2025-05-19 00:00:00+00:00
[2025-05-18T19:22:51.393+0000] {processor.py:208} INFO - Processing /opt/airflow/dags/tmp.py took 4.344 seconds
[2025-05-18T19:23:21.691+0000] {processor.py:186} INFO - Started process (PID=2923) to work on /opt/airflow/dags/tmp.py
[2025-05-18T19:23:21.693+0000] {processor.py:914} INFO - Processing file /opt/airflow/dags/tmp.py for tasks to queue
[2025-05-18T19:23:21.695+0000] {logging_mixin.py:190} INFO - [2025-05-18T19:23:21.694+0000] {dagbag.py:588} INFO - Filling up the DagBag from /opt/airflow/dags/tmp.py
[2025-05-18T19:23:26.557+0000] {processor.py:925} INFO - DAG(s) 'update_crypto_all' retrieved from /opt/airflow/dags/tmp.py
[2025-05-18T19:23:26.585+0000] {logging_mixin.py:190} INFO - [2025-05-18T19:23:26.585+0000] {dag.py:3239} INFO - Sync 1 DAGs
[2025-05-18T19:23:26.626+0000] {logging_mixin.py:190} INFO - [2025-05-18T19:23:26.626+0000] {dag.py:4180} INFO - Setting next_dagrun for update_crypto_all to 2025-05-18 00:00:00+00:00, run_after=2025-05-19 00:00:00+00:00
[2025-05-18T19:23:26.654+0000] {processor.py:208} INFO - Processing /opt/airflow/dags/tmp.py took 4.972 seconds
[2025-05-18T19:23:57.240+0000] {processor.py:186} INFO - Started process (PID=2949) to work on /opt/airflow/dags/tmp.py
[2025-05-18T19:23:57.241+0000] {processor.py:914} INFO - Processing file /opt/airflow/dags/tmp.py for tasks to queue
[2025-05-18T19:23:57.244+0000] {logging_mixin.py:190} INFO - [2025-05-18T19:23:57.243+0000] {dagbag.py:588} INFO - Filling up the DagBag from /opt/airflow/dags/tmp.py
[2025-05-18T19:24:00.875+0000] {processor.py:925} INFO - DAG(s) 'update_crypto_all' retrieved from /opt/airflow/dags/tmp.py
[2025-05-18T19:24:00.973+0000] {logging_mixin.py:190} INFO - [2025-05-18T19:24:00.971+0000] {dag.py:3239} INFO - Sync 1 DAGs
[2025-05-18T19:24:01.014+0000] {logging_mixin.py:190} INFO - [2025-05-18T19:24:01.014+0000] {dag.py:4180} INFO - Setting next_dagrun for update_crypto_all to 2025-05-18 00:00:00+00:00, run_after=2025-05-19 00:00:00+00:00
[2025-05-18T19:24:01.045+0000] {processor.py:208} INFO - Processing /opt/airflow/dags/tmp.py took 4.882 seconds
[2025-05-18T19:24:32.018+0000] {processor.py:186} INFO - Started process (PID=2975) to work on /opt/airflow/dags/tmp.py
[2025-05-18T19:24:32.022+0000] {processor.py:914} INFO - Processing file /opt/airflow/dags/tmp.py for tasks to queue
[2025-05-18T19:24:32.027+0000] {logging_mixin.py:190} INFO - [2025-05-18T19:24:32.026+0000] {dagbag.py:588} INFO - Filling up the DagBag from /opt/airflow/dags/tmp.py
[2025-05-18T19:24:38.635+0000] {processor.py:925} INFO - DAG(s) 'update_crypto_all' retrieved from /opt/airflow/dags/tmp.py
[2025-05-18T19:24:38.707+0000] {logging_mixin.py:190} INFO - [2025-05-18T19:24:38.705+0000] {dag.py:3239} INFO - Sync 1 DAGs
[2025-05-18T19:24:38.751+0000] {logging_mixin.py:190} INFO - [2025-05-18T19:24:38.751+0000] {dag.py:4180} INFO - Setting next_dagrun for update_crypto_all to 2025-05-18 00:00:00+00:00, run_after=2025-05-19 00:00:00+00:00
[2025-05-18T19:24:38.778+0000] {processor.py:208} INFO - Processing /opt/airflow/dags/tmp.py took 6.796 seconds
[2025-05-18T19:25:08.883+0000] {processor.py:186} INFO - Started process (PID=3001) to work on /opt/airflow/dags/tmp.py
[2025-05-18T19:25:08.885+0000] {processor.py:914} INFO - Processing file /opt/airflow/dags/tmp.py for tasks to queue
[2025-05-18T19:25:08.887+0000] {logging_mixin.py:190} INFO - [2025-05-18T19:25:08.887+0000] {dagbag.py:588} INFO - Filling up the DagBag from /opt/airflow/dags/tmp.py
[2025-05-18T19:25:12.855+0000] {processor.py:925} INFO - DAG(s) 'update_crypto_all' retrieved from /opt/airflow/dags/tmp.py
[2025-05-18T19:25:12.883+0000] {logging_mixin.py:190} INFO - [2025-05-18T19:25:12.883+0000] {dag.py:3239} INFO - Sync 1 DAGs
[2025-05-18T19:25:12.914+0000] {logging_mixin.py:190} INFO - [2025-05-18T19:25:12.914+0000] {dag.py:4180} INFO - Setting next_dagrun for update_crypto_all to 2025-05-18 00:00:00+00:00, run_after=2025-05-19 00:00:00+00:00
[2025-05-18T19:25:12.970+0000] {processor.py:208} INFO - Processing /opt/airflow/dags/tmp.py took 4.418 seconds
[2025-05-18T19:25:43.498+0000] {processor.py:186} INFO - Started process (PID=3027) to work on /opt/airflow/dags/tmp.py
[2025-05-18T19:25:43.499+0000] {processor.py:914} INFO - Processing file /opt/airflow/dags/tmp.py for tasks to queue
[2025-05-18T19:25:43.502+0000] {logging_mixin.py:190} INFO - [2025-05-18T19:25:43.501+0000] {dagbag.py:588} INFO - Filling up the DagBag from /opt/airflow/dags/tmp.py
[2025-05-18T19:25:48.124+0000] {processor.py:925} INFO - DAG(s) 'update_crypto_all' retrieved from /opt/airflow/dags/tmp.py
[2025-05-18T19:25:48.194+0000] {logging_mixin.py:190} INFO - [2025-05-18T19:25:48.193+0000] {dag.py:3239} INFO - Sync 1 DAGs
[2025-05-18T19:25:48.291+0000] {logging_mixin.py:190} INFO - [2025-05-18T19:25:48.291+0000] {dag.py:4180} INFO - Setting next_dagrun for update_crypto_all to 2025-05-18 00:00:00+00:00, run_after=2025-05-19 00:00:00+00:00
[2025-05-18T19:25:48.321+0000] {processor.py:208} INFO - Processing /opt/airflow/dags/tmp.py took 4.832 seconds
[2025-05-18T19:26:18.498+0000] {processor.py:186} INFO - Started process (PID=3053) to work on /opt/airflow/dags/tmp.py
[2025-05-18T19:26:18.501+0000] {processor.py:914} INFO - Processing file /opt/airflow/dags/tmp.py for tasks to queue
[2025-05-18T19:26:18.505+0000] {logging_mixin.py:190} INFO - [2025-05-18T19:26:18.504+0000] {dagbag.py:588} INFO - Filling up the DagBag from /opt/airflow/dags/tmp.py
[2025-05-18T19:26:24.118+0000] {processor.py:925} INFO - DAG(s) 'update_crypto_all' retrieved from /opt/airflow/dags/tmp.py
[2025-05-18T19:26:24.177+0000] {logging_mixin.py:190} INFO - [2025-05-18T19:26:24.177+0000] {dag.py:3239} INFO - Sync 1 DAGs
[2025-05-18T19:26:24.249+0000] {logging_mixin.py:190} INFO - [2025-05-18T19:26:24.249+0000] {dag.py:4180} INFO - Setting next_dagrun for update_crypto_all to 2025-05-18 00:00:00+00:00, run_after=2025-05-19 00:00:00+00:00
[2025-05-18T19:26:24.306+0000] {processor.py:208} INFO - Processing /opt/airflow/dags/tmp.py took 5.827 seconds
[2025-05-18T19:26:54.769+0000] {processor.py:186} INFO - Started process (PID=3126) to work on /opt/airflow/dags/tmp.py
[2025-05-18T19:26:54.771+0000] {processor.py:914} INFO - Processing file /opt/airflow/dags/tmp.py for tasks to queue
[2025-05-18T19:26:54.774+0000] {logging_mixin.py:190} INFO - [2025-05-18T19:26:54.773+0000] {dagbag.py:588} INFO - Filling up the DagBag from /opt/airflow/dags/tmp.py
[2025-05-18T19:27:01.206+0000] {processor.py:925} INFO - DAG(s) 'update_crypto_all' retrieved from /opt/airflow/dags/tmp.py
[2025-05-18T19:27:01.274+0000] {logging_mixin.py:190} INFO - [2025-05-18T19:27:01.273+0000] {dag.py:3239} INFO - Sync 1 DAGs
[2025-05-18T19:27:01.309+0000] {logging_mixin.py:190} INFO - [2025-05-18T19:27:01.309+0000] {dag.py:4180} INFO - Setting next_dagrun for update_crypto_all to 2025-05-18 00:00:00+00:00, run_after=2025-05-19 00:00:00+00:00
[2025-05-18T19:27:01.357+0000] {processor.py:208} INFO - Processing /opt/airflow/dags/tmp.py took 6.604 seconds
[2025-05-18T19:27:31.777+0000] {processor.py:186} INFO - Started process (PID=3152) to work on /opt/airflow/dags/tmp.py
[2025-05-18T19:27:31.780+0000] {processor.py:914} INFO - Processing file /opt/airflow/dags/tmp.py for tasks to queue
[2025-05-18T19:27:31.783+0000] {logging_mixin.py:190} INFO - [2025-05-18T19:27:31.782+0000] {dagbag.py:588} INFO - Filling up the DagBag from /opt/airflow/dags/tmp.py
[2025-05-18T19:27:37.246+0000] {processor.py:925} INFO - DAG(s) 'update_crypto_all' retrieved from /opt/airflow/dags/tmp.py
[2025-05-18T19:27:37.289+0000] {logging_mixin.py:190} INFO - [2025-05-18T19:27:37.284+0000] {dag.py:3239} INFO - Sync 1 DAGs
[2025-05-18T19:27:37.352+0000] {logging_mixin.py:190} INFO - [2025-05-18T19:27:37.351+0000] {dag.py:4180} INFO - Setting next_dagrun for update_crypto_all to 2025-05-18 00:00:00+00:00, run_after=2025-05-19 00:00:00+00:00
[2025-05-18T19:27:37.385+0000] {processor.py:208} INFO - Processing /opt/airflow/dags/tmp.py took 5.628 seconds
[2025-05-18T19:28:07.589+0000] {processor.py:186} INFO - Started process (PID=3178) to work on /opt/airflow/dags/tmp.py
[2025-05-18T19:28:07.591+0000] {processor.py:914} INFO - Processing file /opt/airflow/dags/tmp.py for tasks to queue
[2025-05-18T19:28:07.593+0000] {logging_mixin.py:190} INFO - [2025-05-18T19:28:07.593+0000] {dagbag.py:588} INFO - Filling up the DagBag from /opt/airflow/dags/tmp.py
[2025-05-18T19:28:11.242+0000] {processor.py:925} INFO - DAG(s) 'update_crypto_all' retrieved from /opt/airflow/dags/tmp.py
[2025-05-18T19:28:11.277+0000] {logging_mixin.py:190} INFO - [2025-05-18T19:28:11.276+0000] {dag.py:3239} INFO - Sync 1 DAGs
[2025-05-18T19:28:11.323+0000] {logging_mixin.py:190} INFO - [2025-05-18T19:28:11.323+0000] {dag.py:4180} INFO - Setting next_dagrun for update_crypto_all to 2025-05-18 00:00:00+00:00, run_after=2025-05-19 00:00:00+00:00
[2025-05-18T19:28:11.355+0000] {processor.py:208} INFO - Processing /opt/airflow/dags/tmp.py took 3.780 seconds
[2025-05-18T19:28:41.472+0000] {processor.py:186} INFO - Started process (PID=3204) to work on /opt/airflow/dags/tmp.py
[2025-05-18T19:28:41.476+0000] {processor.py:914} INFO - Processing file /opt/airflow/dags/tmp.py for tasks to queue
[2025-05-18T19:28:41.481+0000] {logging_mixin.py:190} INFO - [2025-05-18T19:28:41.480+0000] {dagbag.py:588} INFO - Filling up the DagBag from /opt/airflow/dags/tmp.py
[2025-05-18T19:28:45.893+0000] {processor.py:925} INFO - DAG(s) 'update_crypto_all' retrieved from /opt/airflow/dags/tmp.py
[2025-05-18T19:28:45.918+0000] {logging_mixin.py:190} INFO - [2025-05-18T19:28:45.918+0000] {dag.py:3239} INFO - Sync 1 DAGs
[2025-05-18T19:28:45.990+0000] {logging_mixin.py:190} INFO - [2025-05-18T19:28:45.989+0000] {dag.py:4180} INFO - Setting next_dagrun for update_crypto_all to 2025-05-18 00:00:00+00:00, run_after=2025-05-19 00:00:00+00:00
[2025-05-18T19:28:46.060+0000] {processor.py:208} INFO - Processing /opt/airflow/dags/tmp.py took 4.613 seconds
[2025-05-18T19:29:16.983+0000] {processor.py:186} INFO - Started process (PID=3230) to work on /opt/airflow/dags/tmp.py
[2025-05-18T19:29:17.006+0000] {processor.py:914} INFO - Processing file /opt/airflow/dags/tmp.py for tasks to queue
[2025-05-18T19:29:17.009+0000] {logging_mixin.py:190} INFO - [2025-05-18T19:29:17.008+0000] {dagbag.py:588} INFO - Filling up the DagBag from /opt/airflow/dags/tmp.py
[2025-05-18T19:29:21.361+0000] {processor.py:925} INFO - DAG(s) 'update_crypto_all' retrieved from /opt/airflow/dags/tmp.py
[2025-05-18T19:29:21.396+0000] {logging_mixin.py:190} INFO - [2025-05-18T19:29:21.395+0000] {dag.py:3239} INFO - Sync 1 DAGs
[2025-05-18T19:29:21.469+0000] {logging_mixin.py:190} INFO - [2025-05-18T19:29:21.468+0000] {dag.py:4180} INFO - Setting next_dagrun for update_crypto_all to 2025-05-18 00:00:00+00:00, run_after=2025-05-19 00:00:00+00:00
[2025-05-18T19:29:21.495+0000] {processor.py:208} INFO - Processing /opt/airflow/dags/tmp.py took 4.523 seconds
